{"/Users/youarex/Documents/GitHub/titan-crm/backend/db.js": {"path":"/Users/youarex/Documents/GitHub/titan-crm/backend/db.js","statementMap":{"0":{"start":{"line":2,"column":17},"end":{"line":2,"column":30}},"1":{"start":{"line":3,"column":11},"end":{"line":3,"column":24}},"2":{"start":{"line":4,"column":13},"end":{"line":4,"column":28}},"3":{"start":{"line":7,"column":16},"end":{"line":7,"column":46}},"4":{"start":{"line":8,"column":19},"end":{"line":8,"column":51}},"5":{"start":{"line":9,"column":14},"end":{"line":9,"column":36}},"6":{"start":{"line":10,"column":16},"end":{"line":10,"column":18}},"7":{"start":{"line":11,"column":0},"end":{"line":18,"column":3}},"8":{"start":{"line":12,"column":2},"end":{"line":17,"column":3}},"9":{"start":{"line":13,"column":25},"end":{"line":13,"column":40}},"10":{"start":{"line":14,"column":4},"end":{"line":16,"column":5}},"11":{"start":{"line":15,"column":6},"end":{"line":15,"column":93}},"12":{"start":{"line":21,"column":23},"end":{"line":21,"column":82}},"13":{"start":{"line":22,"column":22},"end":{"line":22,"column":73}},"14":{"start":{"line":22,"column":55},"end":{"line":22,"column":72}},"15":{"start":{"line":24,"column":0},"end":{"line":29,"column":1}},"16":{"start":{"line":25,"column":2},"end":{"line":25,"column":88}},"17":{"start":{"line":26,"column":2},"end":{"line":26,"column":69}},"18":{"start":{"line":26,"column":35},"end":{"line":26,"column":67}},"19":{"start":{"line":27,"column":2},"end":{"line":27,"column":62}},"20":{"start":{"line":28,"column":2},"end":{"line":28,"column":18}},"21":{"start":{"line":31,"column":15},"end":{"line":37,"column":1}},"22":{"start":{"line":39,"column":13},"end":{"line":39,"column":29}},"23":{"start":{"line":42,"column":20},"end":{"line":56,"column":1}},"24":{"start":{"line":43,"column":2},"end":{"line":43,"column":49}},"25":{"start":{"line":43,"column":37},"end":{"line":43,"column":49}},"26":{"start":{"line":44,"column":2},"end":{"line":55,"column":5}},"27":{"start":{"line":45,"column":19},"end":{"line":45,"column":21}},"28":{"start":{"line":46,"column":4},"end":{"line":53,"column":5}},"29":{"start":{"line":47,"column":23},"end":{"line":51,"column":8}},"30":{"start":{"line":48,"column":8},"end":{"line":50,"column":28}},"31":{"start":{"line":52,"column":6},"end":{"line":52,"column":34}},"32":{"start":{"line":54,"column":4},"end":{"line":54,"column":18}},"33":{"start":{"line":58,"column":0},"end":{"line":73,"column":2}},"34":{"start":{"line":60,"column":18},"end":{"line":60,"column":28}},"35":{"start":{"line":61,"column":16},"end":{"line":61,"column":46}},"36":{"start":{"line":62,"column":21},"end":{"line":62,"column":39}},"37":{"start":{"line":64,"column":4},"end":{"line":64,"column":51}},"38":{"start":{"line":67,"column":4},"end":{"line":67,"column":32}},"39":{"start":{"line":71,"column":4},"end":{"line":71,"column":28}}},"fnMap":{"0":{"name":"(anonymous_0)","decl":{"start":{"line":11,"column":14},"end":{"line":11,"column":15}},"loc":{"start":{"line":11,"column":22},"end":{"line":18,"column":1}},"line":11},"1":{"name":"(anonymous_1)","decl":{"start":{"line":22,"column":44},"end":{"line":22,"column":45}},"loc":{"start":{"line":22,"column":55},"end":{"line":22,"column":72}},"line":22},"2":{"name":"(anonymous_2)","decl":{"start":{"line":26,"column":24},"end":{"line":26,"column":25}},"loc":{"start":{"line":26,"column":35},"end":{"line":26,"column":67}},"line":26},"3":{"name":"(anonymous_3)","decl":{"start":{"line":42,"column":20},"end":{"line":42,"column":21}},"loc":{"start":{"line":42,"column":30},"end":{"line":56,"column":1}},"line":42},"4":{"name":"(anonymous_4)","decl":{"start":{"line":44,"column":18},"end":{"line":44,"column":19}},"loc":{"start":{"line":44,"column":25},"end":{"line":55,"column":3}},"line":44},"5":{"name":"(anonymous_5)","decl":{"start":{"line":47,"column":52},"end":{"line":47,"column":53}},"loc":{"start":{"line":47,"column":60},"end":{"line":51,"column":7}},"line":47},"6":{"name":"(anonymous_6)","decl":{"start":{"line":59,"column":9},"end":{"line":59,"column":10}},"loc":{"start":{"line":59,"column":33},"end":{"line":65,"column":3}},"line":59},"7":{"name":"(anonymous_7)","decl":{"start":{"line":66,"column":13},"end":{"line":66,"column":14}},"loc":{"start":{"line":66,"column":25},"end":{"line":68,"column":3}},"line":66},"8":{"name":"(anonymous_8)","decl":{"start":{"line":70,"column":7},"end":{"line":70,"column":8}},"loc":{"start":{"line":70,"column":19},"end":{"line":72,"column":3}},"line":70}},"branchMap":{"0":{"loc":{"start":{"line":12,"column":2},"end":{"line":17,"column":3}},"type":"if","locations":[{"start":{"line":12,"column":2},"end":{"line":17,"column":3}},{"start":{},"end":{}}],"line":12},"1":{"loc":{"start":{"line":12,"column":6},"end":{"line":12,"column":42}},"type":"binary-expr","locations":[{"start":{"line":12,"column":6},"end":{"line":12,"column":17}},{"start":{"line":12,"column":21},"end":{"line":12,"column":42}}],"line":12},"2":{"loc":{"start":{"line":14,"column":4},"end":{"line":16,"column":5}},"type":"if","locations":[{"start":{"line":14,"column":4},"end":{"line":16,"column":5}},{"start":{},"end":{}}],"line":14},"3":{"loc":{"start":{"line":14,"column":8},"end":{"line":14,"column":20}},"type":"binary-expr","locations":[{"start":{"line":14,"column":8},"end":{"line":14,"column":11}},{"start":{"line":14,"column":15},"end":{"line":14,"column":20}}],"line":14},"4":{"loc":{"start":{"line":24,"column":0},"end":{"line":29,"column":1}},"type":"if","locations":[{"start":{"line":24,"column":0},"end":{"line":29,"column":1}},{"start":{},"end":{}}],"line":24},"5":{"loc":{"start":{"line":43,"column":2},"end":{"line":43,"column":49}},"type":"if","locations":[{"start":{"line":43,"column":2},"end":{"line":43,"column":49}},{"start":{},"end":{}}],"line":43},"6":{"loc":{"start":{"line":43,"column":6},"end":{"line":43,"column":35}},"type":"binary-expr","locations":[{"start":{"line":43,"column":6},"end":{"line":43,"column":11}},{"start":{"line":43,"column":15},"end":{"line":43,"column":35}}],"line":43}},"s":{"0":6,"1":6,"2":6,"3":6,"4":6,"5":6,"6":6,"7":6,"8":220,"9":90,"10":90,"11":90,"12":6,"13":6,"14":30,"15":6,"16":0,"17":0,"18":0,"19":0,"20":0,"21":6,"22":6,"23":6,"24":0,"25":0,"26":0,"27":0,"28":0,"29":0,"30":0,"31":0,"32":0,"33":6,"34":0,"35":0,"36":0,"37":0,"38":0,"39":0},"f":{"0":220,"1":30,"2":0,"3":0,"4":0,"5":0,"6":0,"7":0,"8":0},"b":{"0":[90,130],"1":[220,185],"2":[90,0],"3":[90,90],"4":[0,6],"5":[0,0],"6":[0,0]},"_coverageSchema":"1a1c01bbd47fc00a2c39e90264f33305004495a9","hash":"ec7cfc3287a25129a83e1445783c747235d687a6"}
,"/Users/youarex/Documents/GitHub/titan-crm/backend/config/paths.js": {"path":"/Users/youarex/Documents/GitHub/titan-crm/backend/config/paths.js","statementMap":{"0":{"start":{"line":1,"column":13},"end":{"line":1,"column":28}},"1":{"start":{"line":3,"column":0},"end":{"line":7,"column":2}}},"fnMap":{},"branchMap":{},"s":{"0":1,"1":1},"f":{},"b":{},"_coverageSchema":"1a1c01bbd47fc00a2c39e90264f33305004495a9","hash":"061d4b79df635c092552336e587b4d598542ed50"}
,"/Users/youarex/Documents/GitHub/titan-crm/backend/modules/administration/settings.js": {"path":"/Users/youarex/Documents/GitHub/titan-crm/backend/modules/administration/settings.js","statementMap":{"0":{"start":{"line":6,"column":22},"end":{"line":47,"column":1}},"1":{"start":{"line":49,"column":28},"end":{"line":75,"column":1}},"2":{"start":{"line":77,"column":28},"end":{"line":86,"column":1}},"3":{"start":{"line":88,"column":0},"end":{"line":92,"column":2}}},"fnMap":{},"branchMap":{},"s":{"0":2,"1":2,"2":2,"3":2},"f":{},"b":{},"_coverageSchema":"1a1c01bbd47fc00a2c39e90264f33305004495a9","hash":"1dd64a59ace6de234bf9dbd7d5480b134415043f"}
,"/Users/youarex/Documents/GitHub/titan-crm/backend/modules/administration/controllers/company.js": {"path":"/Users/youarex/Documents/GitHub/titan-crm/backend/modules/administration/controllers/company.js","statementMap":{"0":{"start":{"line":5,"column":23},"end":{"line":5,"column":60}},"1":{"start":{"line":6,"column":25},"end":{"line":6,"column":63}},"2":{"start":{"line":7,"column":64},"end":{"line":7,"column":105}},"3":{"start":{"line":13,"column":18},"end":{"line":13,"column":51}},"4":{"start":{"line":14,"column":2},"end":{"line":14,"column":28}},"5":{"start":{"line":21,"column":18},"end":{"line":21,"column":62}},"6":{"start":{"line":22,"column":2},"end":{"line":22,"column":28}},"7":{"start":{"line":29,"column":19},"end":{"line":29,"column":56}},"8":{"start":{"line":30,"column":2},"end":{"line":30,"column":29}},"9":{"start":{"line":37,"column":18},"end":{"line":37,"column":62}},"10":{"start":{"line":38,"column":2},"end":{"line":38,"column":28}},"11":{"start":{"line":45,"column":18},"end":{"line":45,"column":77}},"12":{"start":{"line":46,"column":2},"end":{"line":46,"column":59}},"13":{"start":{"line":46,"column":16},"end":{"line":46,"column":59}},"14":{"start":{"line":47,"column":2},"end":{"line":47,"column":28}},"15":{"start":{"line":54,"column":18},"end":{"line":54,"column":67}},"16":{"start":{"line":55,"column":2},"end":{"line":55,"column":59}},"17":{"start":{"line":55,"column":16},"end":{"line":55,"column":59}},"18":{"start":{"line":56,"column":2},"end":{"line":56,"column":19}},"19":{"start":{"line":59,"column":0},"end":{"line":66,"column":2}}},"fnMap":{"0":{"name":"getProfile","decl":{"start":{"line":12,"column":15},"end":{"line":12,"column":25}},"loc":{"start":{"line":12,"column":36},"end":{"line":15,"column":1}},"line":12},"1":{"name":"updateProfile","decl":{"start":{"line":20,"column":15},"end":{"line":20,"column":28}},"loc":{"start":{"line":20,"column":39},"end":{"line":23,"column":1}},"line":20},"2":{"name":"getAllAccounts","decl":{"start":{"line":28,"column":15},"end":{"line":28,"column":29}},"loc":{"start":{"line":28,"column":40},"end":{"line":31,"column":1}},"line":28},"3":{"name":"createAccount","decl":{"start":{"line":36,"column":15},"end":{"line":36,"column":28}},"loc":{"start":{"line":36,"column":39},"end":{"line":39,"column":1}},"line":36},"4":{"name":"updateAccount","decl":{"start":{"line":44,"column":15},"end":{"line":44,"column":28}},"loc":{"start":{"line":44,"column":39},"end":{"line":48,"column":1}},"line":44},"5":{"name":"removeAccount","decl":{"start":{"line":53,"column":15},"end":{"line":53,"column":28}},"loc":{"start":{"line":53,"column":39},"end":{"line":57,"column":1}},"line":53}},"branchMap":{"0":{"loc":{"start":{"line":46,"column":2},"end":{"line":46,"column":59}},"type":"if","locations":[{"start":{"line":46,"column":2},"end":{"line":46,"column":59}},{"start":{},"end":{}}],"line":46},"1":{"loc":{"start":{"line":55,"column":2},"end":{"line":55,"column":59}},"type":"if","locations":[{"start":{"line":55,"column":2},"end":{"line":55,"column":59}},{"start":{},"end":{}}],"line":55}},"s":{"0":1,"1":1,"2":1,"3":1,"4":1,"5":1,"6":1,"7":1,"8":1,"9":1,"10":1,"11":2,"12":2,"13":1,"14":1,"15":2,"16":2,"17":1,"18":1,"19":1},"f":{"0":1,"1":1,"2":1,"3":1,"4":2,"5":2},"b":{"0":[1,1],"1":[1,1]},"_coverageSchema":"1a1c01bbd47fc00a2c39e90264f33305004495a9","hash":"f96f45cb2f4f371c89215f36ce85274bfee35be8"}
,"/Users/youarex/Documents/GitHub/titan-crm/backend/modules/administration/controllers/departments.js": {"path":"/Users/youarex/Documents/GitHub/titan-crm/backend/modules/administration/controllers/departments.js","statementMap":{"0":{"start":{"line":5,"column":19},"end":{"line":5,"column":52}},"1":{"start":{"line":6,"column":25},"end":{"line":6,"column":63}},"2":{"start":{"line":7,"column":85},"end":{"line":7,"column":126}},"3":{"start":{"line":14,"column":22},"end":{"line":14,"column":58}},"4":{"start":{"line":15,"column":2},"end":{"line":15,"column":32}},"5":{"start":{"line":23,"column":21},"end":{"line":23,"column":64}},"6":{"start":{"line":24,"column":2},"end":{"line":24,"column":31}},"7":{"start":{"line":32,"column":21},"end":{"line":32,"column":79}},"8":{"start":{"line":33,"column":2},"end":{"line":33,"column":63}},"9":{"start":{"line":33,"column":19},"end":{"line":33,"column":63}},"10":{"start":{"line":34,"column":2},"end":{"line":34,"column":31}},"11":{"start":{"line":42,"column":2},"end":{"line":47,"column":3}},"12":{"start":{"line":43,"column":4},"end":{"line":43,"column":53}},"13":{"start":{"line":44,"column":4},"end":{"line":44,"column":21}},"14":{"start":{"line":46,"column":4},"end":{"line":46,"column":42}},"15":{"start":{"line":50,"column":0},"end":{"line":55,"column":2}}},"fnMap":{"0":{"name":"getAll","decl":{"start":{"line":13,"column":15},"end":{"line":13,"column":21}},"loc":{"start":{"line":13,"column":32},"end":{"line":16,"column":1}},"line":13},"1":{"name":"create","decl":{"start":{"line":22,"column":15},"end":{"line":22,"column":21}},"loc":{"start":{"line":22,"column":32},"end":{"line":25,"column":1}},"line":22},"2":{"name":"update","decl":{"start":{"line":31,"column":15},"end":{"line":31,"column":21}},"loc":{"start":{"line":31,"column":32},"end":{"line":35,"column":1}},"line":31},"3":{"name":"remove","decl":{"start":{"line":41,"column":15},"end":{"line":41,"column":21}},"loc":{"start":{"line":41,"column":32},"end":{"line":48,"column":1}},"line":41}},"branchMap":{"0":{"loc":{"start":{"line":33,"column":2},"end":{"line":33,"column":63}},"type":"if","locations":[{"start":{"line":33,"column":2},"end":{"line":33,"column":63}},{"start":{},"end":{}}],"line":33}},"s":{"0":1,"1":1,"2":1,"3":1,"4":1,"5":1,"6":1,"7":1,"8":1,"9":0,"10":1,"11":2,"12":2,"13":1,"14":1,"15":1},"f":{"0":1,"1":1,"2":1,"3":2},"b":{"0":[0,1]},"_coverageSchema":"1a1c01bbd47fc00a2c39e90264f33305004495a9","hash":"298951e5bde1d2081bcd1a213e2f5bc522dba2cf"}
,"/Users/youarex/Documents/GitHub/titan-crm/backend/modules/administration/controllers/employees.js": {"path":"/Users/youarex/Documents/GitHub/titan-crm/backend/modules/administration/controllers/employees.js","statementMap":{"0":{"start":{"line":5,"column":24},"end":{"line":5,"column":62}},"1":{"start":{"line":6,"column":25},"end":{"line":6,"column":63}},"2":{"start":{"line":7,"column":64},"end":{"line":7,"column":105}},"3":{"start":{"line":14,"column":20},"end":{"line":14,"column":68}},"4":{"start":{"line":15,"column":2},"end":{"line":15,"column":30}},"5":{"start":{"line":23,"column":19},"end":{"line":23,"column":71}},"6":{"start":{"line":24,"column":2},"end":{"line":24,"column":65}},"7":{"start":{"line":24,"column":17},"end":{"line":24,"column":65}},"8":{"start":{"line":25,"column":2},"end":{"line":25,"column":29}},"9":{"start":{"line":33,"column":19},"end":{"line":33,"column":65}},"10":{"start":{"line":34,"column":2},"end":{"line":34,"column":29}},"11":{"start":{"line":42,"column":19},"end":{"line":42,"column":80}},"12":{"start":{"line":43,"column":2},"end":{"line":43,"column":65}},"13":{"start":{"line":43,"column":17},"end":{"line":43,"column":65}},"14":{"start":{"line":44,"column":2},"end":{"line":44,"column":29}},"15":{"start":{"line":52,"column":18},"end":{"line":52,"column":69}},"16":{"start":{"line":53,"column":2},"end":{"line":53,"column":64}},"17":{"start":{"line":53,"column":16},"end":{"line":53,"column":64}},"18":{"start":{"line":54,"column":2},"end":{"line":54,"column":19}},"19":{"start":{"line":57,"column":0},"end":{"line":63,"column":2}}},"fnMap":{"0":{"name":"getAll","decl":{"start":{"line":13,"column":15},"end":{"line":13,"column":21}},"loc":{"start":{"line":13,"column":32},"end":{"line":16,"column":1}},"line":13},"1":{"name":"getById","decl":{"start":{"line":22,"column":15},"end":{"line":22,"column":22}},"loc":{"start":{"line":22,"column":33},"end":{"line":26,"column":1}},"line":22},"2":{"name":"create","decl":{"start":{"line":32,"column":15},"end":{"line":32,"column":21}},"loc":{"start":{"line":32,"column":32},"end":{"line":35,"column":1}},"line":32},"3":{"name":"update","decl":{"start":{"line":41,"column":15},"end":{"line":41,"column":21}},"loc":{"start":{"line":41,"column":32},"end":{"line":45,"column":1}},"line":41},"4":{"name":"remove","decl":{"start":{"line":51,"column":15},"end":{"line":51,"column":21}},"loc":{"start":{"line":51,"column":32},"end":{"line":55,"column":1}},"line":51}},"branchMap":{"0":{"loc":{"start":{"line":24,"column":2},"end":{"line":24,"column":65}},"type":"if","locations":[{"start":{"line":24,"column":2},"end":{"line":24,"column":65}},{"start":{},"end":{}}],"line":24},"1":{"loc":{"start":{"line":43,"column":2},"end":{"line":43,"column":65}},"type":"if","locations":[{"start":{"line":43,"column":2},"end":{"line":43,"column":65}},{"start":{},"end":{}}],"line":43},"2":{"loc":{"start":{"line":53,"column":2},"end":{"line":53,"column":64}},"type":"if","locations":[{"start":{"line":53,"column":2},"end":{"line":53,"column":64}},{"start":{},"end":{}}],"line":53}},"s":{"0":1,"1":1,"2":1,"3":1,"4":1,"5":2,"6":2,"7":1,"8":1,"9":1,"10":1,"11":2,"12":2,"13":1,"14":1,"15":2,"16":2,"17":1,"18":1,"19":1},"f":{"0":1,"1":2,"2":1,"3":2,"4":2},"b":{"0":[1,1],"1":[1,1],"2":[1,1]},"_coverageSchema":"1a1c01bbd47fc00a2c39e90264f33305004495a9","hash":"438bccf27bc8a2188941d472af6ed4998a06356a"}
,"/Users/youarex/Documents/GitHub/titan-crm/backend/modules/administration/controllers/permissions.js": {"path":"/Users/youarex/Documents/GitHub/titan-crm/backend/modules/administration/controllers/permissions.js","statementMap":{"0":{"start":{"line":5,"column":20},"end":{"line":5,"column":54}},"1":{"start":{"line":6,"column":25},"end":{"line":6,"column":63}},"2":{"start":{"line":7,"column":24},"end":{"line":7,"column":65}},"3":{"start":{"line":14,"column":22},"end":{"line":14,"column":59}},"4":{"start":{"line":15,"column":2},"end":{"line":15,"column":32}},"5":{"start":{"line":18,"column":0},"end":{"line":20,"column":2}}},"fnMap":{"0":{"name":"getAll","decl":{"start":{"line":13,"column":15},"end":{"line":13,"column":21}},"loc":{"start":{"line":13,"column":32},"end":{"line":16,"column":1}},"line":13}},"branchMap":{},"s":{"0":1,"1":1,"2":1,"3":1,"4":1,"5":1},"f":{"0":1},"b":{},"_coverageSchema":"1a1c01bbd47fc00a2c39e90264f33305004495a9","hash":"a5932115777dedc7cac240c5270722db9eeb0bd8"}
,"/Users/youarex/Documents/GitHub/titan-crm/backend/modules/administration/controllers/positions.js": {"path":"/Users/youarex/Documents/GitHub/titan-crm/backend/modules/administration/controllers/positions.js","statementMap":{"0":{"start":{"line":5,"column":19},"end":{"line":5,"column":52}},"1":{"start":{"line":6,"column":25},"end":{"line":6,"column":63}},"2":{"start":{"line":7,"column":85},"end":{"line":7,"column":126}},"3":{"start":{"line":14,"column":20},"end":{"line":14,"column":54}},"4":{"start":{"line":15,"column":2},"end":{"line":15,"column":30}},"5":{"start":{"line":23,"column":19},"end":{"line":23,"column":60}},"6":{"start":{"line":24,"column":2},"end":{"line":24,"column":29}},"7":{"start":{"line":32,"column":19},"end":{"line":32,"column":75}},"8":{"start":{"line":33,"column":2},"end":{"line":33,"column":66}},"9":{"start":{"line":33,"column":17},"end":{"line":33,"column":66}},"10":{"start":{"line":34,"column":2},"end":{"line":34,"column":29}},"11":{"start":{"line":42,"column":2},"end":{"line":47,"column":3}},"12":{"start":{"line":43,"column":4},"end":{"line":43,"column":51}},"13":{"start":{"line":44,"column":4},"end":{"line":44,"column":21}},"14":{"start":{"line":46,"column":4},"end":{"line":46,"column":42}},"15":{"start":{"line":50,"column":0},"end":{"line":55,"column":2}}},"fnMap":{"0":{"name":"getAll","decl":{"start":{"line":13,"column":15},"end":{"line":13,"column":21}},"loc":{"start":{"line":13,"column":32},"end":{"line":16,"column":1}},"line":13},"1":{"name":"create","decl":{"start":{"line":22,"column":15},"end":{"line":22,"column":21}},"loc":{"start":{"line":22,"column":32},"end":{"line":25,"column":1}},"line":22},"2":{"name":"update","decl":{"start":{"line":31,"column":15},"end":{"line":31,"column":21}},"loc":{"start":{"line":31,"column":32},"end":{"line":35,"column":1}},"line":31},"3":{"name":"remove","decl":{"start":{"line":41,"column":15},"end":{"line":41,"column":21}},"loc":{"start":{"line":41,"column":32},"end":{"line":48,"column":1}},"line":41}},"branchMap":{"0":{"loc":{"start":{"line":33,"column":2},"end":{"line":33,"column":66}},"type":"if","locations":[{"start":{"line":33,"column":2},"end":{"line":33,"column":66}},{"start":{},"end":{}}],"line":33}},"s":{"0":1,"1":1,"2":1,"3":1,"4":1,"5":1,"6":1,"7":1,"8":1,"9":0,"10":1,"11":2,"12":2,"13":1,"14":1,"15":1},"f":{"0":1,"1":1,"2":1,"3":2},"b":{"0":[0,1]},"_coverageSchema":"1a1c01bbd47fc00a2c39e90264f33305004495a9","hash":"7bdaa75dae5dc883051941364779ea11276dfbec"}
,"/Users/youarex/Documents/GitHub/titan-crm/backend/modules/administration/controllers/roles.js": {"path":"/Users/youarex/Documents/GitHub/titan-crm/backend/modules/administration/controllers/roles.js","statementMap":{"0":{"start":{"line":5,"column":20},"end":{"line":5,"column":54}},"1":{"start":{"line":6,"column":25},"end":{"line":6,"column":63}},"2":{"start":{"line":7,"column":85},"end":{"line":7,"column":126}},"3":{"start":{"line":14,"column":16},"end":{"line":14,"column":47}},"4":{"start":{"line":15,"column":2},"end":{"line":15,"column":26}},"5":{"start":{"line":23,"column":15},"end":{"line":23,"column":53}},"6":{"start":{"line":24,"column":2},"end":{"line":24,"column":25}},"7":{"start":{"line":32,"column":15},"end":{"line":32,"column":68}},"8":{"start":{"line":33,"column":2},"end":{"line":33,"column":56}},"9":{"start":{"line":33,"column":13},"end":{"line":33,"column":56}},"10":{"start":{"line":34,"column":2},"end":{"line":34,"column":25}},"11":{"start":{"line":42,"column":2},"end":{"line":47,"column":3}},"12":{"start":{"line":43,"column":4},"end":{"line":43,"column":48}},"13":{"start":{"line":44,"column":4},"end":{"line":44,"column":21}},"14":{"start":{"line":46,"column":4},"end":{"line":46,"column":42}},"15":{"start":{"line":50,"column":0},"end":{"line":55,"column":2}}},"fnMap":{"0":{"name":"getAll","decl":{"start":{"line":13,"column":15},"end":{"line":13,"column":21}},"loc":{"start":{"line":13,"column":32},"end":{"line":16,"column":1}},"line":13},"1":{"name":"create","decl":{"start":{"line":22,"column":15},"end":{"line":22,"column":21}},"loc":{"start":{"line":22,"column":32},"end":{"line":25,"column":1}},"line":22},"2":{"name":"update","decl":{"start":{"line":31,"column":15},"end":{"line":31,"column":21}},"loc":{"start":{"line":31,"column":32},"end":{"line":35,"column":1}},"line":31},"3":{"name":"remove","decl":{"start":{"line":41,"column":15},"end":{"line":41,"column":21}},"loc":{"start":{"line":41,"column":32},"end":{"line":48,"column":1}},"line":41}},"branchMap":{"0":{"loc":{"start":{"line":33,"column":2},"end":{"line":33,"column":56}},"type":"if","locations":[{"start":{"line":33,"column":2},"end":{"line":33,"column":56}},{"start":{},"end":{}}],"line":33}},"s":{"0":1,"1":1,"2":1,"3":1,"4":1,"5":1,"6":1,"7":2,"8":2,"9":1,"10":1,"11":2,"12":2,"13":1,"14":1,"15":1},"f":{"0":1,"1":1,"2":2,"3":2},"b":{"0":[1,1]},"_coverageSchema":"1a1c01bbd47fc00a2c39e90264f33305004495a9","hash":"8fac44914bfa401063f29a0729a8bd15fed39773"}
,"/Users/youarex/Documents/GitHub/titan-crm/backend/modules/administration/controllers/users.js": {"path":"/Users/youarex/Documents/GitHub/titan-crm/backend/modules/administration/controllers/users.js","statementMap":{"0":{"start":{"line":1,"column":20},"end":{"line":1,"column":54}},"1":{"start":{"line":2,"column":25},"end":{"line":2,"column":63}},"2":{"start":{"line":3,"column":24},"end":{"line":3,"column":65}},"3":{"start":{"line":9,"column":19},"end":{"line":13,"column":2}},"4":{"start":{"line":10,"column":20},"end":{"line":10,"column":49}},"5":{"start":{"line":11,"column":15},"end":{"line":11,"column":60}},"6":{"start":{"line":12,"column":2},"end":{"line":12,"column":73}},"7":{"start":{"line":19,"column":20},"end":{"line":25,"column":2}},"8":{"start":{"line":20,"column":15},"end":{"line":20,"column":55}},"9":{"start":{"line":21,"column":2},"end":{"line":23,"column":3}},"10":{"start":{"line":22,"column":4},"end":{"line":22,"column":63}},"11":{"start":{"line":24,"column":2},"end":{"line":24,"column":73}},"12":{"start":{"line":31,"column":18},"end":{"line":51,"column":2}},"13":{"start":{"line":32,"column":18},"end":{"line":36,"column":3}},"14":{"start":{"line":38,"column":2},"end":{"line":42,"column":3}},"15":{"start":{"line":39,"column":4},"end":{"line":39,"column":55}},"16":{"start":{"line":41,"column":4},"end":{"line":41,"column":29}},"17":{"start":{"line":44,"column":17},"end":{"line":44,"column":48}},"18":{"start":{"line":46,"column":2},"end":{"line":50,"column":5}},"19":{"start":{"line":57,"column":19},"end":{"line":61,"column":2}},"20":{"start":{"line":58,"column":20},"end":{"line":58,"column":49}},"21":{"start":{"line":59,"column":15},"end":{"line":59,"column":75}},"22":{"start":{"line":60,"column":2},"end":{"line":60,"column":73}},"23":{"start":{"line":67,"column":19},"end":{"line":71,"column":2}},"24":{"start":{"line":68,"column":20},"end":{"line":68,"column":49}},"25":{"start":{"line":69,"column":2},"end":{"line":69,"column":53}},"26":{"start":{"line":70,"column":2},"end":{"line":70,"column":71}},"27":{"start":{"line":77,"column":23},"end":{"line":87,"column":2}},"28":{"start":{"line":78,"column":20},"end":{"line":78,"column":49}},"29":{"start":{"line":79,"column":45},"end":{"line":79,"column":53}},"30":{"start":{"line":81,"column":2},"end":{"line":83,"column":3}},"31":{"start":{"line":82,"column":4},"end":{"line":82,"column":94}},"32":{"start":{"line":85,"column":17},"end":{"line":85,"column":107}},"33":{"start":{"line":86,"column":2},"end":{"line":86,"column":86}},"34":{"start":{"line":94,"column":21},"end":{"line":97,"column":2}},"35":{"start":{"line":95,"column":16},"end":{"line":95,"column":43}},"36":{"start":{"line":96,"column":2},"end":{"line":96,"column":25}},"37":{"start":{"line":103,"column":18},"end":{"line":108,"column":2}},"38":{"start":{"line":104,"column":18},"end":{"line":104,"column":81}},"39":{"start":{"line":105,"column":15},"end":{"line":105,"column":83}},"40":{"start":{"line":106,"column":2},"end":{"line":106,"column":80}},"41":{"start":{"line":106,"column":13},"end":{"line":106,"column":80}},"42":{"start":{"line":107,"column":2},"end":{"line":107,"column":43}},"43":{"start":{"line":114,"column":20},"end":{"line":119,"column":2}},"44":{"start":{"line":115,"column":18},"end":{"line":115,"column":81}},"45":{"start":{"line":116,"column":15},"end":{"line":116,"column":68}},"46":{"start":{"line":117,"column":2},"end":{"line":117,"column":80}},"47":{"start":{"line":117,"column":13},"end":{"line":117,"column":80}},"48":{"start":{"line":118,"column":2},"end":{"line":118,"column":43}},"49":{"start":{"line":121,"column":0},"end":{"line":131,"column":2}}},"fnMap":{"0":{"name":"(anonymous_0)","decl":{"start":{"line":9,"column":32},"end":{"line":9,"column":33}},"loc":{"start":{"line":9,"column":52},"end":{"line":13,"column":1}},"line":9},"1":{"name":"(anonymous_1)","decl":{"start":{"line":19,"column":33},"end":{"line":19,"column":34}},"loc":{"start":{"line":19,"column":53},"end":{"line":25,"column":1}},"line":19},"2":{"name":"(anonymous_2)","decl":{"start":{"line":31,"column":31},"end":{"line":31,"column":32}},"loc":{"start":{"line":31,"column":51},"end":{"line":51,"column":1}},"line":31},"3":{"name":"(anonymous_3)","decl":{"start":{"line":57,"column":32},"end":{"line":57,"column":33}},"loc":{"start":{"line":57,"column":52},"end":{"line":61,"column":1}},"line":57},"4":{"name":"(anonymous_4)","decl":{"start":{"line":67,"column":32},"end":{"line":67,"column":33}},"loc":{"start":{"line":67,"column":52},"end":{"line":71,"column":1}},"line":67},"5":{"name":"(anonymous_5)","decl":{"start":{"line":77,"column":36},"end":{"line":77,"column":37}},"loc":{"start":{"line":77,"column":56},"end":{"line":87,"column":1}},"line":77},"6":{"name":"(anonymous_6)","decl":{"start":{"line":94,"column":34},"end":{"line":94,"column":35}},"loc":{"start":{"line":94,"column":54},"end":{"line":97,"column":1}},"line":94},"7":{"name":"(anonymous_7)","decl":{"start":{"line":103,"column":31},"end":{"line":103,"column":32}},"loc":{"start":{"line":103,"column":51},"end":{"line":108,"column":1}},"line":103},"8":{"name":"(anonymous_8)","decl":{"start":{"line":114,"column":33},"end":{"line":114,"column":34}},"loc":{"start":{"line":114,"column":53},"end":{"line":119,"column":1}},"line":114}},"branchMap":{"0":{"loc":{"start":{"line":10,"column":20},"end":{"line":10,"column":49}},"type":"cond-expr","locations":[{"start":{"line":10,"column":31},"end":{"line":10,"column":42}},{"start":{"line":10,"column":45},"end":{"line":10,"column":49}}],"line":10},"1":{"loc":{"start":{"line":21,"column":2},"end":{"line":23,"column":3}},"type":"if","locations":[{"start":{"line":21,"column":2},"end":{"line":23,"column":3}},{"start":{},"end":{}}],"line":21},"2":{"loc":{"start":{"line":33,"column":10},"end":{"line":33,"column":43}},"type":"binary-expr","locations":[{"start":{"line":33,"column":10},"end":{"line":33,"column":38}},{"start":{"line":33,"column":42},"end":{"line":33,"column":43}}],"line":33},"3":{"loc":{"start":{"line":34,"column":11},"end":{"line":34,"column":46}},"type":"binary-expr","locations":[{"start":{"line":34,"column":11},"end":{"line":34,"column":40}},{"start":{"line":34,"column":44},"end":{"line":34,"column":46}}],"line":34},"4":{"loc":{"start":{"line":38,"column":2},"end":{"line":42,"column":3}},"type":"if","locations":[{"start":{"line":38,"column":2},"end":{"line":42,"column":3}},{"start":{"line":40,"column":9},"end":{"line":42,"column":3}}],"line":38},"5":{"loc":{"start":{"line":58,"column":20},"end":{"line":58,"column":49}},"type":"cond-expr","locations":[{"start":{"line":58,"column":31},"end":{"line":58,"column":42}},{"start":{"line":58,"column":45},"end":{"line":58,"column":49}}],"line":58},"6":{"loc":{"start":{"line":68,"column":20},"end":{"line":68,"column":49}},"type":"cond-expr","locations":[{"start":{"line":68,"column":31},"end":{"line":68,"column":42}},{"start":{"line":68,"column":45},"end":{"line":68,"column":49}}],"line":68},"7":{"loc":{"start":{"line":78,"column":20},"end":{"line":78,"column":49}},"type":"cond-expr","locations":[{"start":{"line":78,"column":31},"end":{"line":78,"column":42}},{"start":{"line":78,"column":45},"end":{"line":78,"column":49}}],"line":78},"8":{"loc":{"start":{"line":81,"column":2},"end":{"line":83,"column":3}},"type":"if","locations":[{"start":{"line":81,"column":2},"end":{"line":83,"column":3}},{"start":{},"end":{}}],"line":81},"9":{"loc":{"start":{"line":81,"column":6},"end":{"line":81,"column":40}},"type":"binary-expr","locations":[{"start":{"line":81,"column":6},"end":{"line":81,"column":23}},{"start":{"line":81,"column":27},"end":{"line":81,"column":40}}],"line":81},"10":{"loc":{"start":{"line":104,"column":18},"end":{"line":104,"column":81}},"type":"cond-expr","locations":[{"start":{"line":104,"column":29},"end":{"line":104,"column":40}},{"start":{"line":104,"column":44},"end":{"line":104,"column":80}}],"line":104},"11":{"loc":{"start":{"line":104,"column":44},"end":{"line":104,"column":80}},"type":"binary-expr","locations":[{"start":{"line":104,"column":44},"end":{"line":104,"column":68}},{"start":{"line":104,"column":72},"end":{"line":104,"column":80}}],"line":104},"12":{"loc":{"start":{"line":106,"column":2},"end":{"line":106,"column":80}},"type":"if","locations":[{"start":{"line":106,"column":2},"end":{"line":106,"column":80}},{"start":{},"end":{}}],"line":106},"13":{"loc":{"start":{"line":115,"column":18},"end":{"line":115,"column":81}},"type":"cond-expr","locations":[{"start":{"line":115,"column":29},"end":{"line":115,"column":40}},{"start":{"line":115,"column":44},"end":{"line":115,"column":80}}],"line":115},"14":{"loc":{"start":{"line":115,"column":44},"end":{"line":115,"column":80}},"type":"binary-expr","locations":[{"start":{"line":115,"column":44},"end":{"line":115,"column":68}},{"start":{"line":115,"column":72},"end":{"line":115,"column":80}}],"line":115},"15":{"loc":{"start":{"line":117,"column":2},"end":{"line":117,"column":80}},"type":"if","locations":[{"start":{"line":117,"column":2},"end":{"line":117,"column":80}},{"start":{},"end":{}}],"line":117}},"s":{"0":1,"1":1,"2":1,"3":1,"4":1,"5":1,"6":1,"7":1,"8":2,"9":2,"10":1,"11":1,"12":1,"13":1,"14":1,"15":0,"16":1,"17":1,"18":1,"19":1,"20":1,"21":1,"22":1,"23":1,"24":1,"25":1,"26":1,"27":1,"28":2,"29":2,"30":2,"31":1,"32":1,"33":1,"34":1,"35":0,"36":0,"37":1,"38":0,"39":0,"40":0,"41":0,"42":0,"43":1,"44":0,"45":0,"46":0,"47":0,"48":0,"49":1},"f":{"0":1,"1":2,"2":1,"3":1,"4":1,"5":2,"6":0,"7":0,"8":0},"b":{"0":[1,0],"1":[1,1],"2":[1,1],"3":[1,1],"4":[0,1],"5":[1,0],"6":[1,0],"7":[2,0],"8":[1,1],"9":[2,1],"10":[0,0],"11":[0,0],"12":[0,0],"13":[0,0],"14":[0,0],"15":[0,0]},"_coverageSchema":"1a1c01bbd47fc00a2c39e90264f33305004495a9","hash":"994c6c78d420f57cf1592ee385c087434506912c"}
,"/Users/youarex/Documents/GitHub/titan-crm/backend/modules/administration/routes/company.js": {"path":"/Users/youarex/Documents/GitHub/titan-crm/backend/modules/administration/routes/company.js","statementMap":{"0":{"start":{"line":5,"column":16},"end":{"line":5,"column":34}},"1":{"start":{"line":6,"column":15},"end":{"line":6,"column":31}},"2":{"start":{"line":7,"column":26},"end":{"line":7,"column":59}},"3":{"start":{"line":8,"column":23},"end":{"line":8,"column":60}},"4":{"start":{"line":9,"column":25},"end":{"line":9,"column":63}},"5":{"start":{"line":10,"column":24},"end":{"line":10,"column":65}},"6":{"start":{"line":13,"column":0},"end":{"line":16,"column":4}},"7":{"start":{"line":14,"column":18},"end":{"line":14,"column":51}},"8":{"start":{"line":15,"column":2},"end":{"line":15,"column":32}},"9":{"start":{"line":19,"column":0},"end":{"line":19,"column":53}},"10":{"start":{"line":20,"column":0},"end":{"line":20,"column":56}},"11":{"start":{"line":23,"column":0},"end":{"line":23,"column":58}},"12":{"start":{"line":24,"column":0},"end":{"line":24,"column":58}},"13":{"start":{"line":25,"column":0},"end":{"line":25,"column":61}},"14":{"start":{"line":26,"column":0},"end":{"line":26,"column":64}},"15":{"start":{"line":28,"column":0},"end":{"line":28,"column":24}}},"fnMap":{"0":{"name":"(anonymous_0)","decl":{"start":{"line":13,"column":29},"end":{"line":13,"column":30}},"loc":{"start":{"line":13,"column":49},"end":{"line":16,"column":1}},"line":13}},"branchMap":{},"s":{"0":1,"1":1,"2":1,"3":1,"4":1,"5":1,"6":1,"7":1,"8":1,"9":1,"10":1,"11":1,"12":1,"13":1,"14":1,"15":1},"f":{"0":1},"b":{},"_coverageSchema":"1a1c01bbd47fc00a2c39e90264f33305004495a9","hash":"894eb2b6493d13af0471e539be260ed9f80832c4"}
,"/Users/youarex/Documents/GitHub/titan-crm/backend/modules/administration/routes/employees.js": {"path":"/Users/youarex/Documents/GitHub/titan-crm/backend/modules/administration/routes/employees.js","statementMap":{"0":{"start":{"line":5,"column":16},"end":{"line":5,"column":34}},"1":{"start":{"line":6,"column":15},"end":{"line":6,"column":31}},"2":{"start":{"line":7,"column":28},"end":{"line":7,"column":63}},"3":{"start":{"line":8,"column":27},"end":{"line":8,"column":62}},"4":{"start":{"line":9,"column":24},"end":{"line":9,"column":70}},"5":{"start":{"line":12,"column":0},"end":{"line":12,"column":27}},"6":{"start":{"line":14,"column":0},"end":{"line":14,"column":79}},"7":{"start":{"line":15,"column":0},"end":{"line":15,"column":83}},"8":{"start":{"line":16,"column":0},"end":{"line":16,"column":81}},"9":{"start":{"line":17,"column":0},"end":{"line":17,"column":83}},"10":{"start":{"line":18,"column":0},"end":{"line":18,"column":87}},"11":{"start":{"line":20,"column":0},"end":{"line":20,"column":24}}},"fnMap":{},"branchMap":{},"s":{"0":1,"1":1,"2":1,"3":1,"4":1,"5":1,"6":1,"7":1,"8":1,"9":1,"10":1,"11":1},"f":{},"b":{},"_coverageSchema":"1a1c01bbd47fc00a2c39e90264f33305004495a9","hash":"865e595873e85f4b61a355b61ce13748754fd8ae"}
,"/Users/youarex/Documents/GitHub/titan-crm/backend/modules/administration/routes/org.js": {"path":"/Users/youarex/Documents/GitHub/titan-crm/backend/modules/administration/routes/org.js","statementMap":{"0":{"start":{"line":5,"column":16},"end":{"line":5,"column":34}},"1":{"start":{"line":6,"column":15},"end":{"line":6,"column":31}},"2":{"start":{"line":7,"column":30},"end":{"line":7,"column":67}},"3":{"start":{"line":8,"column":28},"end":{"line":8,"column":63}},"4":{"start":{"line":9,"column":19},"end":{"line":9,"column":52}},"5":{"start":{"line":10,"column":27},"end":{"line":10,"column":62}},"6":{"start":{"line":11,"column":24},"end":{"line":11,"column":70}},"7":{"start":{"line":12,"column":25},"end":{"line":12,"column":63}},"8":{"start":{"line":13,"column":24},"end":{"line":13,"column":65}},"9":{"start":{"line":16,"column":0},"end":{"line":16,"column":27}},"10":{"start":{"line":19,"column":0},"end":{"line":22,"column":4}},"11":{"start":{"line":20,"column":15},"end":{"line":20,"column":44}},"12":{"start":{"line":21,"column":2},"end":{"line":21,"column":25}},"13":{"start":{"line":25,"column":0},"end":{"line":25,"column":92}},"14":{"start":{"line":26,"column":0},"end":{"line":26,"column":94}},"15":{"start":{"line":27,"column":0},"end":{"line":27,"column":97}},"16":{"start":{"line":28,"column":0},"end":{"line":28,"column":101}},"17":{"start":{"line":31,"column":0},"end":{"line":31,"column":88}},"18":{"start":{"line":32,"column":0},"end":{"line":32,"column":90}},"19":{"start":{"line":33,"column":0},"end":{"line":33,"column":93}},"20":{"start":{"line":34,"column":0},"end":{"line":34,"column":97}},"21":{"start":{"line":36,"column":0},"end":{"line":36,"column":24}}},"fnMap":{"0":{"name":"(anonymous_0)","decl":{"start":{"line":19,"column":64},"end":{"line":19,"column":65}},"loc":{"start":{"line":19,"column":84},"end":{"line":22,"column":1}},"line":19}},"branchMap":{},"s":{"0":1,"1":1,"2":1,"3":1,"4":1,"5":1,"6":1,"7":1,"8":1,"9":1,"10":1,"11":1,"12":1,"13":1,"14":1,"15":1,"16":1,"17":1,"18":1,"19":1,"20":1,"21":1},"f":{"0":1},"b":{},"_coverageSchema":"1a1c01bbd47fc00a2c39e90264f33305004495a9","hash":"cb7d8b5f54788179cd13b9e36367654c463110cc"}
,"/Users/youarex/Documents/GitHub/titan-crm/backend/modules/administration/routes/permissions.js": {"path":"/Users/youarex/Documents/GitHub/titan-crm/backend/modules/administration/routes/permissions.js","statementMap":{"0":{"start":{"line":5,"column":16},"end":{"line":5,"column":34}},"1":{"start":{"line":6,"column":15},"end":{"line":6,"column":31}},"2":{"start":{"line":7,"column":30},"end":{"line":7,"column":67}},"3":{"start":{"line":8,"column":27},"end":{"line":8,"column":62}},"4":{"start":{"line":9,"column":24},"end":{"line":9,"column":70}},"5":{"start":{"line":12,"column":0},"end":{"line":12,"column":27}},"6":{"start":{"line":14,"column":0},"end":{"line":14,"column":77}},"7":{"start":{"line":16,"column":0},"end":{"line":16,"column":24}}},"fnMap":{},"branchMap":{},"s":{"0":1,"1":1,"2":1,"3":1,"4":1,"5":1,"6":1,"7":1},"f":{},"b":{},"_coverageSchema":"1a1c01bbd47fc00a2c39e90264f33305004495a9","hash":"cb23c16cf761aacad659cac46b0809bd39ef729b"}
,"/Users/youarex/Documents/GitHub/titan-crm/backend/modules/administration/routes/roles.js": {"path":"/Users/youarex/Documents/GitHub/titan-crm/backend/modules/administration/routes/roles.js","statementMap":{"0":{"start":{"line":5,"column":16},"end":{"line":5,"column":34}},"1":{"start":{"line":6,"column":15},"end":{"line":6,"column":31}},"2":{"start":{"line":7,"column":24},"end":{"line":7,"column":55}},"3":{"start":{"line":8,"column":27},"end":{"line":8,"column":62}},"4":{"start":{"line":9,"column":24},"end":{"line":9,"column":70}},"5":{"start":{"line":12,"column":0},"end":{"line":12,"column":27}},"6":{"start":{"line":14,"column":0},"end":{"line":14,"column":71}},"7":{"start":{"line":15,"column":0},"end":{"line":15,"column":73}},"8":{"start":{"line":16,"column":0},"end":{"line":16,"column":75}},"9":{"start":{"line":17,"column":0},"end":{"line":17,"column":79}},"10":{"start":{"line":19,"column":0},"end":{"line":19,"column":24}}},"fnMap":{},"branchMap":{},"s":{"0":1,"1":1,"2":1,"3":1,"4":1,"5":1,"6":1,"7":1,"8":1,"9":1,"10":1},"f":{},"b":{},"_coverageSchema":"1a1c01bbd47fc00a2c39e90264f33305004495a9","hash":"9417b331e32278922dc30c1103d1f706b8b55ca0"}
,"/Users/youarex/Documents/GitHub/titan-crm/backend/modules/administration/routes/users.js": {"path":"/Users/youarex/Documents/GitHub/titan-crm/backend/modules/administration/routes/users.js","statementMap":{"0":{"start":{"line":1,"column":16},"end":{"line":1,"column":34}},"1":{"start":{"line":2,"column":15},"end":{"line":2,"column":31}},"2":{"start":{"line":3,"column":24},"end":{"line":3,"column":55}},"3":{"start":{"line":4,"column":27},"end":{"line":4,"column":62}},"4":{"start":{"line":5,"column":24},"end":{"line":5,"column":70}},"5":{"start":{"line":8,"column":0},"end":{"line":8,"column":27}},"6":{"start":{"line":13,"column":0},"end":{"line":13,"column":77}},"7":{"start":{"line":16,"column":0},"end":{"line":16,"column":83}},"8":{"start":{"line":19,"column":0},"end":{"line":19,"column":80}},"9":{"start":{"line":22,"column":0},"end":{"line":22,"column":77}},"10":{"start":{"line":25,"column":0},"end":{"line":25,"column":79}},"11":{"start":{"line":28,"column":0},"end":{"line":28,"column":81}},"12":{"start":{"line":31,"column":0},"end":{"line":31,"column":79}},"13":{"start":{"line":34,"column":0},"end":{"line":34,"column":83}},"14":{"start":{"line":37,"column":0},"end":{"line":37,"column":138}},"15":{"start":{"line":42,"column":0},"end":{"line":42,"column":85}},"16":{"start":{"line":45,"column":0},"end":{"line":45,"column":89}},"17":{"start":{"line":47,"column":0},"end":{"line":47,"column":24}}},"fnMap":{},"branchMap":{},"s":{"0":1,"1":1,"2":1,"3":1,"4":1,"5":1,"6":1,"7":1,"8":1,"9":1,"10":1,"11":1,"12":1,"13":1,"14":1,"15":1,"16":1,"17":1},"f":{},"b":{},"_coverageSchema":"1a1c01bbd47fc00a2c39e90264f33305004495a9","hash":"18e167b723b4bbe0c9a204d08a6b6fd565e354c9"}
,"/Users/youarex/Documents/GitHub/titan-crm/backend/modules/administration/services/companyService.js": {"path":"/Users/youarex/Documents/GitHub/titan-crm/backend/modules/administration/services/companyService.js","statementMap":{"0":{"start":{"line":5,"column":11},"end":{"line":5,"column":33}},"1":{"start":{"line":11,"column":19},"end":{"line":11,"column":86}},"2":{"start":{"line":12,"column":2},"end":{"line":12,"column":23}},"3":{"start":{"line":24,"column":6},"end":{"line":24,"column":10}},"4":{"start":{"line":26,"column":29},"end":{"line":26,"column":85}},"5":{"start":{"line":28,"column":2},"end":{"line":38,"column":3}},"6":{"start":{"line":29,"column":21},"end":{"line":36,"column":85}},"7":{"start":{"line":37,"column":4},"end":{"line":37,"column":19}},"8":{"start":{"line":40,"column":19},"end":{"line":50,"column":22}},"9":{"start":{"line":52,"column":2},"end":{"line":52,"column":17}},"10":{"start":{"line":59,"column":19},"end":{"line":64,"column":4}},"11":{"start":{"line":65,"column":2},"end":{"line":65,"column":14}},"12":{"start":{"line":76,"column":6},"end":{"line":76,"column":10}},"13":{"start":{"line":78,"column":2},"end":{"line":80,"column":3}},"14":{"start":{"line":79,"column":4},"end":{"line":79,"column":67}},"15":{"start":{"line":82,"column":19},"end":{"line":87,"column":109}},"16":{"start":{"line":89,"column":2},"end":{"line":89,"column":17}},"17":{"start":{"line":100,"column":6},"end":{"line":100,"column":10}},"18":{"start":{"line":102,"column":2},"end":{"line":104,"column":3}},"19":{"start":{"line":103,"column":4},"end":{"line":103,"column":86}},"20":{"start":{"line":106,"column":19},"end":{"line":113,"column":113}},"21":{"start":{"line":115,"column":2},"end":{"line":115,"column":25}},"22":{"start":{"line":122,"column":23},"end":{"line":122,"column":87}},"23":{"start":{"line":123,"column":2},"end":{"line":123,"column":22}},"24":{"start":{"line":126,"column":0},"end":{"line":133,"column":2}}},"fnMap":{"0":{"name":"getProfile","decl":{"start":{"line":10,"column":15},"end":{"line":10,"column":25}},"loc":{"start":{"line":10,"column":28},"end":{"line":13,"column":1}},"line":10},"1":{"name":"updateProfile","decl":{"start":{"line":18,"column":15},"end":{"line":18,"column":28}},"loc":{"start":{"line":18,"column":35},"end":{"line":53,"column":1}},"line":18},"2":{"name":"getAllAccounts","decl":{"start":{"line":58,"column":15},"end":{"line":58,"column":29}},"loc":{"start":{"line":58,"column":32},"end":{"line":66,"column":1}},"line":58},"3":{"name":"createAccount","decl":{"start":{"line":71,"column":15},"end":{"line":71,"column":28}},"loc":{"start":{"line":71,"column":35},"end":{"line":90,"column":1}},"line":71},"4":{"name":"updateAccount","decl":{"start":{"line":95,"column":15},"end":{"line":95,"column":28}},"loc":{"start":{"line":95,"column":39},"end":{"line":116,"column":1}},"line":95},"5":{"name":"deleteAccount","decl":{"start":{"line":121,"column":15},"end":{"line":121,"column":28}},"loc":{"start":{"line":121,"column":33},"end":{"line":124,"column":1}},"line":121}},"branchMap":{"0":{"loc":{"start":{"line":12,"column":9},"end":{"line":12,"column":22}},"type":"binary-expr","locations":[{"start":{"line":12,"column":9},"end":{"line":12,"column":16}},{"start":{"line":12,"column":20},"end":{"line":12,"column":22}}],"line":12},"1":{"loc":{"start":{"line":20,"column":4},"end":{"line":20,"column":18}},"type":"default-arg","locations":[{"start":{"line":20,"column":16},"end":{"line":20,"column":18}}],"line":20},"2":{"loc":{"start":{"line":20,"column":20},"end":{"line":20,"column":35}},"type":"default-arg","locations":[{"start":{"line":20,"column":33},"end":{"line":20,"column":35}}],"line":20},"3":{"loc":{"start":{"line":20,"column":37},"end":{"line":20,"column":55}},"type":"default-arg","locations":[{"start":{"line":20,"column":53},"end":{"line":20,"column":55}}],"line":20},"4":{"loc":{"start":{"line":20,"column":57},"end":{"line":20,"column":76}},"type":"default-arg","locations":[{"start":{"line":20,"column":74},"end":{"line":20,"column":76}}],"line":20},"5":{"loc":{"start":{"line":21,"column":4},"end":{"line":21,"column":12}},"type":"default-arg","locations":[{"start":{"line":21,"column":10},"end":{"line":21,"column":12}}],"line":21},"6":{"loc":{"start":{"line":21,"column":14},"end":{"line":21,"column":22}},"type":"default-arg","locations":[{"start":{"line":21,"column":20},"end":{"line":21,"column":22}}],"line":21},"7":{"loc":{"start":{"line":21,"column":24},"end":{"line":21,"column":33}},"type":"default-arg","locations":[{"start":{"line":21,"column":31},"end":{"line":21,"column":33}}],"line":21},"8":{"loc":{"start":{"line":21,"column":35},"end":{"line":21,"column":43}},"type":"default-arg","locations":[{"start":{"line":21,"column":41},"end":{"line":21,"column":43}}],"line":21},"9":{"loc":{"start":{"line":22,"column":4},"end":{"line":22,"column":21}},"type":"default-arg","locations":[{"start":{"line":22,"column":19},"end":{"line":22,"column":21}}],"line":22},"10":{"loc":{"start":{"line":22,"column":23},"end":{"line":22,"column":40}},"type":"default-arg","locations":[{"start":{"line":22,"column":38},"end":{"line":22,"column":40}}],"line":22},"11":{"loc":{"start":{"line":22,"column":42},"end":{"line":22,"column":56}},"type":"default-arg","locations":[{"start":{"line":22,"column":54},"end":{"line":22,"column":56}}],"line":22},"12":{"loc":{"start":{"line":23,"column":4},"end":{"line":23,"column":14}},"type":"default-arg","locations":[{"start":{"line":23,"column":12},"end":{"line":23,"column":14}}],"line":23},"13":{"loc":{"start":{"line":23,"column":16},"end":{"line":23,"column":26}},"type":"default-arg","locations":[{"start":{"line":23,"column":24},"end":{"line":23,"column":26}}],"line":23},"14":{"loc":{"start":{"line":23,"column":28},"end":{"line":23,"column":40}},"type":"default-arg","locations":[{"start":{"line":23,"column":38},"end":{"line":23,"column":40}}],"line":23},"15":{"loc":{"start":{"line":23,"column":42},"end":{"line":23,"column":55}},"type":"default-arg","locations":[{"start":{"line":23,"column":53},"end":{"line":23,"column":55}}],"line":23},"16":{"loc":{"start":{"line":28,"column":2},"end":{"line":38,"column":3}},"type":"if","locations":[{"start":{"line":28,"column":2},"end":{"line":38,"column":3}},{"start":{},"end":{}}],"line":28},"17":{"loc":{"start":{"line":73,"column":10},"end":{"line":73,"column":26}},"type":"default-arg","locations":[{"start":{"line":73,"column":24},"end":{"line":73,"column":26}}],"line":73},"18":{"loc":{"start":{"line":73,"column":28},"end":{"line":73,"column":47}},"type":"default-arg","locations":[{"start":{"line":73,"column":42},"end":{"line":73,"column":47}}],"line":73},"19":{"loc":{"start":{"line":74,"column":4},"end":{"line":74,"column":25}},"type":"default-arg","locations":[{"start":{"line":74,"column":19},"end":{"line":74,"column":25}}],"line":74},"20":{"loc":{"start":{"line":74,"column":27},"end":{"line":74,"column":41}},"type":"default-arg","locations":[{"start":{"line":74,"column":39},"end":{"line":74,"column":41}}],"line":74},"21":{"loc":{"start":{"line":74,"column":43},"end":{"line":74,"column":62}},"type":"default-arg","locations":[{"start":{"line":74,"column":60},"end":{"line":74,"column":62}}],"line":74},"22":{"loc":{"start":{"line":75,"column":4},"end":{"line":75,"column":22}},"type":"default-arg","locations":[{"start":{"line":75,"column":17},"end":{"line":75,"column":22}}],"line":75},"23":{"loc":{"start":{"line":75,"column":24},"end":{"line":75,"column":40}},"type":"default-arg","locations":[{"start":{"line":75,"column":36},"end":{"line":75,"column":40}}],"line":75},"24":{"loc":{"start":{"line":78,"column":2},"end":{"line":80,"column":3}},"type":"if","locations":[{"start":{"line":78,"column":2},"end":{"line":80,"column":3}},{"start":{},"end":{}}],"line":78},"25":{"loc":{"start":{"line":97,"column":10},"end":{"line":97,"column":26}},"type":"default-arg","locations":[{"start":{"line":97,"column":24},"end":{"line":97,"column":26}}],"line":97},"26":{"loc":{"start":{"line":97,"column":28},"end":{"line":97,"column":47}},"type":"default-arg","locations":[{"start":{"line":97,"column":42},"end":{"line":97,"column":47}}],"line":97},"27":{"loc":{"start":{"line":98,"column":4},"end":{"line":98,"column":25}},"type":"default-arg","locations":[{"start":{"line":98,"column":19},"end":{"line":98,"column":25}}],"line":98},"28":{"loc":{"start":{"line":98,"column":27},"end":{"line":98,"column":41}},"type":"default-arg","locations":[{"start":{"line":98,"column":39},"end":{"line":98,"column":41}}],"line":98},"29":{"loc":{"start":{"line":98,"column":43},"end":{"line":98,"column":62}},"type":"default-arg","locations":[{"start":{"line":98,"column":60},"end":{"line":98,"column":62}}],"line":98},"30":{"loc":{"start":{"line":99,"column":4},"end":{"line":99,"column":22}},"type":"default-arg","locations":[{"start":{"line":99,"column":17},"end":{"line":99,"column":22}}],"line":99},"31":{"loc":{"start":{"line":99,"column":24},"end":{"line":99,"column":40}},"type":"default-arg","locations":[{"start":{"line":99,"column":36},"end":{"line":99,"column":40}}],"line":99},"32":{"loc":{"start":{"line":102,"column":2},"end":{"line":104,"column":3}},"type":"if","locations":[{"start":{"line":102,"column":2},"end":{"line":104,"column":3}},{"start":{},"end":{}}],"line":102},"33":{"loc":{"start":{"line":115,"column":9},"end":{"line":115,"column":24}},"type":"binary-expr","locations":[{"start":{"line":115,"column":9},"end":{"line":115,"column":16}},{"start":{"line":115,"column":20},"end":{"line":115,"column":24}}],"line":115}},"s":{"0":1,"1":0,"2":0,"3":0,"4":0,"5":0,"6":0,"7":0,"8":0,"9":0,"10":0,"11":0,"12":0,"13":0,"14":0,"15":0,"16":0,"17":0,"18":0,"19":0,"20":0,"21":0,"22":0,"23":0,"24":1},"f":{"0":0,"1":0,"2":0,"3":0,"4":0,"5":0},"b":{"0":[0,0],"1":[0],"2":[0],"3":[0],"4":[0],"5":[0],"6":[0],"7":[0],"8":[0],"9":[0],"10":[0],"11":[0],"12":[0],"13":[0],"14":[0],"15":[0],"16":[0,0],"17":[0],"18":[0],"19":[0],"20":[0],"21":[0],"22":[0],"23":[0],"24":[0,0],"25":[0],"26":[0],"27":[0],"28":[0],"29":[0],"30":[0],"31":[0],"32":[0,0],"33":[0,0]},"_coverageSchema":"1a1c01bbd47fc00a2c39e90264f33305004495a9","hash":"235380f508d180b063ab5045128aea4f114cd771"}
,"/Users/youarex/Documents/GitHub/titan-crm/backend/modules/administration/services/employeeService.js": {"path":"/Users/youarex/Documents/GitHub/titan-crm/backend/modules/administration/services/employeeService.js","statementMap":{"0":{"start":{"line":5,"column":11},"end":{"line":5,"column":33}},"1":{"start":{"line":6,"column":15},"end":{"line":6,"column":47}},"2":{"start":{"line":7,"column":21},"end":{"line":7,"column":46}},"3":{"start":{"line":13,"column":2},"end":{"line":46,"column":3}},"4":{"start":{"line":14,"column":4},"end":{"line":14,"column":49}},"5":{"start":{"line":14,"column":32},"end":{"line":14,"column":49}},"6":{"start":{"line":16,"column":24},"end":{"line":16,"column":48}},"7":{"start":{"line":16,"column":43},"end":{"line":16,"column":47}},"8":{"start":{"line":17,"column":30},"end":{"line":24,"column":21}},"9":{"start":{"line":26,"column":19},"end":{"line":26,"column":21}},"10":{"start":{"line":27,"column":4},"end":{"line":37,"column":7}},"11":{"start":{"line":28,"column":20},"end":{"line":28,"column":41}},"12":{"start":{"line":29,"column":6},"end":{"line":29,"column":25}},"13":{"start":{"line":29,"column":18},"end":{"line":29,"column":25}},"14":{"start":{"line":30,"column":6},"end":{"line":30,"column":45}},"15":{"start":{"line":30,"column":26},"end":{"line":30,"column":45}},"16":{"start":{"line":31,"column":6},"end":{"line":36,"column":9}},"17":{"start":{"line":39,"column":4},"end":{"line":42,"column":8}},"18":{"start":{"line":39,"column":31},"end":{"line":42,"column":5}},"19":{"start":{"line":44,"column":4},"end":{"line":44,"column":102}},"20":{"start":{"line":45,"column":4},"end":{"line":45,"column":21}},"21":{"start":{"line":53,"column":2},"end":{"line":53,"column":88}},"22":{"start":{"line":54,"column":2},"end":{"line":54,"column":55}},"23":{"start":{"line":54,"column":48},"end":{"line":54,"column":55}},"24":{"start":{"line":56,"column":2},"end":{"line":65,"column":3}},"25":{"start":{"line":56,"column":17},"end":{"line":56,"column":18}},"26":{"start":{"line":57,"column":16},"end":{"line":57,"column":32}},"27":{"start":{"line":58,"column":22},"end":{"line":58,"column":84}},"28":{"start":{"line":59,"column":4},"end":{"line":64,"column":6}},"29":{"start":{"line":72,"column":49},"end":{"line":72,"column":56}},"30":{"start":{"line":73,"column":14},"end":{"line":73,"column":25}},"31":{"start":{"line":74,"column":17},"end":{"line":74,"column":19}},"32":{"start":{"line":76,"column":2},"end":{"line":79,"column":3}},"33":{"start":{"line":77,"column":4},"end":{"line":77,"column":24}},"34":{"start":{"line":78,"column":4},"end":{"line":78,"column":60}},"35":{"start":{"line":80,"column":2},"end":{"line":83,"column":3}},"36":{"start":{"line":81,"column":4},"end":{"line":81,"column":31}},"37":{"start":{"line":82,"column":4},"end":{"line":82,"column":56}},"38":{"start":{"line":84,"column":2},"end":{"line":87,"column":3}},"39":{"start":{"line":85,"column":4},"end":{"line":85,"column":29}},"40":{"start":{"line":86,"column":4},"end":{"line":86,"column":54}},"41":{"start":{"line":89,"column":19},"end":{"line":108,"column":12}},"42":{"start":{"line":110,"column":2},"end":{"line":110,"column":35}},"43":{"start":{"line":117,"column":19},"end":{"line":134,"column":10}},"44":{"start":{"line":136,"column":2},"end":{"line":136,"column":32}},"45":{"start":{"line":136,"column":20},"end":{"line":136,"column":32}},"46":{"start":{"line":137,"column":19},"end":{"line":137,"column":50}},"47":{"start":{"line":138,"column":2},"end":{"line":138,"column":21}},"48":{"start":{"line":151,"column":6},"end":{"line":151,"column":10}},"49":{"start":{"line":153,"column":20},"end":{"line":153,"column":35}},"50":{"start":{"line":154,"column":31},"end":{"line":154,"column":110}},"51":{"start":{"line":155,"column":23},"end":{"line":155,"column":77}},"52":{"start":{"line":158,"column":2},"end":{"line":165,"column":3}},"53":{"start":{"line":159,"column":15},"end":{"line":159,"column":21}},"54":{"start":{"line":160,"column":4},"end":{"line":163,"column":5}},"55":{"start":{"line":161,"column":23},"end":{"line":161,"column":97}},"56":{"start":{"line":162,"column":6},"end":{"line":162,"column":45}},"57":{"start":{"line":162,"column":25},"end":{"line":162,"column":45}},"58":{"start":{"line":164,"column":4},"end":{"line":164,"column":88}},"59":{"start":{"line":167,"column":19},"end":{"line":181,"column":4}},"60":{"start":{"line":183,"column":21},"end":{"line":183,"column":31}},"61":{"start":{"line":186,"column":2},"end":{"line":186,"column":80}},"62":{"start":{"line":189,"column":26},"end":{"line":192,"column":4}},"63":{"start":{"line":193,"column":2},"end":{"line":195,"column":3}},"64":{"start":{"line":194,"column":4},"end":{"line":194,"column":103}},"65":{"start":{"line":198,"column":2},"end":{"line":203,"column":3}},"66":{"start":{"line":199,"column":4},"end":{"line":201,"column":5}},"67":{"start":{"line":200,"column":6},"end":{"line":200,"column":100}},"68":{"start":{"line":202,"column":4},"end":{"line":202,"column":114}},"69":{"start":{"line":205,"column":2},"end":{"line":205,"column":37}},"70":{"start":{"line":218,"column":6},"end":{"line":218,"column":10}},"71":{"start":{"line":220,"column":18},"end":{"line":220,"column":43}},"72":{"start":{"line":221,"column":2},"end":{"line":221,"column":28}},"73":{"start":{"line":221,"column":16},"end":{"line":221,"column":28}},"74":{"start":{"line":223,"column":20},"end":{"line":223,"column":46}},"75":{"start":{"line":224,"column":31},"end":{"line":224,"column":110}},"76":{"start":{"line":225,"column":23},"end":{"line":225,"column":127}},"77":{"start":{"line":228,"column":2},"end":{"line":235,"column":3}},"78":{"start":{"line":229,"column":15},"end":{"line":229,"column":21}},"79":{"start":{"line":230,"column":4},"end":{"line":233,"column":5}},"80":{"start":{"line":231,"column":23},"end":{"line":231,"column":97}},"81":{"start":{"line":232,"column":6},"end":{"line":232,"column":45}},"82":{"start":{"line":232,"column":25},"end":{"line":232,"column":45}},"83":{"start":{"line":234,"column":4},"end":{"line":234,"column":88}},"84":{"start":{"line":237,"column":2},"end":{"line":254,"column":5}},"85":{"start":{"line":256,"column":2},"end":{"line":258,"column":3}},"86":{"start":{"line":257,"column":4},"end":{"line":257,"column":74}},"87":{"start":{"line":261,"column":26},"end":{"line":267,"column":4}},"88":{"start":{"line":269,"column":2},"end":{"line":280,"column":3}},"89":{"start":{"line":270,"column":22},"end":{"line":270,"column":115}},"90":{"start":{"line":271,"column":4},"end":{"line":273,"column":5}},"91":{"start":{"line":272,"column":6},"end":{"line":272,"column":89}},"92":{"start":{"line":274,"column":4},"end":{"line":279,"column":7}},"93":{"start":{"line":282,"column":2},"end":{"line":282,"column":29}},"94":{"start":{"line":289,"column":18},"end":{"line":289,"column":43}},"95":{"start":{"line":290,"column":2},"end":{"line":290,"column":29}},"96":{"start":{"line":290,"column":16},"end":{"line":290,"column":29}},"97":{"start":{"line":292,"column":2},"end":{"line":292,"column":97}},"98":{"start":{"line":293,"column":2},"end":{"line":295,"column":3}},"99":{"start":{"line":294,"column":4},"end":{"line":294,"column":123}},"100":{"start":{"line":296,"column":2},"end":{"line":296,"column":60}},"101":{"start":{"line":297,"column":2},"end":{"line":297,"column":14}},"102":{"start":{"line":300,"column":0},"end":{"line":306,"column":2}}},"fnMap":{"0":{"name":"enrichWithPositions","decl":{"start":{"line":12,"column":15},"end":{"line":12,"column":34}},"loc":{"start":{"line":12,"column":46},"end":{"line":47,"column":1}},"line":12},"1":{"name":"(anonymous_1)","decl":{"start":{"line":16,"column":38},"end":{"line":16,"column":39}},"loc":{"start":{"line":16,"column":43},"end":{"line":16,"column":47}},"line":16},"2":{"name":"(anonymous_2)","decl":{"start":{"line":27,"column":20},"end":{"line":27,"column":21}},"loc":{"start":{"line":27,"column":26},"end":{"line":37,"column":5}},"line":27},"3":{"name":"(anonymous_3)","decl":{"start":{"line":39,"column":25},"end":{"line":39,"column":26}},"loc":{"start":{"line":39,"column":31},"end":{"line":42,"column":5}},"line":39},"4":{"name":"updateEmployeePositions","decl":{"start":{"line":52,"column":15},"end":{"line":52,"column":38}},"loc":{"start":{"line":52,"column":83},"end":{"line":66,"column":1}},"line":52},"5":{"name":"getAllEmployees","decl":{"start":{"line":71,"column":15},"end":{"line":71,"column":30}},"loc":{"start":{"line":71,"column":45},"end":{"line":111,"column":1}},"line":71},"6":{"name":"getEmployeeById","decl":{"start":{"line":116,"column":15},"end":{"line":116,"column":30}},"loc":{"start":{"line":116,"column":35},"end":{"line":139,"column":1}},"line":116},"7":{"name":"createEmployee","decl":{"start":{"line":144,"column":15},"end":{"line":144,"column":29}},"loc":{"start":{"line":144,"column":36},"end":{"line":206,"column":1}},"line":144},"8":{"name":"updateEmployee","decl":{"start":{"line":211,"column":15},"end":{"line":211,"column":29}},"loc":{"start":{"line":211,"column":40},"end":{"line":283,"column":1}},"line":211},"9":{"name":"deleteEmployee","decl":{"start":{"line":288,"column":15},"end":{"line":288,"column":29}},"loc":{"start":{"line":288,"column":34},"end":{"line":298,"column":1}},"line":288}},"branchMap":{"0":{"loc":{"start":{"line":14,"column":4},"end":{"line":14,"column":49}},"type":"if","locations":[{"start":{"line":14,"column":4},"end":{"line":14,"column":49}},{"start":{},"end":{}}],"line":14},"1":{"loc":{"start":{"line":28,"column":20},"end":{"line":28,"column":41}},"type":"binary-expr","locations":[{"start":{"line":28,"column":20},"end":{"line":28,"column":29}},{"start":{"line":28,"column":33},"end":{"line":28,"column":41}}],"line":28},"2":{"loc":{"start":{"line":29,"column":6},"end":{"line":29,"column":25}},"type":"if","locations":[{"start":{"line":29,"column":6},"end":{"line":29,"column":25}},{"start":{},"end":{}}],"line":29},"3":{"loc":{"start":{"line":30,"column":6},"end":{"line":30,"column":45}},"type":"if","locations":[{"start":{"line":30,"column":6},"end":{"line":30,"column":45}},{"start":{},"end":{}}],"line":30},"4":{"loc":{"start":{"line":32,"column":21},"end":{"line":32,"column":42}},"type":"binary-expr","locations":[{"start":{"line":32,"column":21},"end":{"line":32,"column":30}},{"start":{"line":32,"column":34},"end":{"line":32,"column":42}}],"line":32},"5":{"loc":{"start":{"line":33,"column":23},"end":{"line":33,"column":48}},"type":"binary-expr","locations":[{"start":{"line":33,"column":23},"end":{"line":33,"column":34}},{"start":{"line":33,"column":38},"end":{"line":33,"column":48}}],"line":33},"6":{"loc":{"start":{"line":34,"column":23},"end":{"line":34,"column":48}},"type":"binary-expr","locations":[{"start":{"line":34,"column":23},"end":{"line":34,"column":34}},{"start":{"line":34,"column":38},"end":{"line":34,"column":48}}],"line":34},"7":{"loc":{"start":{"line":35,"column":20},"end":{"line":35,"column":49}},"type":"binary-expr","locations":[{"start":{"line":35,"column":20},"end":{"line":35,"column":33}},{"start":{"line":35,"column":37},"end":{"line":35,"column":49}}],"line":35},"8":{"loc":{"start":{"line":41,"column":17},"end":{"line":41,"column":35}},"type":"binary-expr","locations":[{"start":{"line":41,"column":17},"end":{"line":41,"column":29}},{"start":{"line":41,"column":33},"end":{"line":41,"column":35}}],"line":41},"9":{"loc":{"start":{"line":54,"column":2},"end":{"line":54,"column":55}},"type":"if","locations":[{"start":{"line":54,"column":2},"end":{"line":54,"column":55}},{"start":{},"end":{}}],"line":54},"10":{"loc":{"start":{"line":54,"column":6},"end":{"line":54,"column":46}},"type":"binary-expr","locations":[{"start":{"line":54,"column":6},"end":{"line":54,"column":18}},{"start":{"line":54,"column":22},"end":{"line":54,"column":46}}],"line":54},"11":{"loc":{"start":{"line":58,"column":22},"end":{"line":58,"column":84}},"type":"binary-expr","locations":[{"start":{"line":58,"column":22},"end":{"line":58,"column":47}},{"start":{"line":58,"column":52},"end":{"line":58,"column":61}},{"start":{"line":58,"column":65},"end":{"line":58,"column":83}}],"line":58},"12":{"loc":{"start":{"line":71,"column":31},"end":{"line":71,"column":43}},"type":"default-arg","locations":[{"start":{"line":71,"column":41},"end":{"line":71,"column":43}}],"line":71},"13":{"loc":{"start":{"line":76,"column":2},"end":{"line":79,"column":3}},"type":"if","locations":[{"start":{"line":76,"column":2},"end":{"line":79,"column":3}},{"start":{},"end":{}}],"line":76},"14":{"loc":{"start":{"line":80,"column":2},"end":{"line":83,"column":3}},"type":"if","locations":[{"start":{"line":80,"column":2},"end":{"line":83,"column":3}},{"start":{},"end":{}}],"line":80},"15":{"loc":{"start":{"line":84,"column":2},"end":{"line":87,"column":3}},"type":"if","locations":[{"start":{"line":84,"column":2},"end":{"line":87,"column":3}},{"start":{},"end":{}}],"line":84},"16":{"loc":{"start":{"line":136,"column":2},"end":{"line":136,"column":32}},"type":"if","locations":[{"start":{"line":136,"column":2},"end":{"line":136,"column":32}},{"start":{},"end":{}}],"line":136},"17":{"loc":{"start":{"line":153,"column":20},"end":{"line":153,"column":35}},"type":"binary-expr","locations":[{"start":{"line":153,"column":20},"end":{"line":153,"column":27}},{"start":{"line":153,"column":31},"end":{"line":153,"column":35}}],"line":153},"18":{"loc":{"start":{"line":154,"column":31},"end":{"line":154,"column":110}},"type":"cond-expr","locations":[{"start":{"line":154,"column":61},"end":{"line":154,"column":73}},{"start":{"line":154,"column":77},"end":{"line":154,"column":109}}],"line":154},"19":{"loc":{"start":{"line":154,"column":77},"end":{"line":154,"column":109}},"type":"cond-expr","locations":[{"start":{"line":154,"column":91},"end":{"line":154,"column":104}},{"start":{"line":154,"column":107},"end":{"line":154,"column":109}}],"line":154},"20":{"loc":{"start":{"line":155,"column":23},"end":{"line":155,"column":77}},"type":"binary-expr","locations":[{"start":{"line":155,"column":23},"end":{"line":155,"column":42}},{"start":{"line":155,"column":46},"end":{"line":155,"column":69}},{"start":{"line":155,"column":73},"end":{"line":155,"column":77}}],"line":155},"21":{"loc":{"start":{"line":158,"column":2},"end":{"line":165,"column":3}},"type":"if","locations":[{"start":{"line":158,"column":2},"end":{"line":165,"column":3}},{"start":{},"end":{}}],"line":158},"22":{"loc":{"start":{"line":158,"column":6},"end":{"line":158,"column":29}},"type":"binary-expr","locations":[{"start":{"line":158,"column":6},"end":{"line":158,"column":17}},{"start":{"line":158,"column":21},"end":{"line":158,"column":29}}],"line":158},"23":{"loc":{"start":{"line":160,"column":4},"end":{"line":163,"column":5}},"type":"if","locations":[{"start":{"line":160,"column":4},"end":{"line":163,"column":5}},{"start":{},"end":{}}],"line":160},"24":{"loc":{"start":{"line":162,"column":6},"end":{"line":162,"column":45}},"type":"if","locations":[{"start":{"line":162,"column":6},"end":{"line":162,"column":45}},{"start":{},"end":{}}],"line":162},"25":{"loc":{"start":{"line":177,"column":18},"end":{"line":177,"column":39}},"type":"binary-expr","locations":[{"start":{"line":177,"column":18},"end":{"line":177,"column":31}},{"start":{"line":177,"column":35},"end":{"line":177,"column":39}}],"line":177},"26":{"loc":{"start":{"line":177,"column":54},"end":{"line":177,"column":75}},"type":"binary-expr","locations":[{"start":{"line":177,"column":54},"end":{"line":177,"column":67}},{"start":{"line":177,"column":71},"end":{"line":177,"column":75}}],"line":177},"27":{"loc":{"start":{"line":178,"column":4},"end":{"line":178,"column":21}},"type":"binary-expr","locations":[{"start":{"line":178,"column":4},"end":{"line":178,"column":13}},{"start":{"line":178,"column":17},"end":{"line":178,"column":21}}],"line":178},"28":{"loc":{"start":{"line":178,"column":23},"end":{"line":178,"column":41}},"type":"binary-expr","locations":[{"start":{"line":178,"column":23},"end":{"line":178,"column":33}},{"start":{"line":178,"column":37},"end":{"line":178,"column":41}}],"line":178},"29":{"loc":{"start":{"line":178,"column":43},"end":{"line":178,"column":60}},"type":"binary-expr","locations":[{"start":{"line":178,"column":43},"end":{"line":178,"column":52}},{"start":{"line":178,"column":56},"end":{"line":178,"column":60}}],"line":178},"30":{"loc":{"start":{"line":179,"column":4},"end":{"line":179,"column":18}},"type":"binary-expr","locations":[{"start":{"line":179,"column":4},"end":{"line":179,"column":10}},{"start":{"line":179,"column":14},"end":{"line":179,"column":18}}],"line":179},"31":{"loc":{"start":{"line":179,"column":20},"end":{"line":179,"column":44}},"type":"binary-expr","locations":[{"start":{"line":179,"column":20},"end":{"line":179,"column":35}},{"start":{"line":179,"column":39},"end":{"line":179,"column":44}}],"line":179},"32":{"loc":{"start":{"line":180,"column":4},"end":{"line":180,"column":28}},"type":"binary-expr","locations":[{"start":{"line":180,"column":4},"end":{"line":180,"column":16}},{"start":{"line":180,"column":20},"end":{"line":180,"column":28}}],"line":180},"33":{"loc":{"start":{"line":180,"column":30},"end":{"line":180,"column":59}},"type":"binary-expr","locations":[{"start":{"line":180,"column":30},"end":{"line":180,"column":47}},{"start":{"line":180,"column":51},"end":{"line":180,"column":59}}],"line":180},"34":{"loc":{"start":{"line":190,"column":19},"end":{"line":190,"column":40}},"type":"binary-expr","locations":[{"start":{"line":190,"column":19},"end":{"line":190,"column":32}},{"start":{"line":190,"column":36},"end":{"line":190,"column":40}}],"line":190},"35":{"loc":{"start":{"line":193,"column":2},"end":{"line":195,"column":3}},"type":"if","locations":[{"start":{"line":193,"column":2},"end":{"line":195,"column":3}},{"start":{},"end":{}}],"line":193},"36":{"loc":{"start":{"line":198,"column":2},"end":{"line":203,"column":3}},"type":"if","locations":[{"start":{"line":198,"column":2},"end":{"line":203,"column":3}},{"start":{},"end":{}}],"line":198},"37":{"loc":{"start":{"line":199,"column":4},"end":{"line":201,"column":5}},"type":"if","locations":[{"start":{"line":199,"column":4},"end":{"line":201,"column":5}},{"start":{},"end":{}}],"line":199},"38":{"loc":{"start":{"line":221,"column":2},"end":{"line":221,"column":28}},"type":"if","locations":[{"start":{"line":221,"column":2},"end":{"line":221,"column":28}},{"start":{},"end":{}}],"line":221},"39":{"loc":{"start":{"line":223,"column":20},"end":{"line":223,"column":46}},"type":"binary-expr","locations":[{"start":{"line":223,"column":20},"end":{"line":223,"column":27}},{"start":{"line":223,"column":31},"end":{"line":223,"column":46}}],"line":223},"40":{"loc":{"start":{"line":224,"column":31},"end":{"line":224,"column":110}},"type":"cond-expr","locations":[{"start":{"line":224,"column":61},"end":{"line":224,"column":73}},{"start":{"line":224,"column":77},"end":{"line":224,"column":109}}],"line":224},"41":{"loc":{"start":{"line":224,"column":77},"end":{"line":224,"column":109}},"type":"cond-expr","locations":[{"start":{"line":224,"column":91},"end":{"line":224,"column":104}},{"start":{"line":224,"column":107},"end":{"line":224,"column":109}}],"line":224},"42":{"loc":{"start":{"line":225,"column":23},"end":{"line":225,"column":127}},"type":"binary-expr","locations":[{"start":{"line":225,"column":23},"end":{"line":225,"column":42}},{"start":{"line":225,"column":47},"end":{"line":225,"column":126}}],"line":225},"43":{"loc":{"start":{"line":225,"column":47},"end":{"line":225,"column":126}},"type":"cond-expr","locations":[{"start":{"line":225,"column":81},"end":{"line":225,"column":104}},{"start":{"line":225,"column":107},"end":{"line":225,"column":126}}],"line":225},"44":{"loc":{"start":{"line":228,"column":2},"end":{"line":235,"column":3}},"type":"if","locations":[{"start":{"line":228,"column":2},"end":{"line":235,"column":3}},{"start":{},"end":{}}],"line":228},"45":{"loc":{"start":{"line":228,"column":6},"end":{"line":228,"column":33}},"type":"binary-expr","locations":[{"start":{"line":228,"column":6},"end":{"line":228,"column":17}},{"start":{"line":228,"column":21},"end":{"line":228,"column":33}}],"line":228},"46":{"loc":{"start":{"line":230,"column":4},"end":{"line":233,"column":5}},"type":"if","locations":[{"start":{"line":230,"column":4},"end":{"line":233,"column":5}},{"start":{},"end":{}}],"line":230},"47":{"loc":{"start":{"line":232,"column":6},"end":{"line":232,"column":45}},"type":"if","locations":[{"start":{"line":232,"column":6},"end":{"line":232,"column":45}},{"start":{},"end":{}}],"line":232},"48":{"loc":{"start":{"line":256,"column":2},"end":{"line":258,"column":3}},"type":"if","locations":[{"start":{"line":256,"column":2},"end":{"line":258,"column":3}},{"start":{},"end":{}}],"line":256},"49":{"loc":{"start":{"line":262,"column":19},"end":{"line":262,"column":57}},"type":"binary-expr","locations":[{"start":{"line":262,"column":19},"end":{"line":262,"column":32}},{"start":{"line":262,"column":36},"end":{"line":262,"column":57}}],"line":262},"50":{"loc":{"start":{"line":263,"column":15},"end":{"line":263,"column":53}},"type":"binary-expr","locations":[{"start":{"line":263,"column":15},"end":{"line":263,"column":32}},{"start":{"line":263,"column":36},"end":{"line":263,"column":53}}],"line":263},"51":{"loc":{"start":{"line":264,"column":11},"end":{"line":264,"column":54}},"type":"cond-expr","locations":[{"start":{"line":264,"column":33},"end":{"line":264,"column":38}},{"start":{"line":264,"column":41},"end":{"line":264,"column":54}}],"line":264},"52":{"loc":{"start":{"line":265,"column":16},"end":{"line":265,"column":74}},"type":"cond-expr","locations":[{"start":{"line":265,"column":43},"end":{"line":265,"column":53}},{"start":{"line":265,"column":56},"end":{"line":265,"column":74}}],"line":265},"53":{"loc":{"start":{"line":266,"column":23},"end":{"line":266,"column":69}},"type":"binary-expr","locations":[{"start":{"line":266,"column":23},"end":{"line":266,"column":40}},{"start":{"line":266,"column":44},"end":{"line":266,"column":69}}],"line":266},"54":{"loc":{"start":{"line":269,"column":2},"end":{"line":280,"column":3}},"type":"if","locations":[{"start":{"line":269,"column":2},"end":{"line":280,"column":3}},{"start":{},"end":{}}],"line":269},"55":{"loc":{"start":{"line":270,"column":22},"end":{"line":270,"column":115}},"type":"cond-expr","locations":[{"start":{"line":270,"column":56},"end":{"line":270,"column":76}},{"start":{"line":270,"column":80},"end":{"line":270,"column":114}}],"line":270},"56":{"loc":{"start":{"line":270,"column":80},"end":{"line":270,"column":114}},"type":"cond-expr","locations":[{"start":{"line":270,"column":95},"end":{"line":270,"column":109}},{"start":{"line":270,"column":112},"end":{"line":270,"column":114}}],"line":270},"57":{"loc":{"start":{"line":271,"column":4},"end":{"line":273,"column":5}},"type":"if","locations":[{"start":{"line":271,"column":4},"end":{"line":273,"column":5}},{"start":{},"end":{}}],"line":271},"58":{"loc":{"start":{"line":276,"column":17},"end":{"line":276,"column":55}},"type":"binary-expr","locations":[{"start":{"line":276,"column":17},"end":{"line":276,"column":34}},{"start":{"line":276,"column":38},"end":{"line":276,"column":55}}],"line":276},"59":{"loc":{"start":{"line":277,"column":13},"end":{"line":277,"column":56}},"type":"cond-expr","locations":[{"start":{"line":277,"column":35},"end":{"line":277,"column":40}},{"start":{"line":277,"column":43},"end":{"line":277,"column":56}}],"line":277},"60":{"loc":{"start":{"line":278,"column":18},"end":{"line":278,"column":76}},"type":"cond-expr","locations":[{"start":{"line":278,"column":45},"end":{"line":278,"column":55}},{"start":{"line":278,"column":58},"end":{"line":278,"column":76}}],"line":278},"61":{"loc":{"start":{"line":290,"column":2},"end":{"line":290,"column":29}},"type":"if","locations":[{"start":{"line":290,"column":2},"end":{"line":290,"column":29}},{"start":{},"end":{}}],"line":290},"62":{"loc":{"start":{"line":293,"column":2},"end":{"line":295,"column":3}},"type":"if","locations":[{"start":{"line":293,"column":2},"end":{"line":295,"column":3}},{"start":{},"end":{}}],"line":293}},"s":{"0":1,"1":1,"2":1,"3":0,"4":0,"5":0,"6":0,"7":0,"8":0,"9":0,"10":0,"11":0,"12":0,"13":0,"14":0,"15":0,"16":0,"17":0,"18":0,"19":0,"20":0,"21":0,"22":0,"23":0,"24":0,"25":0,"26":0,"27":0,"28":0,"29":0,"30":0,"31":0,"32":0,"33":0,"34":0,"35":0,"36":0,"37":0,"38":0,"39":0,"40":0,"41":0,"42":0,"43":0,"44":0,"45":0,"46":0,"47":0,"48":0,"49":0,"50":0,"51":0,"52":0,"53":0,"54":0,"55":0,"56":0,"57":0,"58":0,"59":0,"60":0,"61":0,"62":0,"63":0,"64":0,"65":0,"66":0,"67":0,"68":0,"69":0,"70":0,"71":0,"72":0,"73":0,"74":0,"75":0,"76":0,"77":0,"78":0,"79":0,"80":0,"81":0,"82":0,"83":0,"84":0,"85":0,"86":0,"87":0,"88":0,"89":0,"90":0,"91":0,"92":0,"93":0,"94":0,"95":0,"96":0,"97":0,"98":0,"99":0,"100":0,"101":0,"102":1},"f":{"0":0,"1":0,"2":0,"3":0,"4":0,"5":0,"6":0,"7":0,"8":0,"9":0},"b":{"0":[0,0],"1":[0,0],"2":[0,0],"3":[0,0],"4":[0,0],"5":[0,0],"6":[0,0],"7":[0,0],"8":[0,0],"9":[0,0],"10":[0,0],"11":[0,0,0],"12":[0],"13":[0,0],"14":[0,0],"15":[0,0],"16":[0,0],"17":[0,0],"18":[0,0],"19":[0,0],"20":[0,0,0],"21":[0,0],"22":[0,0],"23":[0,0],"24":[0,0],"25":[0,0],"26":[0,0],"27":[0,0],"28":[0,0],"29":[0,0],"30":[0,0],"31":[0,0],"32":[0,0],"33":[0,0],"34":[0,0],"35":[0,0],"36":[0,0],"37":[0,0],"38":[0,0],"39":[0,0],"40":[0,0],"41":[0,0],"42":[0,0],"43":[0,0],"44":[0,0],"45":[0,0],"46":[0,0],"47":[0,0],"48":[0,0],"49":[0,0],"50":[0,0],"51":[0,0],"52":[0,0],"53":[0,0],"54":[0,0],"55":[0,0],"56":[0,0],"57":[0,0],"58":[0,0],"59":[0,0],"60":[0,0],"61":[0,0],"62":[0,0]},"_coverageSchema":"1a1c01bbd47fc00a2c39e90264f33305004495a9","hash":"0618bdb21716a876844f893897ba088a7032a137"}
,"/Users/youarex/Documents/GitHub/titan-crm/backend/modules/administration/services/employeeSync.js": {"path":"/Users/youarex/Documents/GitHub/titan-crm/backend/modules/administration/services/employeeSync.js","statementMap":{"0":{"start":{"line":5,"column":11},"end":{"line":5,"column":33}},"1":{"start":{"line":6,"column":15},"end":{"line":6,"column":47}},"2":{"start":{"line":7,"column":15},"end":{"line":7,"column":32}},"3":{"start":{"line":14,"column":2},"end":{"line":14,"column":69}},"4":{"start":{"line":14,"column":62},"end":{"line":14,"column":69}},"5":{"start":{"line":17,"column":28},"end":{"line":24,"column":20}},"6":{"start":{"line":26,"column":2},"end":{"line":26,"column":30}},"7":{"start":{"line":26,"column":23},"end":{"line":26,"column":30}},"8":{"start":{"line":28,"column":21},"end":{"line":28,"column":36}},"9":{"start":{"line":31,"column":2},"end":{"line":34,"column":4}},"10":{"start":{"line":35,"column":2},"end":{"line":35,"column":85}},"11":{"start":{"line":43,"column":2},"end":{"line":43,"column":23}},"12":{"start":{"line":43,"column":16},"end":{"line":43,"column":23}},"13":{"start":{"line":45,"column":2},"end":{"line":49,"column":4}},"14":{"start":{"line":58,"column":19},"end":{"line":58,"column":122}},"15":{"start":{"line":59,"column":27},"end":{"line":59,"column":59}},"16":{"start":{"line":61,"column":2},"end":{"line":75,"column":3}},"17":{"start":{"line":62,"column":4},"end":{"line":66,"column":88}},"18":{"start":{"line":67,"column":4},"end":{"line":67,"column":25}},"19":{"start":{"line":69,"column":21},"end":{"line":73,"column":72}},"20":{"start":{"line":74,"column":4},"end":{"line":74,"column":22}},"21":{"start":{"line":87,"column":20},"end":{"line":87,"column":40}},"22":{"start":{"line":88,"column":19},"end":{"line":88,"column":107}},"23":{"start":{"line":88,"column":56},"end":{"line":88,"column":60}},"24":{"start":{"line":89,"column":23},"end":{"line":89,"column":59}},"25":{"start":{"line":91,"column":2},"end":{"line":95,"column":4}},"26":{"start":{"line":97,"column":2},"end":{"line":97,"column":19}},"27":{"start":{"line":100,"column":0},"end":{"line":105,"column":2}}},"fnMap":{"0":{"name":"syncUserRole","decl":{"start":{"line":13,"column":15},"end":{"line":13,"column":27}},"loc":{"start":{"line":13,"column":55},"end":{"line":36,"column":1}},"line":13},"1":{"name":"syncEmployeeUser","decl":{"start":{"line":42,"column":15},"end":{"line":42,"column":31}},"loc":{"start":{"line":42,"column":75},"end":{"line":50,"column":1}},"line":42},"2":{"name":"syncContractor","decl":{"start":{"line":57,"column":15},"end":{"line":57,"column":29}},"loc":
[...]
":45,"column":18}},"loc":{"start":{"line":45,"column":21},"end":{"line":45,"column":49}}},"5":{"name":"(anonymous_5)","decl":{"start":{"line":46,"column":11},"end":{"line":46,"column":14}},"loc":{"start":{"line":46,"column":16},"end":{"line":46,"column":36}}},"6":{"name":"(anonymous_6)","decl":{"start":{"line":49,"column":35},"end":{"line":49,"column":40}},"loc":{"start":{"line":49,"column":66},"end":{"line":52,"column":3}}},"7":{"name":"(anonymous_7)","decl":{"start":{"line":50,"column":28},"end":{"line":50,"column":29}},"loc":{"start":{"line":50,"column":33},"end":{"line":50,"column":37}}},"8":{"name":"(anonymous_8)","decl":{"start":{"line":54,"column":22},"end":{"line":54,"column":23}},"loc":{"start":{"line":54,"column":60},"end":{"line":57,"column":3}}},"9":{"name":"(anonymous_9)","decl":{"start":{"line":59,"column":21},"end":{"line":59,"column":22}},"loc":{"start":{"line":59,"column":59},"end":{"line":70,"column":3}}},"10":{"name":"(anonymous_10)","decl":{"start":{"line":63,"column":13},"end":{"line":63,"column":17}},"loc":{"start":{"line":63,"column":20},"end":{"line":69,"column":5}}},"11":{"name":"(anonymous_11)","decl":{"start":{"line":72,"column":20},"end":{"line":72,"column":25}},"loc":{"start":{"line":72,"column":31},"end":{"line":75,"column":3}}},"12":{"name":"(anonymous_12)","decl":{"start":{"line":77,"column":20},"end":{"line":77,"column":25}},"loc":{"start":{"line":77,"column":31},"end":{"line":83,"column":3}}},"13":{"name":"(anonymous_13)","decl":{"start":{"line":81,"column":13},"end":{"line":81,"column":17}},"loc":{"start":{"line":81,"column":21},"end":{"line":81,"column":128}}},"14":{"name":"(anonymous_14)","decl":{"start":{"line":85,"column":20},"end":{"line":85,"column":21}},"loc":{"start":{"line":85,"column":38},"end":{"line":90,"column":3}}},"15":{"name":"(anonymous_15)","decl":{"start":{"line":92,"column":19},"end":{"line":92,"column":24}},"loc":{"start":{"line":92,"column":30},"end":{"line":97,"column":3}}},"16":{"name":"(anonymous_16)","decl":{"start":{"line":95,"column":13},"end":{"line":95,"column":17}},"loc":{"start":{"line":95,"column":21},"end":{"line":95,"column":153}}},"17":{"name":"(anonymous_17)","decl":{"start":{"line":95,"column":30},"end":{"line":95,"column":31}},"loc":{"start":{"line":95,"column":35},"end":{"line":95,"column":152}}},"18":{"name":"(anonymous_18)","decl":{"start":{"line":99,"column":23},"end":{"line":99,"column":28}},"loc":{"start":{"line":99,"column":44},"end":{"line":103,"column":3}}},"19":{"name":"(anonymous_19)","decl":{"start":{"line":102,"column":13},"end":{"line":102,"column":17}},"loc":{"start":{"line":102,"column":21},"end":{"line":102,"column":50}}},"20":{"name":"(anonymous_20)","decl":{"start":{"line":102,"column":33},"end":{"line":102,"column":34}},"loc":{"start":{"line":102,"column":38},"end":{"line":102,"column":49}}},"21":{"name":"(anonymous_21)","decl":{"start":{"line":105,"column":26},"end":{"line":105,"column":31}},"loc":{"start":{"line":105,"column":37},"end":{"line":107,"column":3}}},"22":{"name":"(anonymous_22)","decl":{"start":{"line":114,"column":41},"end":{"line":114,"column":42}},"loc":{"start":{"line":114,"column":48},"end":{"line":114,"column":74}}},"23":{"name":"(anonymous_23)","decl":{"start":{"line":116,"column":50},"end":{"line":116,"column":51}},"loc":{"start":{"line":116,"column":57},"end":{"line":116,"column":71}}},"24":{"name":"(anonymous_24)","decl":{"start":{"line":117,"column":52},"end":{"line":117,"column":53}},"loc":{"start":{"line":117,"column":59},"end":{"line":117,"column":111}}},"25":{"name":"(anonymous_25)","decl":{"start":{"line":133,"column":19},"end":{"line":133,"column":20}},"loc":{"start":{"line":134,"column":10},"end":{"line":134,"column":28}}},"26":{"name":"(anonymous_26)","decl":{"start":{"line":134,"column":79},"end":{"line":134,"column":80}},"loc":{"start":{"line":134,"column":86},"end":{"line":134,"column":105}}},"27":{"name":"(anonymous_27)","decl":{"start":{"line":134,"column":119},"end":{"line":134,"column":120}},"loc":{"start":{"line":134,"column":126},"end":{"line":134,"column":144}}},"28":{"name":"(anonymous_28)","decl":{"start":{"line":138,"column":52},"end":{"line":138,"column":53}},"loc":{"start":{"line":138,"column":59},"end":{"line":138,"column":86}}},"29":{"name":"(anonymous_29)","decl":{"start":{"line":139,"column":59},"end":{"line":139,"column":60}},"loc":{"start":{"line":139,"column":66},"end":{"line":139,"column":81}}},"30":{"name":"(anonymous_30)","decl":{"start":{"line":140,"column":61},"end":{"line":140,"column":62}},"loc":{"start":{"line":140,"column":68},"end":{"line":140,"column":121}}},"31":{"name":"(anonymous_31)","decl":{"start":{"line":164,"column":73},"end":{"line":164,"column":76}},"loc":{"start":{"line":164,"column":79},"end":{"line":164,"column":92}}},"32":{"name":"(anonymous_32)","decl":{"start":{"line":165,"column":49},"end":{"line":165,"column":52}},"loc":{"start":{"line":165,"column":55},"end":{"line":165,"column":74}}}},"branchMap":{"0":{"loc":{"start":{"line":40,"column":8},"end":{"line":40,"column":29}},"type":"if","locations":[{"start":{"line":40,"column":8},"end":{"line":40,"column":29}},{"start":{},"end":{}}]},"1":{"loc":{"start":{"line":41,"column":22},"end":{"line":41,"column":37}},"type":"binary-expr","locations":[{"start":{"line":41,"column":22},"end":{"line":41,"column":31}},{"start":{"line":41,"column":35},"end":{"line":41,"column":37}}]},"2":{"loc":{"start":{"line":41,"column":130},"end":{"line":41,"column":161}},"type":"binary-expr","locations":[{"start":{"line":41,"column":130},"end":{"line":41,"column":148}},{"start":{"line":41,"column":152},"end":{"line":41,"column":161}}]},"3":{"loc":{"start":{"line":41,"column":173},"end":{"line":41,"column":204}},"type":"binary-expr","locations":[{"start":{"line":41,"column":173},"end":{"line":41,"column":193}},{"start":{"line":41,"column":197},"end":{"line":41,"column":204}}]},"4":{"loc":{"start":{"line":45,"column":21},"end":{"line":45,"column":49}},"type":"binary-expr","locations":[{"start":{"line":45,"column":21},"end":{"line":45,"column":28}},{"start":{"line":45,"column":32},"end":{"line":45,"column":49}}]},"5":{"loc":{"start":{"line":62,"column":4},"end":{"line":62,"column":48}},"type":"if","locations":[{"start":{"line":62,"column":4},"end":{"line":62,"column":48}},{"start":{},"end":{}}]},"6":{"loc":{"start":{"line":62,"column":8},"end":{"line":62,"column":39}},"type":"binary-expr","locations":[{"start":{"line":62,"column":8},"end":{"line":62,"column":21}},{"start":{"line":62,"column":25},"end":{"line":62,"column":39}}]},"7":{"loc":{"start":{"line":78,"column":4},"end":{"line":78,"column":32}},"type":"if","locations":[{"start":{"line":78,"column":4},"end":{"line":78,"column":32}},{"start":{},"end":{}}]},"8":{"loc":{"start":{"line":81,"column":68},"end":{"line":81,"column":89}},"type":"binary-expr","locations":[{"start":{"line":81,"column":68},"end":{"line":81,"column":77}},{"start":{"line":81,"column":81},"end":{"line":81,"column":89}}]},"9":{"loc":{"start":{"line":81,"column":100},"end":{"line":81,"column":125}},"type":"binary-expr","locations":[{"start":{"line":81,"column":100},"end":{"line":81,"column":111}},{"start":{"line":81,"column":115},"end":{"line":81,"column":125}}]},"10":{"loc":{"start":{"line":87,"column":16},"end":{"line":87,"column":29}},"type":"binary-expr","locations":[{"start":{"line":87,"column":16},"end":{"line":87,"column":23}},{"start":{"line":87,"column":27},"end":{"line":87,"column":29}}]},"11":{"loc":{"start":{"line":88,"column":17},"end":{"line":88,"column":38}},"type":"binary-expr","locations":[{"start":{"line":88,"column":17},"end":{"line":88,"column":25}},{"start":{"line":88,"column":29},"end":{"line":88,"column":38}}]},"12":{"loc":{"start":{"line":89,"column":20},"end":{"line":89,"column":41}},"type":"binary-expr","locations":[{"start":{"line":89,"column":20},"end":{"line":89,"column":30}},{"start":{"line":89,"column":34},"end":{"line":89,"column":41}}]},"13":{"loc":{"start":{"line":93,"column":4},"end":{"line":93,"column":27}},"type":"if","locations":[{"start":{"line":93,"column":4},"end":{"line":93,"column":27}},{"start":{},"end":{}}]},"14":{"loc":{"start":{"line":95,"column":35},"end":{"line":95,"column":152}},"type":"cond-expr","locations":[{"start":{"line":95,"column":56},"end":{"line":95,"column":148}},{"start":{"line":95,"column":151},"end":{"line":95,"column":152}}]},"15":{"loc":{"start":{"line":95,"column":87},"end":{"line":95,"column":109}},"type":"binary-expr","locations":[{"start":{"line":95,"column":87},"end":{"line":95,"column":96}},{"start":{"line":95,"column":100},"end":{"line":95,"column":109}}]},"16":{"loc":{"start":{"line":95,"column":120},"end":{"line":95,"column":146}},"type":"binary-expr","locations":[{"start":{"line":95,"column":120},"end":{"line":95,"column":131}},{"start":{"line":95,"column":135},"end":{"line":95,"column":146}}]},"17":{"loc":{"start":{"line":100,"column":4},"end":{"line":100,"column":146}},"type":"if","locations":[{"start":{"line":100,"column":4},"end":{"line":100,"column":146}},{"start":{},"end":{}}]},"18":{"loc":{"start":{"line":109,"column":2},"end":{"line":109,"column":106}},"type":"if","locations":[{"start":{"line":109,"column":2},"end":{"line":109,"column":106}},{"start":{},"end":{}}]},"19":{"loc":{"start":{"line":136,"column":15},"end":{"line":160,"column":null}},"type":"cond-expr","locations":[{"start":{"line":137,"column":16},"end":{"line":151,"column":null}},{"start":{"line":154,"column":16},"end":{"line":159,"column":null}}]},"20":{"loc":{"start":{"line":164,"column":17},"end":{"line":164,"column":112}},"type":"binary-expr","locations":[{"start":{"line":164,"column":17},"end":{"line":164,"column":36}},{"start":{"line":164,"column":40},"end":{"line":164,"column":112}}]}},"s":{"0":1,"1":1,"2":1,"3":1,"4":1,"5":1,"6":1,"7":1,"8":1,"9":1,"10":1,"11":1,"12":8,"13":8,"14":8,"15":8,"16":8,"17":8,"18":8,"19":8,"20":8,"21":8,"22":8,"23":8,"24":8,"25":3,"26":3,"27":3,"28":0,"29":3,"30":3,"31":3,"32":3,"33":3,"34":3,"35":8,"36":1,"37":2,"38":1,"39":8,"40":0,"41":0,"42":8,"43":0,"44":0,"45":0,"46":0,"47":0,"48":0,"49":0,"50":0,"51":0,"52":0,"53":8,"54":0,"55":0,"56":8,"57":1,"58":0,"59":1,"60":1,"61":1,"62":1,"63":1,"64":8,"65":0,"66":0,"67":0,"68":0,"69":8,"70":0,"71":0,"72":0,"73":0,"74":0,"75":0,"76":0,"77":8,"78":0,"79":0,"80":0,"81":0,"82":0,"83":0,"84":8,"85":1,"86":8,"87":3,"88":5,"89":1,"90":0,"91":0,"92":4,"93":0,"94":0,"95":0,"96":0,"97":0,"98":0,"99":0},"f":{"0":8,"1":3,"2":3,"3":3,"4":3,"5":3,"6":1,"7":2,"8":0,"9":0,"10":0,"11":0,"12":1,"13":1,"14":0,"15":0,"16":0,"17":0,"18":0,"19":0,"20":0,"21":1,"22":1,"23":0,"24":0,"25":4,"26":0,"27":0,"28":0,"29":0,"30":0,"31":0,"32":0},"b":{"0":[0,3],"1":[3,0],"2":[3,2],"3":[3,3],"4":[3,3],"5":[0,0],"6":[0,0],"7":[0,1],"8":[1,0],"9":[1,0],"10":[0,0],"11":[0,0],"12":[0,0],"13":[0,0],"14":[0,0],"15":[0,0],"16":[0,0],"17":[0,0],"18":[3,5],"19":[0,4],"20":[4,4]}}
,"/Users/youarex/Documents/GitHub/titan-crm/frontend/src/modules/settings/hooks/useModuleSettings.ts": {"path":"/Users/youarex/Documents/GitHub/titan-crm/frontend/src/modules/settings/hooks/useModuleSettings.ts","statementMap":{"0":{"start":{"line":8,"column":0},"end":{"line":8,"column":16}},"1":{"start":{"line":25,"column":0},"end":{"line":25,"column":16}},"2":{"start":{"line":38,"column":0},"end":{"line":38,"column":16}},"3":{"start":{"line":63,"column":0},"end":{"line":63,"column":16}},"4":{"start":{"line":86,"column":0},"end":{"line":86,"column":16}},"5":{"start":{"line":5,"column":0},"end":{"line":5,"column":78}},"6":{"start":{"line":6,"column":0},"end":{"line":6,"column":37}},"7":{"start":{"line":13,"column":6},"end":{"line":20,"column":4}},"8":{"start":{"line":16,"column":6},"end":{"line":16,"column":48}},"9":{"start":{"line":16,"column":21},"end":{"line":16,"column":48}},"10":{"start":{"line":17,"column":6},"end":{"line":17,"column":81}},"11":{"start":{"line":17,"column":67},"end":{"line":17,"column":79}},"12":{"start":{"line":22,"column":2},"end":{"line":22,"column":40}},"13":{"start":{"line":30,"column":6},"end":{"line":33,"column":4}},"14":{"start":{"line":32,"column":19},"end":{"line":32,"column":53}},"15":{"start":{"line":35,"column":2},"end":{"line":35,"column":39}},"16":{"start":{"line":39,"column":22},"end":{"line":39,"column":38}},"17":{"start":{"line":41,"column":2},"end":{"line":60,"column":5}},"18":{"start":{"line":50,"column":10},"end":{"line":50,"column":61}},"19":{"start":{"line":52,"column":6},"end":{"line":55,"column":8}},"20":{"start":{"line":56,"column":6},"end":{"line":58,"column":9}},"21":{"start":{"line":64,"column":22},"end":{"line":64,"column":38}},"22":{"start":{"line":66,"column":2},"end":{"line":83,"column":5}},"23":{"start":{"line":73,"column":10},"end":{"line":73,"column":62}},"24":{"start":{"line":75,"column":6},"end":{"line":78,"column":8}},"25":{"start":{"line":79,"column":6},"end":{"line":81,"column":9}},"26":{"start":{"line":87,"column":22},"end":{"line":87,"column":38}},"27":{"start":{"line":89,"column":2},"end":{"line":106,"column":5}},"28":{"start":{"line":96,"column":10},"end":{"line":96,"column":56}},"29":{"start":{"line":98,"column":6},"end":{"line":101,"column":8}},"30":{"start":{"line":102,"column":6},"end":{"line":104,"column":9}}},"fnMap":{"0":{"name":"useModuleSettings","decl":{"start":{"line":8,"column":16},"end":{"line":8,"column":33}},"loc":{"start":{"line":8,"column":62},"end":{"line":23,"column":1}}},"1":{"name":"(anonymous_1)","decl":{"start":{"line":15,"column":13},"end":{"line":15,"column":16}},"loc":{"start":{"line":15,"column":18},"end":{"line":18,"column":5}}},"2":{"name":"(anonymous_2)","decl":{"start":{"line":17,"column":58},"end":{"line":17,"column":59}},"loc":{"start":{"line":17,"column":67},"end":{"line":17,"column":79}}},"3":{"name":"useAllModuleSettings","decl":{"start":{"line":25,"column":16},"end":{"line":25,"column":36}},"loc":{"start":{"line":25,"column":36},"end":{"line":36,"column":1}}},"4":{"name":"(anonymous_4)","decl":{"start":{"line":32,"column":13},"end":{"line":32,"column":16}},"loc":{"start":{"line":32,"column":19},"end":{"line":32,"column":53}}},"5":{"name":"useSaveModuleSetting","decl":{"start":{"line":38,"column":16},"end":{"line":38,"column":36}},"loc":{"start":{"line":38,"column":36},"end":{"line":61,"column":1}}},"6":{"name":"(anonymous_6)","decl":{"start":{"line":42,"column":16},"end":{"line":42,"column":17}},"loc":{"start":{"line":50,"column":10},"end":{"line":50,"column":61}}},"7":{"name":"(anonymous_7)","decl":{"start":{"line":51,"column":15},"end":{"line":51,"column":16}},"loc":{"start":{"line":51,"column":35},"end":{"line":59,"column":5}}},"8":{"name":"useUpdateModuleSettings","decl":{"start":{"line":63,"column":16},"end":{"line":63,"column":39}},"loc":{"start":{"line":63,"column":39},"end":{"line":84,"column":1}}},"9":{"name":"(anonymous_9)","decl":{"start":{"line":67,"column":16},"end":{"line":67,"column":17}},"loc":{"start":{"line":73,"column":10},"end":{"line":73,"column":62}}},"10":{"name":"(anonymous_10)","decl":{"start":{"line":74,"column":15},"end":{"line":74,"column":16}},"loc":{"start":{"line":74,"column":35},"end":{"line":82,"column":5}}},"11":{"name":"useDeleteModuleSetting","decl":{"start":{"line":86,"column":16},"end":{"line":86,"column":38}},"loc":{"start":{"line":86,"column":38},"end":{"line":107,"column":1}}},"12":{"name":"(anonymous_12)","decl":{"start":{"line":90,"column":16},"end":{"line":90,"column":17}},"loc":{"start":{"line":96,"column":10},"end":{"line":96,"column":56}}},"13":{"name":"(anonymous_13)","decl":{"start":{"line":97,"column":15},"end":{"line":97,"column":16}},"loc":{"start":{"line":97,"column":35},"end":{"line":105,"column":5}}}},"branchMap":{"0":{"loc":{"start":{"line":10,"column":10},"end":{"line":10,"column":23}},"type":"default-arg","locations":[{"start":{"line":10,"column":21},"end":{"line":10,"column":23}}]},"1":{"loc":{"start":{"line":16,"column":6},"end":{"line":16,"column":48}},"type":"if","locations":[{"start":{"line":16,"column":6},"end":{"line":16,"column":48}},{"start":{},"end":{}}]},"2":{"loc":{"start":{"line":27,"column":10},"end":{"line":27,"column":22}},"type":"default-arg","locations":[{"start":{"line":27,"column":20},"end":{"line":27,"column":22}}]}},"s":{"0":1,"1":1,"2":1,"3":1,"4":1,"5":1,"6":1,"7":16,"8":4,"9":0,"10":4,"11":4,"12":16,"13":0,"14":0,"15":0,"16":0,"17":0,"18":0,"19":0,"20":0,"21":0,"22":0,"23":0,"24":0,"25":0,"26":0,"27":0,"28":0,"29":0,"30":0},"f":{"0":16,"1":4,"2":4,"3":0,"4":0,"5":0,"6":0,"7":0,"8":0,"9":0,"10":0,"11":0,"12":0,"13":0},"b":{"0":[16],"1":[0,4],"2":[0]}}
,"/Users/youarex/Documents/GitHub/titan-crm/frontend/src/modules/settings/i18n/ru/settings.ts": {"path":"/Users/youarex/Documents/GitHub/titan-crm/frontend/src/modules/settings/i18n/ru/settings.ts","statementMap":{"0":{"start":{"line":4,"column":13},"end":{"line":1508,"column":2}}},"fnMap":{},"branchMap":{},"s":{"0":1},"f":{},"b":{}}
,"/Users/youarex/Documents/GitHub/titan-crm/frontend/src/modules/tasks/i18n/ru/tasks.ts": {"path":"/Users/youarex/Documents/GitHub/titan-crm/frontend/src/modules/tasks/i18n/ru/tasks.ts","statementMap":{"0":{"start":{"line":4,"column":13},"end":{"line":92,"column":2}},"1":{"start":{"line":94,"column":13},"end":{"line":114,"column":2}},"2":{"start":{"line":116,"column":13},"end":{"line":120,"column":2}},"3":{"start":{"line":122,"column":13},"end":{"line":127,"column":2}},"4":{"start":{"line":129,"column":13},"end":{"line":132,"column":2}},"5":{"start":{"line":134,"column":13},"end":{"line":136,"column":2}},"6":{"start":{"line":138,"column":13},"end":{"line":140,"column":2}},"7":{"start":{"line":142,"column":13},"end":{"line":150,"column":2}},"8":{"start":{"line":152,"column":0},"end":{"line":159,"column":2}}},"fnMap":{},"branchMap":{},"s":{"0":1,"1":1,"2":1,"3":1,"4":1,"5":1,"6":1,"7":1,"8":1},"f":{},"b":{}}
,"/Users/youarex/Documents/GitHub/titan-crm/frontend/src/modules/templates/i18n/ru/index.ts": {"path":"/Users/youarex/Documents/GitHub/titan-crm/frontend/src/modules/templates/i18n/ru/index.ts","statementMap":{"0":{"start":{"line":1,"column":0},"end":{"line":1,"column":9}},"1":{"start":{"line":1,"column":9},"end":{"line":1,"column":40}}},"fnMap":{"0":{"name":"(anonymous_0)","decl":{"start":{"line":1,"column":9},"end":{"line":1,"column":18}},"loc":{"start":{"line":1,"column":9},"end":{"line":1,"column":40}}}},"branchMap":{},"s":{"0":1,"1":2},"f":{"0":1},"b":{}}
,"/Users/youarex/Documents/GitHub/titan-crm/frontend/src/modules/templates/i18n/ru/templates.ts": {"path":"/Users/youarex/Documents/GitHub/titan-crm/frontend/src/modules/templates/i18n/ru/templates.ts","statementMap":{"0":{"start":{"line":1,"column":13},"end":{"line":50,"column":2}}},"fnMap":{},"branchMap":{},"s":{"0":1},"f":{},"b":{}}
,"/Users/youarex/Documents/GitHub/titan-crm/frontend/src/modules/warehouse/i18n/ru/index.ts": {"path":"/Users/youarex/Documents/GitHub/titan-crm/frontend/src/modules/warehouse/i18n/ru/index.ts","statementMap":{"0":{"start":{"line":1,"column":13},"end":{"line":101,"column":2}}},"fnMap":{},"branchMap":{},"s":{"0":1},"f":{},"b":{}}
,"/Users/youarex/Documents/GitHub/titan-crm/frontend/src/modules/workflow/i18n/ru/index.ts": {"path":"/Users/youarex/Documents/GitHub/titan-crm/frontend/src/modules/workflow/i18n/ru/index.ts","statementMap":{"0":{"start":{"line":1,"column":0},"end":{"line":1,"column":9}},"1":{"start":{"line":1,"column":9},"end":{"line":1,"column":40}}},"fnMap":{"0":{"name":"(anonymous_0)","decl":{"start":{"line":1,"column":9},"end":{"line":1,"column":18}},"loc":{"start":{"line":1,"column":9},"end":{"line":1,"column":40}}}},"branchMap":{},"s":{"0":1,"1":2},"f":{"0":1},"b":{}}
,"/Users/youarex/Documents/GitHub/titan-crm/frontend/src/modules/workflow/i18n/ru/workflows.ts": {"path":"/Users/youarex/Documents/GitHub/titan-crm/frontend/src/modules/workflow/i18n/ru/workflows.ts","statementMap":{"0":{"start":{"line":4,"column":13},"end":{"line":259,"column":2}},"1":{"start":{"line":262,"column":0},"end":{"line":262,"column":29}}},"fnMap":{},"branchMap":{},"s":{"0":1,"1":1},"f":{},"b":{}}
}
