TN:
SF:backend/db.js
FN:11,(anonymous_0)
FN:22,(anonymous_1)
FN:26,(anonymous_2)
FN:42,(anonymous_3)
FN:44,(anonymous_4)
FN:47,(anonymous_5)
FN:59,(anonymous_6)
FN:66,(anonymous_7)
FN:70,(anonymous_8)
FNF:9
FNH:2
FNDA:220,(anonymous_0)
FNDA:30,(anonymous_1)
FNDA:0,(anonymous_2)
FNDA:0,(anonymous_3)
FNDA:0,(anonymous_4)
FNDA:0,(anonymous_5)
FNDA:0,(anonymous_6)
FNDA:0,(anonymous_7)
FNDA:0,(anonymous_8)
DA:2,6
DA:3,6
DA:4,6
DA:7,6
DA:8,6
DA:9,6
DA:10,6
DA:11,6
DA:12,220
DA:13,90
DA:14,90
DA:15,90
DA:21,6
DA:22,30
DA:24,6
DA:25,0
DA:26,0
DA:27,0
DA:28,0
DA:31,6
DA:39,6
DA:42,6
DA:43,0
DA:44,0
DA:45,0
DA:46,0
DA:47,0
DA:48,0
DA:52,0
DA:54,0
DA:58,6
DA:60,0
DA:61,0
DA:62,0
DA:64,0
DA:67,0
DA:71,0
LF:37
LH:19
BRDA:12,0,0,90
BRDA:12,0,1,130
BRDA:12,1,0,220
BRDA:12,1,1,185
BRDA:14,2,0,90
BRDA:14,2,1,0
BRDA:14,3,0,90
BRDA:14,3,1,90
BRDA:24,4,0,0
BRDA:24,4,1,6
BRDA:43,5,0,0
BRDA:43,5,1,0
BRDA:43,6,0,0
BRDA:43,6,1,0
BRF:14
BRH:8
end_of_record
TN:
SF:backend/config/paths.js
FNF:0
FNH:0
DA:1,1
DA:3,1
LF:2
LH:2
BRF:0
BRH:0
end_of_record
TN:
SF:backend/modules/administration/settings.js
FNF:0
FNH:0
DA:6,2
DA:49,2
DA:77,2
DA:88,2
LF:4
LH:4
BRF:0
BRH:0
end_of_record
TN:
SF:backend/modules/administration/controllers/company.js
FN:12,getProfile
FN:20,updateProfile
FN:28,getAllAccounts
FN:36,createAccount
FN:44,updateAccount
FN:53,removeAccount
FNF:6
FNH:6
FNDA:1,getProfile
FNDA:1,updateProfile
FNDA:1,getAllAccounts
FNDA:1,createAccount
FNDA:2,updateAccount
FNDA:2,removeAccount
DA:5,1
DA:6,1
DA:7,1
DA:13,1
DA:14,1
DA:21,1
DA:22,1
DA:29,1
DA:30,1
DA:37,1
DA:38,1
DA:45,2
DA:46,2
DA:47,1
DA:54,2
DA:55,2
DA:56,1
DA:59,1
LF:18
LH:18
BRDA:46,0,0,1
BRDA:46,0,1,1
BRDA:55,1,0,1
BRDA:55,1,1,1
BRF:4
BRH:4
end_of_record
TN:
SF:backend/modules/administration/controllers/departments.js
FN:13,getAll
FN:22,create
FN:31,update
FN:41,remove
FNF:4
FNH:4
FNDA:1,getAll
FNDA:1,create
FNDA:1,update
FNDA:2,remove
DA:5,1
DA:6,1
DA:7,1
DA:14,1
DA:15,1
DA:23,1
DA:24,1
DA:32,1
DA:33,1
DA:34,1
DA:42,2
DA:43,2
DA:44,1
DA:46,1
DA:50,1
LF:15
LH:15
BRDA:33,0,0,0
BRDA:33,0,1,1
BRF:2
BRH:1
end_of_record
TN:
SF:backend/modules/administration/controllers/employees.js
FN:13,getAll
FN:22,getById
FN:32,create
FN:41,update
FN:51,remove
FNF:5
FNH:5
FNDA:1,getAll
FNDA:2,getById
FNDA:1,create
FNDA:2,update
FNDA:2,remove
DA:5,1
DA:6,1
DA:7,1
DA:14,1
DA:15,1
DA:23,2
DA:24,2
DA:25,1
DA:33,1
DA:34,1
DA:42,2
DA:43,2
DA:44,1
DA:52,2
DA:53,2
DA:54,1
DA:57,1
LF:17
LH:17
BRDA:24,0,0,1
BRDA:24,0,1,1
BRDA:43,1,0,1
BRDA:43,1,1,1
BRDA:53,2,0,1
BRDA:53,2,1,1
BRF:6
BRH:6
end_of_record
TN:
SF:backend/modules/administration/controllers/permissions.js
FN:13,getAll
FNF:1
FNH:1
FNDA:1,getAll
DA:5,1
DA:6,1
DA:7,1
DA:14,1
DA:15,1
DA:18,1
LF:6
LH:6
BRF:0
BRH:0
end_of_record
TN:
SF:backend/modules/administration/controllers/positions.js
FN:13,getAll
FN:22,create
FN:31,update
FN:41,remove
FNF:4
FNH:4
FNDA:1,getAll
FNDA:1,create
FNDA:1,update
FNDA:2,remove
DA:5,1
DA:6,1
DA:7,1
DA:14,1
DA:15,1
DA:23,1
DA:24,1
DA:32,1
DA:33,1
DA:34,1
DA:42,2
DA:43,2
DA:44,1
DA:46,1
DA:50,1
LF:15
LH:15
BRDA:33,0,0,0
BRDA:33,0,1,1
BRF:2
BRH:1
end_of_record
TN:
SF:backend/modules/administration/controllers/roles.js
FN:13,getAll
FN:22,create
FN:31,update
FN:41,remove
FNF:4
FNH:4
FNDA:1,getAll
FNDA:1,create
FNDA:2,update
FNDA:2,remove
DA:5,1
DA:6,1
DA:7,1
DA:14,1
DA:15,1
DA:23,1
DA:24,1
DA:32,2
DA:33,2
DA:34,1
DA:42,2
DA:43,2
DA:44,1
DA:46,1
DA:50,1
LF:15
LH:15
BRDA:33,0,0,1
BRDA:33,0,1,1
BRF:2
BRH:2
end_of_record
TN:
SF:backend/modules/administration/controllers/users.js
FN:9,(anonymous_0)
FN:19,(anonymous_1)
FN:31,(anonymous_2)
FN:57,(anonymous_3)
FN:67,(anonymous_4)
FN:77,(anonymous_5)
FN:94,(anonymous_6)
FN:103,(anonymous_7)
FN:114,(anonymous_8)
FNF:9
FNH:6
FNDA:1,(anonymous_0)
FNDA:2,(anonymous_1)
FNDA:1,(anonymous_2)
FNDA:1,(anonymous_3)
FNDA:1,(anonymous_4)
FNDA:2,(anonymous_5)
FNDA:0,(anonymous_6)
FNDA:0,(anonymous_7)
FNDA:0,(anonymous_8)
DA:1,1
DA:2,1
DA:3,1
DA:9,1
DA:10,1
DA:11,1
DA:12,1
DA:19,1
DA:20,2
DA:21,2
DA:22,1
DA:24,1
DA:31,1
DA:32,1
DA:38,1
DA:39,0
DA:41,1
DA:44,1
DA:46,1
DA:57,1
DA:58,1
DA:59,1
DA:60,1
DA:67,1
DA:68,1
DA:69,1
DA:70,1
DA:77,1
DA:78,2
DA:79,2
DA:81,2
DA:82,1
DA:85,1
DA:86,1
DA:94,1
DA:95,0
DA:96,0
DA:103,1
DA:104,0
DA:105,0
DA:106,0
DA:107,0
DA:114,1
DA:115,0
DA:116,0
DA:117,0
DA:118,0
DA:121,1
LF:48
LH:37
BRDA:10,0,0,1
BRDA:10,0,1,0
BRDA:21,1,0,1
BRDA:21,1,1,1
BRDA:33,2,0,1
BRDA:33,2,1,1
BRDA:34,3,0,1
BRDA:34,3,1,1
BRDA:38,4,0,0
BRDA:38,4,1,1
BRDA:58,5,0,1
BRDA:58,5,1,0
BRDA:68,6,0,1
BRDA:68,6,1,0
BRDA:78,7,0,2
BRDA:78,7,1,0
BRDA:81,8,0,1
BRDA:81,8,1,1
BRDA:81,9,0,2
BRDA:81,9,1,1
BRDA:104,10,0,0
BRDA:104,10,1,0
BRDA:104,11,0,0
BRDA:104,11,1,0
BRDA:106,12,0,0
BRDA:106,12,1,0
BRDA:115,13,0,0
BRDA:115,13,1,0
BRDA:115,14,0,0
BRDA:115,14,1,0
BRDA:117,15,0,0
BRDA:117,15,1,0
BRF:32
BRH:15
end_of_record
TN:
SF:backend/modules/administration/routes/company.js
FN:13,(anonymous_0)
FNF:1
FNH:1
FNDA:1,(anonymous_0)
DA:5,1
DA:6,1
DA:7,1
DA:8,1
DA:9,1
DA:10,1
DA:13,1
DA:14,1
DA:15,1
DA:19,1
DA:20,1
DA:23,1
DA:24,1
DA:25,1
DA:26,1
DA:28,1
LF:16
LH:16
BRF:0
BRH:0
end_of_record
TN:
SF:backend/modules/administration/routes/employees.js
FNF:0
FNH:0
DA:5,1
DA:6,1
DA:7,1
DA:8,1
DA:9,1
DA:12,1
DA:14,1
DA:15,1
DA:16,1
DA:17,1
DA:18,1
DA:20,1
LF:12
LH:12
BRF:0
BRH:0
end_of_record
TN:
SF:backend/modules/administration/routes/org.js
FN:19,(anonymous_0)
FNF:1
FNH:1
FNDA:1,(anonymous_0)
DA:5,1
DA:6,1
DA:7,1
DA:8,1
DA:9,1
DA:10,1
DA:11,1
DA:12,1
DA:13,1
DA:16,1
DA:19,1
DA:20,1
DA:21,1
DA:25,1
DA:26,1
DA:27,1
DA:28,1
DA:31,1
DA:32,1
DA:33,1
DA:34,1
DA:36,1
LF:22
LH:22
BRF:0
BRH:0
end_of_record
TN:
SF:backend/modules/administration/routes/permissions.js
FNF:0
FNH:0
DA:5,1
DA:6,1
DA:7,1
DA:8,1
DA:9,1
DA:12,1
DA:14,1
DA:16,1
LF:8
LH:8
BRF:0
BRH:0
end_of_record
TN:
SF:backend/modules/administration/routes/roles.js
FNF:0
FNH:0
DA:5,1
DA:6,1
DA:7,1
DA:8,1
DA:9,1
DA:12,1
DA:14,1
DA:15,1
DA:16,1
DA:17,1
DA:19,1
LF:11
LH:11
BRF:0
BRH:0
end_of_record
TN:
SF:backend/modules/administration/routes/users.js
FNF:0
FNH:0
DA:1,1
DA:2,1
DA:3,1
DA:4,1
DA:5,1
DA:8,1
DA:13,1
DA:16,1
DA:19,1
DA:22,1
DA:25,1
DA:28,1
DA:31,1
DA:34,1
DA:37,1
DA:42,1
DA:45,1
DA:47,1
LF:18
LH:18
BRF:0
BRH:0
end_of_record
TN:
SF:backend/modules/administration/services/companyService.js
FN:10,getProfile
FN:18,updateProfile
FN:58,getAllAccounts
FN:71,createAccount
FN:95,updateAccount
FN:121,deleteAccount
FNF:6
FNH:0
FNDA:0,getProfile
FNDA:0,updateProfile
FNDA:0,getAllAccounts
FNDA:0,createAccount
FNDA:0,updateAccount
FNDA:0,deleteAccount
DA:5,1
DA:11,0
DA:12,0
DA:24,0
DA:26,0
DA:28,0
DA:29,0
DA:37,0
DA:40,0
DA:52,0
DA:59,0
DA:65,0
DA:76,0
DA:78,0
DA:79,0
DA:82,0
DA:89,0
DA:100,0
DA:102,0
DA:103,0
DA:106,0
DA:115,0
DA:122,0
DA:123,0
DA:126,1
LF:25
LH:2
BRDA:12,0,0,0
BRDA:12,0,1,0
BRDA:20,1,0,0
BRDA:20,2,0,0
BRDA:20,3,0,0
BRDA:20,4,0,0
BRDA:21,5,0,0
BRDA:21,6,0,0
BRDA:21,7,0,0
BRDA:21,8,0,0
BRDA:22,9,0,0
BRDA:22,10,0,0
BRDA:22,11,0,0
BRDA:23,12,0,0
BRDA:23,13,0,0
BRDA:23,14,0,0
BRDA:23,15,0,0
BRDA:28,16,0,0
BRDA:28,16,1,0
BRDA:73,17,0,0
BRDA:73,18,0,0
BRDA:74,19,0,0
BRDA:74,20,0,0
BRDA:74,21,0,0
BRDA:75,22,0,0
BRDA:75,23,0,0
BRDA:78,24,0,0
BRDA:78,24,1,0
BRDA:97,25,0,0
BRDA:97,26,0,0
BRDA:98,27,0,0
BRDA:98,28,0,0
BRDA:98,29,0,0
BRDA:99,30,0,0
BRDA:99,31,0,0
BRDA:102,32,0,0
BRDA:102,32,1,0
BRDA:115,33,0,0
BRDA:115,33,1,0
BRF:39
BRH:0
end_of_record
TN:
SF:backend/modules/administration/services/employeeService.js
FN:12,enrichWithPositions
FN:16,(anonymous_1)
FN:27,(anonymous_2)
FN:39,(anonymous_3)
FN:52,updateEmployeePositions
FN:71,getAllEmployees
FN:116,getEmployeeById
FN:144,createEmployee
FN:211,updateEmployee
FN:288,deleteEmployee
FNF:10
FNH:0
FNDA:0,enrichWithPositions
FNDA:0,(anonymous_1)
FNDA:0,(anonymous_2)
FNDA:0,(anonymous_3)
FNDA:0,updateEmployeePositions
FNDA:0,getAllEmployees
FNDA:0,getEmployeeById
FNDA:0,createEmployee
FNDA:0,updateEmployee
FNDA:0,deleteEmployee
DA:5,1
DA:6,1
DA:7,1
DA:13,0
DA:14,0
DA:16,0
DA:17,0
DA:26,0
DA:27,0
DA:28,0
DA:29,0
DA:30,0
DA:31,0
DA:39,0
DA:44,0
DA:45,0
DA:53,0
DA:54,0
DA:56,0
DA:57,0
DA:58,0
DA:59,0
DA:72,0
DA:73,0
DA:74,0
DA:76,0
DA:77,0
DA:78,0
DA:80,0
DA:81,0
DA:82,0
DA:84,0
DA:85,0
DA:86,0
DA:89,0
DA:110,0
DA:117,0
DA:136,0
DA:137,0
DA:138,0
DA:151,0
DA:153,0
DA:154,0
DA:155,0
DA:158,0
DA:159,0
DA:160,0
DA:161,0
DA:162,0
DA:164,0
DA:167,0
DA:183,0
DA:186,0
DA:189,0
DA:193,0
DA:194,0
DA:198,0
DA:199,0
DA:200,0
DA:202,0
DA:205,0
DA:218,0
DA:220,0
DA:221,0
DA:223,0
DA:224,0
DA:225,0
DA:228,0
DA:229,0
DA:230,0
DA:231,0
DA:232,0
DA:234,0
DA:237,0
DA:256,0
DA:257,0
DA:261,0
DA:269,0
DA:270,0
DA:271,0
DA:272,0
DA:274,0
DA:282,0
DA:289,0
DA:290,0
DA:292,0
DA:293,0
DA:294,0
DA:296,0
DA:297,0
DA:300,1
LF:91
LH:4
BRDA:14,0,0,0
BRDA:14,0,1,0
BRDA:28,1,0,0
BRDA:28,1,1,0
BRDA:29,2,0,0
BRDA:29,2,1,0
BRDA:30,3,0,0
BRDA:30,3,1,0
BRDA:32,4,0,0
BRDA:32,4,1,0
BRDA:33,5,0,0
BRDA:33,5,1,0
BRDA:34,6,0,0
BRDA:34,6,1,0
BRDA:35,7,0,0
BRDA:35,7,1,0
BRDA:41,8,0,0
BRDA:41,8,1,0
BRDA:54,9,0,0
BRDA:54,9,1,0
BRDA:54,10,0,0
BRDA:54,10,1,0
BRDA:58,11,0,0
BRDA:58,11,1,0
BRDA:58,11,2,0
BRDA:71,12,0,0
BRDA:76,13,0,0
BRDA:76,13,1,0
BRDA:80,14,0,0
BRDA:80,14,1,0
BRDA:84,15,0,0
BRDA:84,15,1,0
BRDA:136,16,0,0
BRDA:136,16,1,0
BRDA:153,17,0,0
BRDA:153,17,1,0
BRDA:154,18,0,0
BRDA:154,18,1,0
BRDA:154,19,0,0
BRDA:154,19,1,0
BRDA:155,20,0,0
BRDA:155,20,1,0
BRDA:155,20,2,0
BRDA:158,21,0,0
BRDA:158,21,1,0
BRDA:158,22,0,0
BRDA:158,22,1,0
BRDA:160,23,0,0
BRDA:160,23,1,0
BRDA:162,24,0,0
BRDA:162,24,1,0
BRDA:177,25,0,0
BRDA:177,25,1,0
BRDA:177,26,0,0
BRDA:177,26,1,0
BRDA:178,27,0,0
BRDA:178,27,1,0
BRDA:178,28,0,0
BRDA:178,28,1,0
BRDA:178,29,0,0
BRDA:178,29,1,0
BRDA:179,30,0,0
BRDA:179,30,1,0
BRDA:179,31,0,0
BRDA:179,31,1,0
BRDA:180,32,0,0
BRDA:180,32,1,0
BRDA:180,33,0,0
BRDA:180,33,1,0
BRDA:190,34,0,0
BRDA:190,34,1,0
BRDA:193,35,0,0
BRDA:193,35,1,0
BRDA:198,36,0,0
BRDA:198,36,1,0
BRDA:199,37,0,0
BRDA:199,37,1,0
BRDA:221,38,0,0
BRDA:221,38,1,0
BRDA:223,39,0,0
BRDA:223,39,1,0
BRDA:224,40,0,0
BRDA:224,40,1,0
BRDA:224,41,0,0
BRDA:224,41,1,0
BRDA:225,42,0,0
BRDA:225,42,1,0
BRDA:225,43,0,0
BRDA:225,43,1,0
BRDA:228,44,0,0
BRDA:228,44,1,0
BRDA:228,45,0,0
BRDA:228,45,1,0
BRDA:230,46,0,0
BRDA:230,46,1,0
BRDA:232,47,0,0
BRDA:232,47,1,0
BRDA:256,48,0,0
BRDA:256,48,1,0
BRDA:262,49,0,0
BRDA:262,49,1,0
BRDA:263,50,0,0
BRDA:263,50,1,0
BRDA:264,51,0,0
BRDA:264,51,1,0
BRDA:265,52,0,0
BRDA:265,52,1,0
BRDA:266,53,0,0
BRDA:266,53,1,0
BRDA:269,54,0,0
BRDA:269,54,1,0
BRDA:270,55,0,0
BRDA:270,55,1,0
BRDA:270,56,0,0
BRDA:270,56,1,0
BRDA:271,57,0,0
BRDA:271,57,1,0
BRDA:276,58,0,0
BRDA:276,58,1,0
BRDA:277,59,0,0
BRDA:277,59,1,0
BRDA:278,60,0,0
BRDA:278,60,1,0
BRDA:290,61,0,0
BRDA:290,61,1,0
BRDA:293,62,0,0
BRDA:293,62,1,0
BRF:127
BRH:0
end_of_record
TN:
SF:backend/modules/administration/services/employeeSync.js
FN:13,syncUserRole
FN:42,syncEmployeeUser
FN:57,syncContractor
FN:86,autoCreateUser
FN:88,(anonymous_4)
FNF:5
FNH:0
FNDA:0,syncUserRole
FNDA:0,syncEmployeeUser
FNDA:0,syncContractor
FNDA:0,autoCreateUser
FNDA:0,(anonymous_4)
DA:5,1
DA:6,1
DA:7,1
DA:14,0
DA:17,0
DA:26,0
DA:28,0
DA:31,0
DA:35,0
DA:43,0
DA:45,0
DA:58,0
DA:59,0
DA:61,0
DA:62,0
DA:67,0
DA:69,0
DA:74,0
DA:87,0
DA:88,0
DA:89,0
DA:91,0
DA:97,0
DA:100,1
LF:24
LH:4
BRDA:14,0,0,0
BRDA:14,0,1,0
BRDA:14,1,0,0
BRDA:14,1,1,0
BRDA:14,1,2,0
BRDA:26,2,0,0
BRDA:26,2,1,0
BRDA:43,3,0,0
BRDA:43,3,1,0
BRDA:48,4,0,0
BRDA:48,4,1,0
BRDA:48,5,0,0
BRDA:48,5,1,0
BRDA:58,6,0,0
BRDA:58,6,1,0
BRDA:58,6,2,0
BRDA:59,7,0,0
BRDA:59,7,1,0
BRDA:61,8,0,0
BRDA:61,8,1,0
BRDA:66,9,0,0
BRDA:66,9,1,0
BRDA:66,10,0,0
BRDA:66,10,1,0
BRDA:73,11,0,0
BRDA:73,11,1,0
BRDA:73,12,0,0
BRDA:73,12,1,0
BRDA:88,13,0,0
BRDA:88,13,1,0
BRDA:94,14,0,0
BRDA:94,14,1,0
BRDA:94,15,0,0
BRDA:94,15,1,0
BRDA:94,16,0,0
BRDA:94,16,1,0
BRF:36
BRH:0
end_of_record
TN:
SF:backend/modules/administration/services/orgService.js
FN:10,getOrgInfo
FN:23,getAllPositions
FN:31,createPosition
FN:45,updatePosition
FN:60,deletePosition
FN:73,getAllDepartments
FN:89,createDepartment
FN:103,updateDepartment
FN:123,deleteDepartment
FNF:9
FNH:0
FNDA:0,getOrgInfo
FNDA:0,getAllPositions
FNDA:0,createPosition
FNDA:0,updatePosition
FNDA:0,deletePosition
FNDA:0,getAllDepartments
FNDA:0,createDepartment
FNDA:0,updateDepartment
FNDA:0,deleteDepartment
DA:5,1
DA:11,0
DA:12,0
DA:14,0
DA:24,0
DA:25,0
DA:32,0
DA:33,0
DA:39,0
DA:46,0
DA:47,0
DA:54,0
DA:61,0
DA:64,0
DA:65,0
DA:67,0
DA:74,0
DA:83,0
DA:90,0
DA:91,0
DA:97,0
DA:104,0
DA:106,0
DA:107,0
DA:110,0
DA:117,0
DA:124,0
DA:127,0
DA:128,0
DA:130,0
DA:131,0
DA:134,1
LF:32
LH:2
BRDA:15,0,0,0
BRDA:15,0,1,0
BRDA:16,1,0,0
BRDA:16,1,1,0
BRDA:32,2,0,0
BRDA:32,3,0,0
BRDA:46,4,0,0
BRDA:46,5,0,0
BRDA:46,6,0,0
BRDA:54,7,0,0
BRDA:54,7,1,0
BRDA:64,8,0,0
BRDA:64,8,1,0
BRDA:90,9,0,0
BRDA:90,10,0,0
BRDA:90,11,0,0
BRDA:90,12,0,0
BRDA:95,13,0,0
BRDA:95,13,1,0
BRDA:95,14,0,0
BRDA:95,14,1,0
BRDA:104,15,0,0
BRDA:104,16,0,0
BRDA:104,17,0,0
BRDA:104,18,0,0
BRDA:104,19,0,0
BRDA:106,20,0,0
BRDA:106,20,1,0
BRDA:115,21,0,0
BRDA:115,21,1,0
BRDA:115,22,0,0
BRDA:115,22,1,0
BRDA:117,23,0,0
BRDA:117,23,1,0
BRDA:127,24,0,0
BRDA:127,24,1,0
BRF:36
BRH:0
end_of_record
TN:
SF:backend/modules/administration/services/roleService.js
FN:11,getAllRoles
FN:35,createRole
FN:59,updateRole
FN:84,deleteRole
FN:97,getAllPermissions
FNF:5
FNH:0
FNDA:0,getAllRoles
FNDA:0,createRole
FNDA:0,updateRole
FNDA:0,deleteRole
FNDA:0,getAllPermissions
DA:5,1
DA:12,0
DA:14,0
DA:15,0
DA:16,0
DA:18,0
DA:19,0
DA:20,0
DA:22,0
DA:27,0
DA:36,0
DA:37,0
DA:39,0
DA:45,0
DA:46,0
DA:47,0
DA:50,0
DA:60,0
DA:62,0
DA:67,0
DA:69,0
DA:70,0
DA:72,0
DA:73,0
DA:74,0
DA:77,0
DA:85,0
DA:86,0
DA:87,0
DA:90,0
DA:98,0
DA:99,0
DA:102,1
LF:33
LH:2
BRDA:18,0,0,0
BRDA:18,0,1,0
BRDA:42,1,0,0
BRDA:42,1,1,0
BRDA:46,2,0,0
BRDA:46,2,1,0
BRDA:64,3,0,0
BRDA:64,3,1,0
BRDA:67,4,0,0
BRDA:67,4,1,0
BRDA:73,5,0,0
BRDA:73,5,1,0
BRDA:86,6,0,0
BRDA:86,6,1,0
BRF:14
BRH:0
end_of_record
TN:
SF:backend/modules/administration/services/userService.js
FN:24,isValidEmail
FN:35,validatePassword
FN:76,(anonymous_2)
FN:165,(anonymous_3)
FN:186,(anonymous_4)
FN:212,(anonymous_5)
FN:271,(anonymous_6)
FN:369,(anonymous_7)
FN:410,(anonymous_8)
FN:466,(anonymous_9)
FN:505,(anonymous_10)
FN:524,(anonymous_11)
FN:539,(anonymous_12)
FNF:13
FNH:10
FNDA:9,isValidEmail
FNDA:8,validatePassword
FNDA:8,(anonymous_2)
FNDA:6,(anonymous_3)
FNDA:2,(anonymous_4)
FNDA:2,(anonymous_5)
FNDA:2,(anonymous_6)
FNDA:2,(anonymous_7)
FNDA:2,(anonymous_8)
FNDA:0,(anonymous_9)
FNDA:0,(anonymous_10)
FNDA:0,(anonymous_11)
FNDA:5,(anonymous_12)
DA:10,2
DA:11,2
DA:12,2
DA:13,2
DA:15,2
DA:16,2
DA:25,9
DA:26,9
DA:36,8
DA:37,1
DA:39,7
DA:40,0
DA:42,7
DA:43,1
DA:45,6
DA:46,1
DA:48,5
DA:77,8
DA:79,8
DA:82,8
DA:83,1
DA:84,1
DA:85,1
DA:89,7
DA:90,7
DA:91,3
DA:92,3
DA:93,3
DA:97,4
DA:98,4
DA:99,4
DA:100,1
DA:101,1
DA:102,1
DA:105,1
DA:106,0
DA:107,0
DA:111,3
DA:112,3
DA:113,3
DA:114,1
DA:115,1
DA:116,1
DA:119,1
DA:120,0
DA:121,0
DA:126,2
DA:127,2
DA:129,0
DA:130,0
DA:134,2
DA:135,2
DA:142,2
DA:145,2
DA:146,2
DA:149,2
DA:150,2
DA:152,0
DA:153,0
DA:166,6
DA:167,6
DA:172,6
DA:174,0
DA:175,0
DA:187,2
DA:188,2
DA:193,2
DA:195,0
DA:196,0
DA:213,2
DA:214,2
DA:216,2
DA:217,2
DA:218,2
DA:220,2
DA:221,2
DA:222,2
DA:225,2
DA:226,0
DA:227,0
DA:231,2
DA:232,2
DA:235,2
DA:236,2
DA:237,2
DA:239,2
DA:241,2
DA:249,0
DA:250,0
DA:272,2
DA:274,2
DA:275,2
DA:276,1
DA:277,1
DA:278,1
DA:281,1
DA:284,1
DA:285,1
DA:286,0
DA:287,0
DA:288,0
DA:291,1
DA:292,1
DA:293,0
DA:294,0
DA:295,0
DA:300,1
DA:301,1
DA:302,1
DA:303,0
DA:304,0
DA:305,0
DA:309,1
DA:310,1
DA:311,1
DA:313,1
DA:314,1
DA:315,1
DA:317,1
DA:318,0
DA:319,0
DA:321,1
DA:322,0
DA:323,0
DA:325,1
DA:326,1
DA:327,1
DA:329,1
DA:330,0
DA:331,0
DA:333,1
DA:334,0
DA:335,0
DA:338,1
DA:339,1
DA:341,1
DA:343,1
DA:344,1
DA:347,1
DA:348,1
DA:351,1
DA:352,1
DA:354,1
DA:355,1
DA:370,2
DA:371,2
DA:372,2
DA:373,1
DA:374,1
DA:375,1
DA:378,1
DA:383,1
DA:386,1
DA:387,1
DA:390,1
DA:391,1
DA:393,1
DA:394,1
DA:411,2
DA:413,2
DA:418,2
DA:419,0
DA:420,0
DA:421,0
DA:424,2
DA:427,2
DA:428,2
DA:429,1
DA:430,1
DA:431,1
DA:435,1
DA:436,1
DA:437,0
DA:438,0
DA:439,0
DA:443,1
DA:444,1
DA:447,1
DA:448,1
DA:451,1
DA:452,1
DA:454,1
DA:455,1
DA:467,0
DA:469,0
DA:479,0
DA:493,0
DA:506,0
DA:511,0
DA:512,0
DA:513,0
DA:525,0
DA:530,0
DA:531,0
DA:532,0
DA:540,5
DA:541,5
DA:548,0
DA:553,2
LF:199
LH:146
BRDA:36,0,0,1
BRDA:36,0,1,7
BRDA:36,1,0,8
BRDA:36,1,1,8
BRDA:39,2,0,0
BRDA:39,2,1,7
BRDA:42,3,0,1
BRDA:42,3,1,6
BRDA:45,4,0,1
BRDA:45,4,1,5
BRDA:76,5,0,6
BRDA:77,6,0,1
BRDA:82,7,0,1
BRDA:82,7,1,7
BRDA:82,8,0,8
BRDA:82,8,1,8
BRDA:90,9,0,3
BRDA:90,9,1,4
BRDA:99,10,0,1
BRDA:99,10,1,3
BRDA:105,11,0,1
BRDA:105,11,1,0
BRDA:113,12,0,1
BRDA:113,12,1,2
BRDA:119,13,0,1
BRDA:119,13,1,0
BRDA:139,14,0,2
BRDA:139,14,1,0
BRDA:139,15,0,2
BRDA:139,15,1,0
BRDA:139,16,0,2
BRDA:139,16,1,0
BRDA:145,17,0,2
BRDA:145,17,1,0
BRDA:172,18,0,6
BRDA:172,18,1,3
BRDA:193,19,0,2
BRDA:193,19,1,1
BRDA:212,20,0,0
BRDA:213,21,0,0
BRDA:213,22,0,0
BRDA:213,23,0,2
BRDA:220,24,0,2
BRDA:220,24,1,0
BRDA:225,25,0,0
BRDA:225,25,1,2
BRDA:271,26,0,1
BRDA:275,27,0,1
BRDA:275,27,1,1
BRDA:284,28,0,1
BRDA:284,28,1,0
BRDA:284,29,0,1
BRDA:284,29,1,1
BRDA:285,30,0,0
BRDA:285,30,1,1
BRDA:292,31,0,0
BRDA:292,31,1,1
BRDA:300,32,0,1
BRDA:300,32,1,0
BRDA:300,33,0,1
BRDA:300,33,1,1
BRDA:302,34,0,0
BRDA:302,34,1,1
BRDA:313,35,0,1
BRDA:313,35,1,0
BRDA:317,36,0,0
BRDA:317,36,1,1
BRDA:321,37,0,0
BRDA:321,37,1,1
BRDA:325,38,0,1
BRDA:325,38,1,0
BRDA:329,39,0,0
BRDA:329,39,1,1
BRDA:333,40,0,0
BRDA:333,40,1,1
BRDA:347,41,0,1
BRDA:347,41,1,0
BRDA:369,42,0,1
BRDA:372,43,0,1
BRDA:372,43,1,1
BRDA:386,44,0,1
BRDA:386,44,1,0
BRDA:410,45,0,1
BRDA:418,46,0,0
BRDA:418,46,1,2
BRDA:428,47,0,1
BRDA:428,47,1,1
BRDA:436,48,0,0
BRDA:436,48,1,1
BRDA:447,49,0,1
BRDA:447,49,1,0
BRDA:505,50,0,0
BRDA:509,51,0,0
BRDA:509,51,1,0
BRDA:511,52,0,0
BRDA:511,52,1,0
BRDA:530,53,0,0
BRDA:530,53,1,0
BRF:98
BRH:63
end_of_record
TN:
SF:backend/modules/contractors/utils/contractorDataLoader.js
FN:19,batchLoadContractorRelations
FN:30,(anonymous_1)
FN:42,(anonymous_2)
FN:54,(anonymous_3)
FN:66,(anonymous_4)
FN:83,loadReferences
FN:93,(anonymous_6)
FN:103,(anonymous_7)
FN:111,(anonymous_8)
FN:124,clearReferenceCache
FN:135,enrichContractorsWithReferences
FN:136,(anonymous_11)
FN:169,loadFullContractorsData
FN:173,(anonymous_13)
FN:184,(anonymous_14)
FN:194,(anonymous_15)
FNF:16
FNH:15
FNDA:7,batchLoadContractorRelations
FNDA:5,(anonymous_1)
FNDA:2,(anonymous_2)
FNDA:3,(anonymous_3)
FNDA:0,(anonymous_4)
FNDA:7,loadReferences
FNDA:6,(anonymous_6)
FNDA:7,(anonymous_7)
FNDA:7,(anonymous_8)
FNDA:33,clearReferenceCache
FNDA:6,enrichContractorsWithReferences
FNDA:7,(anonymous_11)
FNDA:4,loadFullContractorsData
FNDA:2,(anonymous_13)
FNDA:2,(anonymous_14)
FNDA:10,(anonymous_15)
DA:6,1
DA:20,7
DA:21,2
DA:25,5
DA:29,5
DA:30,5
DA:31,5
DA:32,5
DA:33,5
DA:37,5
DA:41,5
DA:42,5
DA:43,2
DA:44,2
DA:45,2
DA:49,5
DA:53,5
DA:54,5
DA:55,3
DA:56,3
DA:57,3
DA:61,5
DA:65,5
DA:66,5
DA:67,0
DA:68,0
DA:69,0
DA:72,5
DA:81,1
DA:84,7
DA:85,1
DA:89,6
DA:92,6
DA:93,6
DA:94,6
DA:95,6
DA:97,6
DA:101,6
DA:102,6
DA:103,6
DA:104,7
DA:105,7
DA:109,6
DA:110,6
DA:111,6
DA:112,7
DA:113,7
DA:116,6
DA:117,6
DA:118,6
DA:125,33
DA:126,33
DA:136,6
DA:137,7
DA:138,5
DA:139,5
DA:140,5
DA:141,2
DA:142,2
DA:145,7
DA:146,5
DA:147,2
DA:148,2
DA:151,7
DA:152,6
DA:153,1
DA:154,1
DA:157,7
DA:170,4
DA:173,2
DA:176,2
DA:181,2
DA:184,2
DA:185,2
DA:194,2
DA:195,10
DA:196,0
DA:200,2
DA:203,2
DA:206,1
LF:80
LH:76
BRDA:20,0,0,2
BRDA:20,0,1,5
BRDA:20,1,0,7
BRDA:20,1,1,6
BRDA:31,2,0,5
BRDA:31,2,1,5
BRDA:32,3,0,4
BRDA:32,3,1,1
BRDA:43,4,0,2
BRDA:43,4,1,2
BRDA:44,5,0,2
BRDA:44,5,1,0
BRDA:55,6,0,3
BRDA:55,6,1,3
BRDA:56,7,0,2
BRDA:56,7,1,1
BRDA:67,8,0,0
BRDA:67,8,1,0
BRDA:68,9,0,0
BRDA:68,9,1,0
BRDA:84,10,0,1
BRDA:84,10,1,6
BRDA:97,11,0,6
BRDA:97,11,1,0
BRDA:137,12,0,5
BRDA:137,12,1,2
BRDA:137,13,0,7
BRDA:137,13,1,7
BRDA:139,14,0,5
BRDA:139,14,1,4
BRDA:141,15,0,2
BRDA:141,15,1,0
BRDA:145,16,0,5
BRDA:145,16,1,2
BRDA:145,17,0,7
BRDA:145,17,1,7
BRDA:147,18,0,2
BRDA:147,18,1,0
BRDA:151,19,0,6
BRDA:151,19,1,1
BRDA:151,20,0,7
BRDA:151,20,1,7
BRDA:153,21,0,1
BRDA:153,21,1,0
BRDA:170,22,0,2
BRDA:170,22,1,2
BRDA:170,23,0,4
BRDA:170,23,1,3
BRDA:187,24,0,2
BRDA:187,24,1,0
BRDA:188,25,0,2
BRDA:188,25,1,2
BRDA:189,26,0,2
BRDA:189,26,1,2
BRDA:190,27,0,2
BRDA:190,27,1,2
BRDA:195,28,0,0
BRDA:195,28,1,10
BRDA:195,29,0,10
BRDA:195,29,1,10
BRF:60
BRH:49
end_of_record
TN:
SF:backend/modules/contractors/validators/ContractorValidator.js
FN:15,validateINN
FN:52,validateKPP
FN:77,validateOGRN
FN:96,validateEmail
FN:119,validatePhone
FN:146,validateName
FN:170,validateBankAccount
FN:206,checkDuplicateINN
FN:234,validateCreateRequest
FN:286,validateUpdateRequest
FNF:10
FNH:10
FNDA:16,validateINN
FNDA:13,validateKPP
FNDA:12,validateOGRN
FNDA:16,validateEmail
FNDA:15,validatePhone
FNDA:17,validateName
FNDA:13,validateBankAccount
FNDA:11,checkDuplicateINN
FNDA:7,validateCreateRequest
FNDA:5,validateUpdateRequest
DA:6,1
DA:16,16
DA:18,13
DA:21,13
DA:22,4
DA:27,9
DA:28,8
DA:29,8
DA:30,8
DA:31,8
DA:32,72
DA:34,8
DA:35,8
DA:37,0
DA:41,9
DA:53,13
DA:56,5
DA:57,2
DA:60,3
DA:62,3
DA:63,2
DA:66,1
DA:78,12
DA:80,5
DA:83,5
DA:84,2
DA:87,3
DA:97,16
DA:99,11
DA:100,11
DA:102,11
DA:103,6
DA:106,5
DA:107,1
DA:110,4
DA:120,15
DA:122,10
DA:125,10
DA:128,10
DA:129,10
DA:130,3
DA:133,7
DA:134,1
DA:137,6
DA:147,17
DA:148,4
DA:151,13
DA:153,13
DA:154,1
DA:157,12
DA:158,2
DA:161,10
DA:171,13
DA:173,12
DA:175,12
DA:176,7
DA:177,7
DA:178,3
DA:182,9
DA:183,5
DA:184,5
DA:185,2
DA:189,7
DA:190,2
DA:191,2
DA:192,1
DA:196,6
DA:207,11
DA:209,10
DA:213,10
DA:214,10
DA:216,10
DA:217,3
DA:224,7
DA:235,7
DA:238,7
DA:239,7
DA:242,7
DA:243,7
DA:245,7
DA:246,7
DA:248,7
DA:249,7
DA:251,7
DA:252,7
DA:254,7
DA:255,7
DA:257,7
DA:258,3
DA:259,4
DA:260,4
DA:261,3
DA:267,7
DA:268,5
DA:269,5
DA:272,7
DA:287,5
DA:290,5
DA:291,2
DA:292,2
DA:295,5
DA:296,2
DA:297,2
DA:300,2
DA:301,2
DA:302,2
DA:306,5
DA:307,0
DA:308,0
DA:311,5
DA:312,0
DA:313,0
DA:316,5
DA:317,0
DA:318,0
DA:321,5
DA:322,0
DA:323,0
DA:326,5
DA:327,1
DA:328,1
DA:329,1
DA:330,0
DA:335,5
DA:341,1
LF:125
LH:115
BRDA:16,0,0,3
BRDA:16,0,1,13
BRDA:21,1,0,4
BRDA:21,1,1,9
BRDA:27,2,0,8
BRDA:27,2,1,1
BRDA:35,3,0,0
BRDA:35,3,1,8
BRDA:53,4,0,8
BRDA:53,4,1,5
BRDA:56,5,0,2
BRDA:56,5,1,3
BRDA:62,6,0,2
BRDA:62,6,1,1
BRDA:78,7,0,7
BRDA:78,7,1,5
BRDA:83,8,0,2
BRDA:83,8,1,3
BRDA:97,9,0,5
BRDA:97,9,1,11
BRDA:102,10,0,6
BRDA:102,10,1,5
BRDA:106,11,0,1
BRDA:106,11,1,4
BRDA:120,12,0,5
BRDA:120,12,1,10
BRDA:125,13,0,0
BRDA:125,13,1,10
BRDA:129,14,0,3
BRDA:129,14,1,7
BRDA:133,15,0,1
BRDA:133,15,1,6
BRDA:147,16,0,4
BRDA:147,16,1,13
BRDA:147,17,0,17
BRDA:147,17,1,14
BRDA:153,18,0,1
BRDA:153,18,1,12
BRDA:157,19,0,2
BRDA:157,19,1,10
BRDA:171,20,0,1
BRDA:171,20,1,12
BRDA:175,21,0,7
BRDA:175,21,1,5
BRDA:177,22,0,3
BRDA:177,22,1,4
BRDA:182,23,0,5
BRDA:182,23,1,4
BRDA:184,24,0,2
BRDA:184,24,1,3
BRDA:189,25,0,2
BRDA:189,25,1,5
BRDA:191,26,0,1
BRDA:191,26,1,1
BRDA:206,27,0,8
BRDA:207,28,0,1
BRDA:207,28,1,10
BRDA:209,29,0,3
BRDA:209,29,1,7
BRDA:213,30,0,3
BRDA:213,30,1,7
BRDA:216,31,0,3
BRDA:216,31,1,7
BRDA:234,32,0,6
BRDA:239,33,0,2
BRDA:239,33,1,5
BRDA:243,34,0,2
BRDA:243,34,1,5
BRDA:246,35,0,0
BRDA:246,35,1,7
BRDA:249,36,0,0
BRDA:249,36,1,7
BRDA:252,37,0,2
BRDA:252,37,1,5
BRDA:255,38,0,2
BRDA:255,38,1,5
BRDA:257,39,0,3
BRDA:257,39,1,4
BRDA:257,40,0,7
BRDA:257,40,1,3
BRDA:260,41,0,3
BRDA:260,41,1,1
BRDA:267,42,0,5
BRDA:267,42,1,2
BRDA:267,43,0,7
BRDA:267,43,1,6
BRDA:269,44,0,1
BRDA:269,44,1,4
BRDA:286,45,0,5
BRDA:290,46,0,2
BRDA:290,46,1,3
BRDA:292,47,0,0
BRDA:292,47,1,2
BRDA:295,48,0,2
BRDA:295,48,1,3
BRDA:297,49,0,0
BRDA:297,49,1,2
BRDA:300,50,0,2
BRDA:300,50,1,0
BRDA:300,51,0,2
BRDA:300,51,1,2
BRDA:302,52,0,1
BRDA:302,52,1,1
BRDA:306,53,0,0
BRDA:306,53,1,5
BRDA:308,54,0,0
BRDA:308,54,1,0
BRDA:311,55,0,0
BRDA:311,55,1,5
BRDA:313,56,0,0
BRDA:313,56,1,0
BRDA:316,57,0,0
BRDA:316,57,1,5
BRDA:318,58,0,0
BRDA:318,58,1,0
BRDA:321,59,0,0
BRDA:321,59,1,5
BRDA:323,60,0,0
BRDA:323,60,1,0
BRDA:326,61,0,1
BRDA:326,61,1,4
BRDA:326,62,0,5
BRDA:326,62,1,1
BRDA:329,63,0,0
BRDA:329,63,1,1
BRF:125
BRH:105
end_of_record
TN:
SF:backend/modules/contracts/validators/ContractValidator.js
FN:11,(anonymous_0)
FNF:1
FNH:1
FNDA:13,(anonymous_0)
DA:5,1
DA:12,13
DA:15,13
DA:16,5
DA:17,2
DA:19,3
DA:20,2
DA:25,9
DA:26,3
DA:27,3
DA:28,2
DA:33,7
DA:34,3
DA:35,2
DA:40,5
DA:41,3
DA:42,2
DA:47,3
DA:48,3
DA:49,3
DA:50,2
DA:54,1
DA:58,1
LF:23
LH:23
BRDA:15,0,0,5
BRDA:15,0,1,8
BRDA:16,1,0,2
BRDA:16,1,1,3
BRDA:16,2,0,5
BRDA:16,2,1,5
BRDA:19,3,0,2
BRDA:19,3,1,1
BRDA:25,4,0,3
BRDA:25,4,1,6
BRDA:25,5,0,9
BRDA:25,5,1,3
BRDA:25,5,2,3
BRDA:27,6,0,2
BRDA:27,6,1,1
BRDA:27,7,0,3
BRDA:27,7,1,3
BRDA:33,8,0,3
BRDA:33,8,1,4
BRDA:33,9,0,7
BRDA:33,9,1,3
BRDA:34,10,0,2
BRDA:34,10,1,1
BRDA:40,11,0,3
BRDA:40,11,1,2
BRDA:40,12,0,5
BRDA:40,12,1,3
BRDA:41,13,0,2
BRDA:41,13,1,1
BRDA:48,14,0,3
BRDA:48,14,1,0
BRDA:48,15,0,3
BRDA:48,15,1,3
BRDA:49,16,0,2
BRDA:49,16,1,1
BRF:35
BRH:34
end_of_record
TN:
SF:backend/modules/projects/services/financeService.js
FN:22,loadFinanceInfo
FN:56,calculateProjectFinance
FN:115,getProjectFinanceData
FN:132,loadFinanceForProjects
FN:155,(anonymous_4)
FNF:5
FNH:3
FNDA:3,loadFinanceInfo
FNDA:3,calculateProjectFinance
FNDA:1,getProjectFinanceData
FNDA:0,loadFinanceForProjects
FNDA:0,(anonymous_4)
DA:6,1
DA:23,3
DA:24,3
DA:40,2
DA:45,1
DA:46,1
DA:57,3
DA:59,3
DA:64,3
DA:71,3
DA:78,3
DA:86,3
DA:92,3
DA:96,3
DA:99,3
DA:100,3
DA:102,3
DA:104,0
DA:105,0
DA:116,1
DA:121,1
DA:133,0
DA:135,0
DA:137,0
DA:154,0
DA:155,0
DA:164,0
DA:165,0
DA:169,0
DA:170,0
DA:171,0
DA:173,0
DA:174,0
DA:175,0
DA:180,0
DA:185,0
DA:195,0
DA:198,1
LF:38
LH:20
BRDA:42,0,0,2
BRDA:42,0,1,1
BRDA:92,1,0,3
BRDA:92,1,1,1
BRDA:93,2,0,3
BRDA:93,2,1,2
BRDA:94,3,0,3
BRDA:94,3,1,3
BRDA:96,4,0,3
BRDA:96,4,1,1
BRDA:97,5,0,3
BRDA:97,5,1,3
BRDA:99,6,0,3
BRDA:99,6,1,1
BRDA:100,7,0,2
BRDA:100,7,1,1
BRDA:159,8,0,0
BRDA:159,8,1,0
BRDA:171,9,0,0
BRDA:171,9,1,0
BRDA:175,10,0,0
BRDA:175,10,1,0
BRF:22
BRH:16
end_of_record
TN:
SF:backend/modules/projects/services/projectService.js
FN:16,transformProject
FN:29,(anonymous_1)
FN:43,loadTagsForProjects
FN:45,(anonymous_3)
FN:49,(anonymous_4)
FN:63,getAllProjects
FN:75,(anonymous_6)
FN:107,getSalesPipeline
FN:124,(anonymous_8)
FN:154,getProjectById
FN:181,(anonymous_10)
FN:189,getProjectStats
FN:230,createProject
FN:292,updateProject
FN:386,deleteProject
FN:396,bulkDeleteProjects
FN:409,bulkUpdateProjects
FN:420,(anonymous_17)
FN:435,completeProject
FN:452,archiveProject
FNF:20
FNH:9
FNDA:8,transformProject
FNDA:84,(anonymous_1)
FNDA:0,loadTagsForProjects
FNDA:0,(anonymous_3)
FNDA:0,(anonymous_4)
FNDA:0,getAllProjects
FNDA:0,(anonymous_6)
FNDA:0,getSalesPipeline
FNDA:0,(anonymous_8)
FNDA:1,getProjectById
FNDA:0,(anonymous_10)
FNDA:2,getProjectStats
FNDA:1,createProject
FNDA:2,updateProject
FNDA:2,deleteProject
FNDA:0,bulkDeleteProjects
FNDA:2,bulkUpdateProjects
FNDA:3,(anonymous_17)
FNDA:0,completeProject
FNDA:0,archiveProject
DA:6,1
DA:7,1
DA:8,1
DA:9,1
DA:17,8
DA:18,6
DA:24,6
DA:29,6
DA:30,84
DA:31,5
DA:35,6
DA:44,0
DA:45,0
DA:46,0
DA:48,0
DA:49,0
DA:50,0
DA:51,0
DA:52,0
DA:54,0
DA:56,0
DA:64,0
DA:72,0
DA:73,0
DA:75,0
DA:76,0
DA:79,0
DA:80,0
DA:82,0
DA:83,0
DA:86,0
DA:93,0
DA:95,0
DA:108,0
DA:119,0
DA:121,0
DA:122,0
DA:124,0
DA:125,0
DA:126,0
DA:127,0
DA:129,0
DA:137,0
DA:155,1
DA:162,1
DA:163,0
DA:166,1
DA:167,1
DA:168,1
DA:169,0
DA:171,1
DA:172,0
DA:175,1
DA:176,1
DA:178,1
DA:181,0
DA:190,2
DA:205,2
DA:206,2
DA:207,2
DA:209,2
DA:231,1
DA:234,1
DA:235,1
DA:237,1
DA:243,1
DA:262,1
DA:263,1
DA:265,1
DA:266,0
DA:267,0
DA:271,1
DA:281,1
DA:283,1
DA:293,2
DA:294,2
DA:295,2
DA:298,2
DA:319,2
DA:320,36
DA:321,3
DA:322,3
DA:323,3
DA:324,0
DA:326,3
DA:330,2
DA:331,2
DA:332,1
DA:333,1
DA:336,2
DA:337,2
DA:338,2
DA:344,2
DA:345,2
DA:349,1
DA:350,0
DA:351,0
DA:352,0
DA:353,0
DA:358,1
DA:360,1
DA:361,1
DA:369,1
DA:370,0
DA:378,1
DA:387,2
DA:388,2
DA:397,0
DA:398,0
DA:399,0
DA:410,2
DA:412,2
DA:413,1
DA:416,1
DA:417,1
DA:420,3
DA:436,0
DA:442,0
DA:443,0
DA:444,0
DA:453,0
DA:459,0
DA:460,0
DA:461,0
DA:464,1
LF:125
LH:70
BRDA:17,0,0,2
BRDA:17,0,1,6
BRDA:20,1,0,1
BRDA:20,1,1,5
BRDA:30,2,0,5
BRDA:30,2,1,79
BRDA:30,3,0,84
BRDA:30,3,1,79
BRDA:44,4,0,0
BRDA:44,4,1,0
BRDA:44,5,0,0
BRDA:44,5,1,0
BRDA:51,6,0,0
BRDA:51,6,1,0
BRDA:79,7,0,0
BRDA:79,7,1,0
BRDA:82,8,0,0
BRDA:82,8,1,0
BRDA:86,9,0,0
BRDA:86,9,1,0
BRDA:93,10,0,0
BRDA:93,10,1,0
BRDA:126,11,0,0
BRDA:126,11,1,0
BRDA:127,12,0,0
BRDA:127,12,1,0
BRDA:129,13,0,0
BRDA:129,13,1,0
BRDA:140,14,0,0
BRDA:140,14,1,0
BRDA:141,15,0,0
BRDA:141,15,1,0
BRDA:142,16,0,0
BRDA:142,16,1,0
BRDA:143,17,0,0
BRDA:143,17,1,0
BRDA:144,18,0,0
BRDA:144,18,1,0
BRDA:162,19,0,0
BRDA:162,19,1,1
BRDA:168,20,0,0
BRDA:168,20,1,1
BRDA:171,21,0,0
BRDA:171,21,1,1
BRDA:206,22,0,2
BRDA:206,22,1,1
BRDA:207,23,0,2
BRDA:207,23,1,1
BRDA:210,24,0,2
BRDA:210,24,1,1
BRDA:211,25,0,2
BRDA:211,25,1,1
BRDA:212,26,0,2
BRDA:212,26,1,1
BRDA:213,27,0,2
BRDA:213,27,1,1
BRDA:214,28,0,2
BRDA:214,28,1,1
BRDA:215,29,0,2
BRDA:215,29,1,1
BRDA:216,30,0,2
BRDA:216,30,1,1
BRDA:219,31,0,1
BRDA:219,31,1,1
BRDA:245,32,0,1
BRDA:245,32,1,1
BRDA:249,33,0,1
BRDA:249,33,1,0
BRDA:250,34,0,1
BRDA:250,34,1,1
BRDA:251,35,0,1
BRDA:251,35,1,1
BRDA:252,36,0,1
BRDA:252,36,1,0
BRDA:254,37,0,1
BRDA:254,37,1,1
BRDA:255,38,0,1
BRDA:255,38,1,1
BRDA:256,39,0,1
BRDA:256,39,1,1
BRDA:257,40,0,1
BRDA:257,40,1,1
BRDA:265,41,0,0
BRDA:265,41,1,1
BRDA:265,42,0,1
BRDA:265,42,1,0
BRDA:278,43,0,1
BRDA:278,43,1,1
BRDA:320,44,0,3
BRDA:320,44,1,33
BRDA:323,45,0,0
BRDA:323,45,1,3
BRDA:331,46,0,1
BRDA:331,46,1,1
BRDA:331,47,0,2
BRDA:331,47,1,1
BRDA:333,48,0,1
BRDA:333,48,1,0
BRDA:336,49,0,2
BRDA:336,49,1,0
BRDA:345,50,0,1
BRDA:345,50,1,1
BRDA:349,51,0,0
BRDA:349,51,1,1
BRDA:351,52,0,0
BRDA:351,52,1,0
BRDA:351,53,0,0
BRDA:351,53,1,0
BRDA:360,54,0,1
BRDA:360,54,1,0
BRDA:360,55,0,1
BRDA:360,55,1,1
BRDA:369,56,0,0
BRDA:369,56,1,1
BRDA:369,57,0,1
BRDA:369,57,1,1
BRDA:397,58,0,0
BRDA:397,58,1,0
BRDA:397,59,0,0
BRDA:397,59,1,0
BRDA:412,60,0,1
BRDA:412,60,1,1
BRDA:443,61,0,0
BRDA:443,61,1,0
BRDA:460,62,0,0
BRDA:460,62,1,0
BRF:126
BRH:71
end_of_record
TN:
SF:backend/modules/templates/controllers/templateController.js
FN:7,(anonymous_0)
FN:54,(anonymous_1)
FN:95,(anonymous_2)
FN:140,(anonymous_3)
FN:187,(anonymous_4)
FN:283,(anonymous_5)
FN:333,(anonymous_6)
FN:367,(anonymous_7)
FN:386,(anonymous_8)
FN:398,(anonymous_9)
FN:422,(anonymous_10)
FNF:11
FNH:5
FNDA:2,(anonymous_0)
FNDA:0,(anonymous_1)
FNDA:2,(anonymous_2)
FNDA:3,(anonymous_3)
FNDA:2,(anonymous_4)
FNDA:0,(anonymous_5)
FNDA:1,(anonymous_6)
FNDA:0,(anonymous_7)
FNDA:0,(anonymous_8)
FNDA:0,(anonymous_9)
FNDA:0,(anonymous_10)
DA:1,1
DA:2,1
DA:3,1
DA:4,1
DA:5,1
DA:7,1
DA:8,2
DA:9,2
DA:11,2
DA:19,2
DA:21,2
DA:22,1
DA:23,1
DA:26,2
DA:27,0
DA:28,0
DA:31,2
DA:32,1
DA:33,1
DA:37,2
DA:38,2
DA:39,0
DA:40,0
DA:41,0
DA:44,2
DA:46,2
DA:47,2
DA:49,0
DA:50,0
DA:54,1
DA:55,0
DA:56,0
DA:57,0
DA:65,0
DA:66,0
DA:69,0
DA:72,0
DA:73,0
DA:74,0
DA:78,0
DA:79,0
DA:83,0
DA:86,0
DA:88,0
DA:90,0
DA:91,0
DA:95,1
DA:96,2
DA:97,2
DA:98,2
DA:100,2
DA:101,2
DA:102,0
DA:103,0
DA:105,0
DA:109,2
DA:110,2
DA:111,0
DA:112,0
DA:114,0
DA:118,2
DA:120,2
DA:121,1
DA:122,1
DA:124,1
DA:140,1
DA:141,3
DA:142,1
DA:145,1
DA:151,1
DA:152,1
DA:153,1
DA:154,1
DA:155,1
DA:156,1
DA:158,0
DA:161,2
DA:169,2
DA:171,2
DA:172,0
DA:173,0
DA:180,2
DA:182,0
DA:183,0
DA:187,1
DA:188,2
DA:189,2
DA:192,2
DA:193,2
DA:194,0
DA:195,0
DA:196,0
DA:198,0
DA:202,0
DA:203,0
DA:208,2
DA:210,2
DA:211,2
DA:212,0
DA:213,0
DA:215,0
DA:219,2
DA:220,2
DA:221,0
DA:222,0
DA:224,0
DA:228,2
DA:245,2
DA:262,2
DA:263,2
DA:264,0
DA:265,0
DA:267,0
DA:283,0
DA:284,0
DA:285,0
DA:288,0
DA:294,0
DA:295,0
DA:296,0
DA:298,0
DA:299,0
DA:300,2
DA:301,0
DA:302,0
DA:305,2
DA:312,2
DA:313,1
DA:316,1
DA:317,0
DA:318,0
DA:319,0
DA:326,1
DA:328,0
DA:329,0
DA:333,1
DA:334,1
DA:335,1
DA:338,1
DA:339,1
DA:340,0
DA:341,0
DA:342,0
DA:344,0
DA:348,0
DA:349,0
DA:354,1
DA:356,1
DA:357,0
DA:360,1
DA:362,0
DA:363,0
DA:367,1
DA:368,0
DA:369,0
DA:370,0
DA:372,0
DA:373,0
DA:377,0
DA:380,0
DA:386,0
DA:391,0
DA:393,0
DA:394,0
DA:398,1
DA:399,0
DA:400,0
DA:401,0
DA:403,0
DA:404,0
DA:407,0
DA:408,0
DA:409,0
DA:412,0
DA:413,0
DA:415,0
DA:417,0
DA:418,0
DA:422,1
DA:423,0
DA:424,0
DA:425,0
DA:427,0
DA:428,0
DA:430,0
DA:432,0
DA:433,0
DA:434,0
DA:435,0
DA:436,0
DA:437,0
DA:438,0
DA:439,0
DA:440,0
DA:444,0
DA:457,0
DA:459,0
DA:460,0
DA:461,0
DA:467,0
DA:469,0
DA:470,0
LF:202
LH:81
BRDA:21,0,0,1
BRDA:21,0,1,1
BRDA:26,1,0,0
BRDA:26,1,1,2
BRDA:31,2,0,1
BRDA:31,2,1,1
BRDA:37,3,0,2
BRDA:37,3,1,0
BRDA:37,3,2,0
BRDA:37,3,3,0
BRDA:38,4,0,0
BRDA:38,4,1,2
BRDA:38,5,0,2
BRDA:38,5,1,0
BRDA:65,6,0,0
BRDA:65,6,1,0
BRDA:72,7,0,0
BRDA:72,7,1,0
BRDA:72,7,2,0
BRDA:72,7,3,0
BRDA:73,8,0,0
BRDA:73,8,1,0
BRDA:73,9,0,0
BRDA:73,9,1,0
BRDA:73,9,2,0
BRDA:73,9,3,0
BRDA:78,10,0,0
BRDA:78,10,1,0
BRDA:98,11,0,2
BRDA:98,11,1,2
BRDA:101,12,0,0
BRDA:101,12,1,2
BRDA:103,13,0,0
BRDA:103,13,1,0
BRDA:110,14,0,0
BRDA:110,14,1,2
BRDA:112,15,0,0
BRDA:112,15,1,0
BRDA:120,16,0,1
BRDA:120,16,1,1
BRDA:120,17,0,2
BRDA:120,17,1,1
BRDA:121,18,0,1
BRDA:121,18,1,1
BRDA:122,19,0,1
BRDA:122,19,1,1
BRDA:141,20,0,2
BRDA:141,20,1,1
BRDA:147,21,0,1
BRDA:147,21,1,1
BRDA:149,22,0,1
BRDA:149,22,1,1
BRDA:155,23,0,1
BRDA:155,23,1,0
BRDA:167,24,0,2
BRDA:167,24,1,2
BRDA:167,25,0,2
BRDA:167,25,1,1
BRDA:167,26,0,2
BRDA:167,26,1,2
BRDA:167,27,0,2
BRDA:167,27,1,2
BRDA:167,28,0,2
BRDA:167,28,1,2
BRDA:167,29,0,2
BRDA:167,29,1,2
BRDA:167,30,0,2
BRDA:167,30,1,2
BRDA:171,31,0,0
BRDA:171,31,1,2
BRDA:171,32,0,2
BRDA:171,32,1,2
BRDA:192,33,0,2
BRDA:192,33,1,0
BRDA:192,33,2,0
BRDA:192,33,3,0
BRDA:193,34,0,0
BRDA:193,34,1,2
BRDA:193,35,0,2
BRDA:193,35,1,0
BRDA:195,36,0,0
BRDA:195,36,1,0
BRDA:196,37,0,0
BRDA:196,37,1,0
BRDA:202,38,0,0
BRDA:202,38,1,0
BRDA:211,39,0,0
BRDA:211,39,1,2
BRDA:213,40,0,0
BRDA:213,40,1,0
BRDA:220,41,0,0
BRDA:220,41,1,2
BRDA:222,42,0,0
BRDA:222,42,1,0
BRDA:250,43,0,0
BRDA:250,43,1,2
BRDA:250,44,0,0
BRDA:250,44,1,0
BRDA:251,45,0,0
BRDA:251,45,1,2
BRDA:251,46,0,0
BRDA:251,46,1,0
BRDA:252,47,0,2
BRDA:252,47,1,1
BRDA:253,48,0,2
BRDA:253,48,1,2
BRDA:254,49,0,0
BRDA:254,49,1,2
BRDA:254,50,0,0
BRDA:254,50,1,0
BRDA:255,51,0,0
BRDA:255,51,1,2
BRDA:255,52,0,0
BRDA:255,52,1,0
BRDA:256,53,0,0
BRDA:256,53,1,2
BRDA:256,54,0,0
BRDA:256,54,1,0
BRDA:258,55,0,2
BRDA:258,55,1,2
BRDA:263,56,0,0
BRDA:263,56,1,2
BRDA:263,57,0,2
BRDA:263,57,1,0
BRDA:264,58,0,0
BRDA:264,58,1,0
BRDA:265,59,0,0
BRDA:265,59,1,0
BRDA:284,60,0,0
BRDA:284,60,1,0
BRDA:290,61,0,0
BRDA:290,61,1,0
BRDA:290,62,0,0
BRDA:290,62,1,0
BRDA:292,63,0,0
BRDA:292,63,1,0
BRDA:292,64,0,0
BRDA:292,64,1,0
BRDA:300,65,0,0
BRDA:300,65,1,2
BRDA:312,66,0,1
BRDA:312,66,1,1
BRDA:316,67,0,0
BRDA:316,67,1,1
BRDA:338,68,0,1
BRDA:338,68,1,0
BRDA:338,68,2,0
BRDA:338,68,3,0
BRDA:339,69,0,0
BRDA:339,69,1,1
BRDA:339,70,0,1
BRDA:339,70,1,0
BRDA:341,71,0,0
BRDA:341,71,1,0
BRDA:342,72,0,0
BRDA:342,72,1,0
BRDA:348,73,0,0
BRDA:348,73,1,0
BRDA:356,74,0,0
BRDA:356,74,1,1
BRDA:372,75,0,0
BRDA:372,75,1,0
BRDA:377,76,0,0
BRDA:377,76,1,0
BRDA:388,77,0,0
BRDA:388,77,1,0
BRDA:403,78,0,0
BRDA:403,78,1,0
BRDA:408,79,0,0
BRDA:408,79,1,0
BRDA:425,80,0,0
BRDA:425,80,1,0
BRDA:428,81,0,0
BRDA:428,81,1,0
BRDA:433,82,0,0
BRDA:433,82,1,0
BRDA:435,83,0,0
BRDA:435,83,1,0
BRF:178
BRH:70
end_of_record
TN:
SF:backend/modules/templates/services/data-providers/BaseDataProvider.js
FN:9,(anonymous_0)
FN:18,(anonymous_1)
FN:22,(anonymous_2)
FN:30,(anonymous_3)
FN:42,(anonymous_4)
FN:68,(anonymous_5)
FNF:6
FNH:0
FNDA:0,(anonymous_0)
FNDA:0,(anonymous_1)
FNDA:0,(anonymous_2)
FNDA:0,(anonymous_3)
FNDA:0,(anonymous_4)
FNDA:0,(anonymous_5)
DA:1,1
DA:2,1
DA:10,0
DA:11,0
DA:19,0
DA:23,0
DA:31,0
DA:32,0
DA:43,0
DA:45,0
DA:46,0
DA:51,0
DA:52,0
DA:54,0
DA:55,0
DA:57,0
DA:59,0
DA:60,0
DA:69,0
DA:73,1
LF:20
LH:3
BRDA:43,0,0,0
BRDA:43,0,1,0
BRDA:55,1,0,0
BRDA:55,1,1,0
BRF:4
BRH:0
end_of_record
TN:
SF:backend/modules/templates/services/data-providers/ContractDataProvider.js
FN:5,(anonymous_0)
FN:26,(anonymous_1)
FNF:2
FNH:0
FNDA:0,(anonymous_0)
FNDA:0,(anonymous_1)
DA:1,1
DA:2,1
DA:6,0
DA:28,0
DA:45,0
DA:46,0
DA:47,0
DA:50,0
DA:71,1
LF:9
LH:3
BRDA:46,0,0,0
BRDA:46,0,1,0
BRDA:52,1,0,0
BRDA:52,1,1,0
BRDA:53,2,0,0
BRDA:53,2,1,0
BRDA:54,3,0,0
BRDA:54,3,1,0
BRDA:55,4,0,0
BRDA:55,4,1,0
BRDA:56,5,0,0
BRDA:56,5,1,0
BRDA:57,6,0,0
BRDA:57,6,1,0
BRDA:58,7,0,0
BRDA:58,7,1,0
BRDA:59,8,0,0
BRDA:59,8,1,0
BRDA:60,9,0,0
BRDA:60,9,1,0
BRDA:61,10,0,0
BRDA:61,10,1,0
BRDA:62,11,0,0
BRDA:62,11,1,0
BRDA:63,12,0,0
BRDA:63,12,1,0
BRDA:64,13,0,0
BRDA:64,13,1,0
BRDA:65,14,0,0
BRDA:65,14,1,0
BRF:30
BRH:0
end_of_record
TN:
SF:backend/modules/templates/services/data-providers/ContractorDataProvider.js
FN:5,(anonymous_0)
FN:9,(anonymous_1)
FN:23,(anonymous_2)
FNF:3
FNH:0
FNDA:0,(anonymous_0)
FNDA:0,(anonymous_1)
FNDA:0,(anonymous_2)
DA:1,1
DA:2,1
DA:6,0
DA:10,0
DA:24,0
DA:29,0
DA:30,0
DA:33,0
DA:35,0
DA:49,1
LF:10
LH:3
BRDA:5,0,0,0
BRDA:29,1,0,0
BRDA:29,1,1,0
BRDA:37,2,0,0
BRDA:37,2,1,0
BRDA:38,3,0,0
BRDA:38,3,1,0
BRDA:39,4,0,0
BRDA:39,4,1,0
BRDA:40,5,0,0
BRDA:40,5,1,0
BRDA:41,6,0,0
BRDA:41,6,1,0
BRDA:42,7,0,0
BRDA:42,7,1,0
BRDA:43,8,0,0
BRDA:43,8,1,0
BRDA:44,9,0,0
BRDA:44,9,1,0
BRF:19
BRH:0
end_of_record
TN:
SF:backend/modules/templates/services/data-providers/DataProviderFactory.js
FN:15,(anonymous_0)
FN:37,(anonymous_1)
FNF:2
FNH:0
FNDA:0,(anonymous_0)
FNDA:0,(anonymous_1)
DA:1,1
DA:2,1
DA:3,1
DA:4,1
DA:5,1
DA:6,1
DA:16,0
DA:18,0
DA:20,0
DA:22,0
DA:24,0
DA:26,0
DA:28,0
DA:30,0
DA:38,0
DA:40,0
DA:42,0
DA:44,0
DA:46,0
DA:48,0
DA:50,0
DA:52,0
DA:57,1
LF:23
LH:7
BRDA:16,0,0,0
BRDA:16,0,1,0
BRDA:16,0,2,0
BRDA:16,0,3,0
BRDA:16,0,4,0
BRDA:16,0,5,0
BRDA:16,0,6,0
BRDA:38,1,0,0
BRDA:38,1,1,0
BRDA:38,1,2,0
BRDA:38,1,3,0
BRDA:38,1,4,0
BRDA:38,1,5,0
BRDA:38,1,6,0
BRF:14
BRH:0
end_of_record
TN:
SF:backend/modules/templates/services/data-providers/LegalCaseDataProvider.js
FN:4,(anonymous_0)
FN:8,(anonymous_1)
FN:53,(anonymous_2)
FNF:3
FNH:0
FNDA:0,(anonymous_0)
FNDA:0,(anonymous_1)
FNDA:0,(anonymous_2)
DA:1,1
DA:5,0
DA:9,0
DA:11,0
DA:30,0
DA:31,0
DA:32,0
DA:35,0
DA:38,0
DA:54,0
DA:70,1
LF:11
LH:2
BRDA:31,0,0,0
BRDA:31,0,1,0
BRDA:40,1,0,0
BRDA:40,1,1,0
BRDA:41,2,0,0
BRDA:41,2,1,0
BRDA:42,3,0,0
BRDA:42,3,1,0
BRDA:43,4,0,0
BRDA:43,4,1,0
BRDA:44,5,0,0
BRDA:44,5,1,0
BRDA:45,6,0,0
BRDA:45,6,1,0
BRDA:46,7,0,0
BRDA:46,7,1,0
BRDA:47,8,0,0
BRDA:47,8,1,0
BRDA:48,9,0,0
BRDA:48,9,1,0
BRDA:49,10,0,0
BRDA:49,10,1,0
BRF:22
BRH:0
end_of_record
TN:
SF:backend/modules/templates/services/data-providers/MailDataProvider.js
FN:4,(anonymous_0)
FN:9,(anonymous_1)
FN:38,(anonymous_2)
FNF:3
FNH:0
FNDA:0,(anonymous_0)
FNDA:0,(anonymous_1)
FNDA:0,(anonymous_2)
DA:1,1
DA:6,0
DA:10,0
DA:12,0
DA:24,0
DA:25,0
DA:27,0
DA:39,0
DA:52,1
LF:9
LH:2
BRDA:25,0,0,0
BRDA:25,0,1,0
BRDA:28,1,0,0
BRDA:28,1,1,0
BRDA:29,2,0,0
BRDA:29,2,1,0
BRDA:30,3,0,0
BRDA:30,3,1,0
BRDA:31,4,0,0
BRDA:31,4,1,0
BRDA:32,5,0,0
BRDA:32,5,1,0
BRF:12
BRH:0
end_of_record
TN:
SF:backend/modules/templates/services/data-providers/ProjectDataProvider.js
FN:5,(anonymous_0)
FN:20,(anonymous_1)
FN:34,(anonymous_2)
FNF:3
FNH:0
FNDA:0,(anonymous_0)
FNDA:0,(anonymous_1)
FNDA:0,(anonymous_2)
DA:1,1
DA:2,1
DA:6,0
DA:21,0
DA:25,0
DA:26,0
DA:27,0
DA:30,0
DA:34,0
DA:41,0
DA:54,1
LF:11
LH:3
BRDA:26,0,0,0
BRDA:26,0,1,0
BRDA:35,1,0,0
BRDA:35,1,1,0
BRDA:36,2,0,0
BRDA:36,2,1,0
BRDA:37,3,0,0
BRDA:37,3,1,0
BRDA:38,4,0,0
BRDA:38,4,1,0
BRDA:43,5,0,0
BRDA:43,5,1,0
BRDA:44,6,0,0
BRDA:44,6,1,0
BRDA:45,7,0,0
BRDA:45,7,1,0
BRDA:46,8,0,0
BRDA:46,8,1,0
BRDA:47,9,0,0
BRDA:47,9,1,0
BRDA:48,10,0,0
BRDA:48,10,1,0
BRF:22
BRH:0
end_of_record
TN:
SF:backend/modules/templates/services/data-providers/TaskDataProvider.js
FN:8,(anonymous_0)
FN:21,(anonymous_1)
FNF:2
FNH:0
FNDA:0,(anonymous_0)
FNDA:0,(anonymous_1)
DA:1,1
DA:2,1
DA:9,0
DA:22,0
DA:23,0
DA:26,0
DA:40,0
DA:42,0
DA:43,0
DA:47,0
DA:49,0
DA:63,1
LF:12
LH:3
BRDA:22,0,0,0
BRDA:22,0,1,0
BRDA:42,1,0,0
BRDA:42,1,1,0
BRDA:51,2,0,0
BRDA:51,2,1,0
BRDA:52,3,0,0
BRDA:52,3,1,0
BRDA:53,4,0,0
BRDA:53,4,1,0
BRDA:54,5,0,0
BRDA:54,5,1,0
BRDA:55,6,0,0
BRDA:55,6,1,0
BRDA:56,7,0,0
BRDA:56,7,1,0
BRDA:57,8,0,0
BRDA:57,8,1,0
BRF:18
BRH:0
end_of_record
TN:
SF:backend/utils/dateHelpers.js
FN:10,(anonymous_0)
FN:36,(anonymous_1)
FN:73,(anonymous_2)
FN:100,(anonymous_3)
FN:115,(anonymous_4)
FN:125,(anonymous_5)
FN:137,(anonymous_6)
FNF:7
FNH:2
FNDA:1,(anonymous_0)
FNDA:3,(anonymous_1)
FNDA:0,(anonymous_2)
FNDA:0,(anonymous_3)
FNDA:0,(anonymous_4)
FNDA:0,(anonymous_5)
FNDA:0,(anonymous_6)
DA:10,1
DA:11,1
DA:13,1
DA:14,1
DA:17,1
DA:18,0
DA:21,1
DA:22,1
DA:23,1
DA:25,1
DA:27,0
DA:36,1
DA:37,3
DA:39,0
DA:41,0
DA:42,0
DA:46,0
DA:47,0
DA:48,0
DA:49,0
DA:50,0
DA:52,0
DA:55,0
DA:56,0
DA:59,0
DA:62,0
DA:64,0
DA:73,1
DA:74,0
DA:76,0
DA:77,0
DA:79,0
DA:80,0
DA:83,0
DA:84,0
DA:85,0
DA:86,0
DA:87,0
DA:89,0
DA:91,0
DA:100,1
DA:101,0
DA:103,0
DA:104,0
DA:105,0
DA:107,0
DA:115,1
DA:116,0
DA:125,1
DA:126,0
DA:127,0
DA:128,0
DA:137,1
DA:138,0
DA:139,0
DA:140,0
DA:141,0
DA:144,1
LF:58
LH:17
BRDA:11,0,0,0
BRDA:11,0,1,1
BRDA:17,1,0,0
BRDA:17,1,1,1
BRDA:37,2,0,3
BRDA:37,2,1,0
BRDA:41,3,0,0
BRDA:41,3,1,0
BRDA:41,4,0,0
BRDA:41,4,1,0
BRDA:41,4,2,0
BRDA:47,5,0,0
BRDA:47,5,1,0
BRDA:55,6,0,0
BRDA:55,6,1,0
BRDA:74,7,0,0
BRDA:74,7,1,0
BRDA:79,8,0,0
BRDA:79,8,1,0
BRDA:101,9,0,0
BRDA:101,9,1,0
BRF:21
BRH:3
end_of_record
TN:
SF:backend/utils/errorHandler.js
FN:16,(anonymous_0)
FN:17,(anonymous_1)
FN:18,(anonymous_2)
FN:38,(anonymous_3)
FN:50,(anonymous_4)
FN:56,(anonymous_5)
FN:62,(anonymous_6)
FN:68,(anonymous_7)
FNF:8
FNH:3
FNDA:35,(anonymous_0)
FNDA:43,(anonymous_1)
FNDA:0,(anonymous_2)
FNDA:12,(anonymous_3)
FNDA:0,(anonymous_4)
FNDA:0,(anonymous_5)
FNDA:0,(anonymous_6)
FNDA:0,(anonymous_7)
DA:1,3
DA:16,3
DA:17,35
DA:18,43
DA:20,0
DA:23,0
DA:26,0
DA:39,12
DA:40,12
DA:41,12
DA:42,12
DA:51,0
DA:57,0
DA:63,0
DA:69,0
DA:73,3
LF:16
LH:9
BRDA:23,0,0,0
BRDA:23,0,1,0
BRDA:27,1,0,0
BRDA:27,1,1,0
BRDA:28,2,0,0
BRDA:28,2,1,0
BRDA:38,3,0,0
BRDA:50,4,0,0
BRDA:56,5,0,0
BRDA:62,6,0,0
BRDA:68,7,0,0
BRF:11
BRH:0
end_of_record
TN:
SF:backend/utils/eventBus.js
FN:4,(anonymous_0)
FN:15,(anonymous_1)
FN:16,(anonymous_2)
FNF:3
FNH:2
FNDA:1,(anonymous_0)
FNDA:2,(anonymous_1)
FNDA:0,(anonymous_2)
DA:1,1
DA:5,1
DA:7,1
DA:16,2
DA:17,0
DA:23,1
DA:25,1
LF:7
LH:6
BRF:0
BRH:0
end_of_record
TN:
SF:backend/utils/logger.js
FN:18,isLogToDbEnabled
FN:32,(anonymous_1)
FN:46,(anonymous_2)
FN:65,writeLogToDb
FN:73,(anonymous_4)
FN:105,(anonymous_5)
FN:111,(anonymous_6)
FN:117,(anonymous_7)
FN:136,(anonymous_8)
FN:148,(anonymous_9)
FN:160,(anonymous_10)
FN:173,(anonymous_11)
FN:192,(anonymous_12)
FN:206,(anonymous_13)
FN:214,(anonymous_14)
FN:228,(anonymous_15)
FN:236,(anonymous_16)
FN:250,(anonymous_17)
FN:260,(anonymous_18)
FN:276,(anonymous_19)
FN:316,(anonymous_20)
FNF:21
FNH:1
FNDA:0,isLogToDbEnabled
FNDA:0,(anonymous_1)
FNDA:0,(anonymous_2)
FNDA:0,writeLogToDb
FNDA:0,(anonymous_4)
FNDA:0,(anonymous_5)
FNDA:0,(anonymous_6)
FNDA:0,(anonymous_7)
FNDA:0,(anonymous_8)
FNDA:5,(anonymous_9)
FNDA:0,(anonymous_10)
FNDA:0,(anonymous_11)
FNDA:0,(anonymous_12)
FNDA:0,(anonymous_13)
FNDA:0,(anonymous_14)
FNDA:0,(anonymous_15)
FNDA:0,(anonymous_16)
FNDA:0,(anonymous_17)
FNDA:0,(anonymous_18)
FNDA:0,(anonymous_19)
FNDA:0,(anonymous_20)
DA:1,5
DA:2,5
DA:5,5
DA:6,5
DA:7,0
DA:11,5
DA:12,5
DA:19,0
DA:20,0
DA:21,0
DA:24,0
DA:26,0
DA:27,0
DA:32,0
DA:33,0
DA:34,0
DA:36,0
DA:38,0
DA:40,0
DA:41,0
DA:44,0
DA:46,0
DA:47,0
DA:48,0
DA:50,0
DA:53,0
DA:56,0
DA:57,0
DA:58,0
DA:66,0
DA:68,0
DA:69,0
DA:70,0
DA:75,0
DA:83,5
DA:105,5
DA:106,0
DA:107,0
DA:110,0
DA:111,0
DA:114,0
DA:115,0
DA:116,0
DA:117,0
DA:118,0
DA:121,0
DA:122,0
DA:123,0
DA:124,0
DA:126,0
DA:130,0
DA:136,5
DA:137,0
DA:138,0
DA:141,0
DA:142,0
DA:148,5
DA:149,5
DA:150,5
DA:151,5
DA:154,5
DA:155,5
DA:160,5
DA:161,0
DA:167,5
DA:174,0
DA:176,0
DA:177,0
DA:179,0
DA:180,0
DA:181,0
DA:182,0
DA:183,0
DA:185,0
DA:189,0
DA:191,0
DA:192,0
DA:193,0
DA:195,0
DA:198,0
DA:207,0
DA:209,0
DA:210,0
DA:211,0
DA:213,0
DA:214,0
DA:215,0
DA:217,0
DA:220,0
DA:229,0
DA:231,0
DA:232,0
DA:233,0
DA:235,0
DA:236,0
DA:237,0
DA:239,0
DA:242,0
DA:251,0
DA:253,0
DA:254,0
DA:255,0
DA:257,0
DA:260,0
DA:261,0
DA:264,0
DA:267,0
DA:277,0
DA:288,0
DA:289,0
DA:293,0
DA:294,0
DA:295,0
DA:296,0
DA:298,0
DA:302,0
DA:304,0
DA:305,0
DA:306,0
DA:307,0
DA:309,0
DA:315,5
DA:316,5
DA:318,5
LF:124
LH:20
BRDA:6,0,0,0
BRDA:6,0,1,5
BRDA:20,1,0,0
BRDA:20,1,1,0
BRDA:33,2,0,0
BRDA:33,2,1,0
BRDA:33,3,0,0
BRDA:33,3,1,0
BRDA:36,4,0,0
BRDA:36,4,1,0
BRDA:36,4,2,0
BRDA:44,5,0,0
BRDA:44,5,1,0
BRDA:44,6,0,0
BRDA:44,6,1,0
BRDA:65,7,0,0
BRDA:65,8,0,0
BRDA:66,9,0,0
BRDA:66,9,1,0
BRDA:72,10,0,0
BRDA:72,10,1,0
BRDA:106,11,0,0
BRDA:106,11,1,0
BRDA:106,12,0,0
BRDA:106,12,1,0
BRDA:110,13,0,0
BRDA:110,13,1,0
BRDA:121,14,0,0
BRDA:121,14,1,0
BRDA:123,15,0,0
BRDA:123,15,1,0
BRDA:123,16,0,0
BRDA:123,16,1,0
BRDA:137,17,0,0
BRDA:137,17,1,0
BRDA:137,18,0,0
BRDA:137,18,1,0
BRDA:149,19,0,5
BRDA:149,19,1,5
BRDA:151,20,0,5
BRDA:151,20,1,0
BRDA:173,21,0,0
BRDA:174,22,0,0
BRDA:174,22,1,0
BRDA:179,23,0,0
BRDA:179,23,1,0
BRDA:180,24,0,0
BRDA:180,24,1,0
BRDA:182,25,0,0
BRDA:182,25,1,0
BRDA:193,26,0,0
BRDA:193,26,1,0
BRDA:206,27,0,0
BRDA:207,28,0,0
BRDA:207,28,1,0
BRDA:210,29,0,0
BRDA:210,29,1,0
BRDA:215,30,0,0
BRDA:215,30,1,0
BRDA:228,31,0,0
BRDA:229,32,0,0
BRDA:229,32,1,0
BRDA:232,33,0,0
BRDA:232,33,1,0
BRDA:237,34,0,0
BRDA:237,34,1,0
BRDA:250,35,0,0
BRDA:251,36,0,0
BRDA:251,36,1,0
BRDA:254,37,0,0
BRDA:254,37,1,0
BRDA:261,38,0,0
BRDA:261,38,1,0
BRDA:282,39,0,0
BRDA:282,39,1,0
BRDA:283,40,0,0
BRDA:283,40,1,0
BRDA:283,40,2,0
BRDA:284,41,0,0
BRDA:284,41,1,0
BRDA:288,42,0,0
BRDA:288,42,1,0
BRDA:288,43,0,0
BRDA:288,43,1,0
BRDA:293,44,0,0
BRDA:293,44,1,0
BRDA:293,45,0,0
BRDA:293,45,1,0
BRDA:295,46,0,0
BRDA:295,46,1,0
BRDA:304,47,0,0
BRDA:304,47,1,0
BRDA:306,48,0,0
BRDA:306,48,1,0
BRF:94
BRH:4
end_of_record
TN:
SF:backend/utils/responseHelpers.js
FN:12,(anonymous_0)
FN:22,(anonymous_1)
FN:31,(anonymous_2)
FN:41,(anonymous_3)
FN:52,(anonymous_4)
FN:65,(anonymous_5)
FN:75,(anonymous_6)
FN:85,(anonymous_7)
FN:96,(anonymous_8)
FN:113,(anonymous_9)
FNF:10
FNH:6
FNDA:19,(anonymous_0)
FNDA:6,(anonymous_1)
FNDA:0,(anonymous_2)
FNDA:6,(anonymous_3)
FNDA:4,(anonymous_4)
FNDA:7,(anonymous_5)
FNDA:0,(anonymous_6)
FNDA:0,(anonymous_7)
FNDA:0,(anonymous_8)
FNDA:1,(anonymous_9)
DA:12,2
DA:13,19
DA:22,2
DA:23,6
DA:31,2
DA:32,0
DA:41,2
DA:42,6
DA:52,2
DA:53,4
DA:65,2
DA:66,7
DA:75,2
DA:76,0
DA:85,2
DA:86,0
DA:96,2
DA:97,0
DA:113,2
DA:114,1
DA:125,2
LF:21
LH:17
BRDA:12,0,0,19
BRDA:41,1,0,5
BRDA:52,2,0,0
BRDA:52,3,0,4
BRDA:55,4,0,4
BRDA:55,4,1,0
BRDA:65,5,0,0
BRDA:75,6,0,0
BRDA:85,7,0,0
BRDA:96,8,0,0
BRDA:96,9,0,0
BRDA:99,10,0,0
BRDA:99,10,1,0
BRDA:99,10,2,0
BRF:14
BRH:4
end_of_record
TN:
SF:config/apiMock.js
FNF:0
FNH:0
DA:7,2
DA:16,2
LF:2
LH:2
BRF:0
BRH:0
end_of_record
TN:
SF:config/vitestMock.js
FN:17,(anonymous_0)
FN:19,(anonymous_1)
FNF:2
FNH:1
FNDA:0,(anonymous_0)
FNDA:5,(anonymous_1)
DA:5,4
DA:7,4
DA:17,0
DA:19,5
DA:22,4
LF:5
LH:4
BRDA:17,0,0,4
BRDA:17,0,1,0
BRF:2
BRH:1
end_of_record
TN:
SF:frontend/src/components/ui/ColorPicker.tsx
FN:32,ColorPicker
FN:67,(anonymous_2)
FN:76,(anonymous_3)
FN:90,(anonymous_4)
FN:113,ColorSwatch
FN:153,ColorPreview
FNF:6
FNH:2
FNDA:5,ColorPicker
FNDA:80,(anonymous_2)
FNDA:0,(anonymous_3)
FNDA:0,(anonymous_4)
FNDA:0,ColorSwatch
FNDA:0,ColorPreview
DA:1,1
DA:2,1
DA:3,1
DA:4,1
DA:9,1
DA:10,1
DA:32,1
DA:38,5
DA:40,5
DA:68,80
DA:77,0
DA:78,0
DA:90,0
DA:113,1
DA:119,0
DA:125,0
DA:153,1
DA:158,0
DA:160,0
LF:19
LH:12
BRDA:36,0,0,5
BRDA:49,1,0,5
BRDA:49,1,1,5
BRDA:54,2,0,0
BRDA:54,2,1,5
BRDA:54,3,0,5
BRDA:54,3,1,5
BRDA:73,4,0,0
BRDA:73,4,1,80
BRDA:89,5,0,5
BRDA:89,5,1,0
BRDA:95,6,0,5
BRDA:95,6,1,0
BRDA:117,7,0,0
BRDA:133,8,0,0
BRDA:133,8,1,0
BRDA:135,9,0,0
BRDA:135,9,1,0
BRDA:155,10,0,0
BRF:19
BRH:9
end_of_record
TN:
SF:frontend/src/components/ui/alert-dialog.tsx
FN:16,(anonymous_9)
FN:31,(anonymous_10)
FN:46,(anonymous_11)
FN:51,(anonymous_12)
FN:59,(anonymous_13)
FN:67,(anonymous_14)
FN:75,(anonymous_15)
FN:83,(anonymous_16)
FNF:8
FNH:0
FNDA:0,(anonymous_9)
FNDA:0,(anonymous_10)
FNDA:0,(anonymous_11)
FNDA:0,(anonymous_12)
FNDA:0,(anonymous_13)
FNDA:0,(anonymous_14)
FNDA:0,(anonymous_15)
FNDA:0,(anonymous_16)
DA:1,1
DA:2,1
DA:4,1
DA:5,1
DA:7,1
DA:9,1
DA:11,1
DA:13,1
DA:17,0
DA:26,1
DA:28,1
DA:32,0
DA:44,1
DA:46,1
DA:47,0
DA:49,1
DA:51,1
DA:52,0
DA:54,1
DA:56,1
DA:60,0
DA:62,1
DA:64,1
DA:68,0
DA:70,1
DA:72,1
DA:76,0
DA:78,1
DA:80,1
DA:84,0
DA:90,1
DA:93,1
DA:94,1
DA:95,1
DA:96,1
DA:97,1
DA:98,1
DA:99,1
DA:100,1
DA:101,1
DA:102,1
DA:103,1
LF:42
LH:34
BRF:0
BRH:0
end_of_record
TN:
SF:frontend/src/components/ui/button.tsx
FN:43,(anonymous_9)
FNF:1
FNH:1
FNDA:25,(anonymous_9)
DA:2,1
DA:3,1
DA:4,1
DA:6,1
DA:8,1
DA:42,1
DA:44,25
DA:45,25
DA:48,1
DA:50,1
LF:10
LH:10
BRDA:43,0,0,25
BRDA:44,1,0,0
BRDA:44,1,1,25
BRF:3
BRH:2
end_of_record
TN:
SF:frontend/src/components/ui/card.tsx
FN:5,(anonymous_9)
FN:11,(anonymous_10)
FN:18,(anonymous_11)
FN:25,(anonymous_12)
FN:32,(anonymous_13)
FN:37,(anonymous_14)
FNF:6
FNH:2
FNDA:4,(anonymous_9)
FNDA:0,(anonymous_10)
FNDA:0,(anonymous_11)
FNDA:0,(anonymous_12)
FNDA:4,(anonymous_13)
FNDA:0,(anonymous_14)
DA:1,1
DA:3,1
DA:5,1
DA:6,4
DA:8,1
DA:10,1
DA:12,0
DA:15,1
DA:17,1
DA:19,0
DA:22,1
DA:24,1
DA:26,0
DA:29,1
DA:31,1
DA:32,4
DA:34,1
DA:36,1
DA:38,0
DA:41,1
DA:43,1
LF:21
LH:17
BRF:0
BRH:0
end_of_record
TN:
SF:frontend/src/components/ui/confirm-dialog.tsx
FN:33,showConfirm
FN:34,(anonymous_1)
FN:43,useConfirm
FN:46,(anonymous_3)
FN:56,(anonymous_4)
FN:69,ConfirmDialogProvider
FN:77,(anonymous_6)
FN:83,(anonymous_7)
FN:89,(anonymous_8)
FN:95,(anonymous_9)
FN:102,(anonymous_10)
FN:104,(anonymous_11)
FN:110,(anonymous_12)
FNF:13
FNH:1
FNDA:0,showConfirm
FNDA:0,(anonymous_1)
FNDA:8,useConfirm
FNDA:0,(anonymous_3)
FNDA:0,(anonymous_4)
FNDA:0,ConfirmDialogProvider
FNDA:0,(anonymous_6)
FNDA:0,(anonymous_7)
FNDA:0,(anonymous_8)
FNDA:0,(anonymous_9)
FNDA:0,(anonymous_10)
FNDA:0,(anonymous_11)
FNDA:0,(anonymous_12)
DA:6,1
DA:16,1
DA:17,1
DA:28,1
DA:33,1
DA:34,0
DA:35,0
DA:36,0
DA:43,1
DA:44,8
DA:46,8
DA:47,0
DA:48,0
DA:56,8
DA:57,0
DA:58,0
DA:66,8
DA:69,1
DA:70,0
DA:71,0
DA:72,0
DA:77,0
DA:78,0
DA:79,0
DA:80,0
DA:83,0
DA:84,0
DA:85,0
DA:86,0
DA:89,0
DA:90,0
DA:91,0
DA:92,0
DA:95,0
DA:96,0
DA:97,0
DA:98,0
DA:102,0
DA:103,0
DA:104,0
DA:107,0
DA:110,0
LF:42
LH:11
BRDA:47,0,0,0
BRDA:47,0,1,0
BRDA:57,1,0,0
BRDA:57,1,1,0
BRDA:96,2,0,0
BRDA:96,2,1,0
BRDA:110,3,0,0
BRDA:110,3,1,0
BRDA:113,4,0,0
BRDA:113,4,1,0
BRDA:119,5,0,0
BRDA:119,5,1,0
BRDA:121,6,0,0
BRDA:121,6,1,0
BRDA:126,7,0,0
BRDA:126,7,1,0
BRDA:129,8,0,0
BRDA:129,8,1,0
BRF:18
BRH:0
end_of_record
TN:
SF:frontend/src/components/ui/input.tsx
FN:6,(anonymous_9)
FNF:1
FNH:1
FNDA:5,(anonymous_9)
DA:1,1
DA:3,1
DA:5,1
DA:7,5
DA:20,1
DA:22,1
LF:6
LH:6
BRF:0
BRH:0
end_of_record
TN:
SF:frontend/src/components/ui/popover.tsx
FN:13,(anonymous_9)
FNF:1
FNH:1
FNDA:5,(anonymous_9)
DA:1,1
DA:2,1
DA:4,1
DA:6,1
DA:8,1
DA:10,1
DA:14,5
DA:27,1
DA:29,1
LF:9
LH:9
BRDA:13,0,0,0
BRDA:13,1,0,5
BRF:2
BRH:1
end_of_record
TN:
SF:frontend/src/components/ui/select.tsx
FN:16,(anonymous_9)
FN:36,(anonymous_10)
FN:50,(anonymous_11)
FN:64,(anonymous_12)
FN:96,(anonymous_13)
FN:104,(anonymous_14)
FN:127,(anonymous_15)
FNF:7
FNH:5
FNDA:5,(anonymous_9)
FNDA:5,(anonymous_10)
FNDA:5,(anonymous_11)
FNDA:5,(anonymous_12)
FNDA:0,(anonymous_13)
FNDA:20,(anonymous_14)
FNDA:0,(anonymous_15)
DA:1,1
DA:2,1
DA:3,1
DA:5,1
DA:7,1
DA:9,1
DA:11,1
DA:13,1
DA:17,5
DA:31,1
DA:33,1
DA:37,5
DA:45,1
DA:47,1
DA:51,5
DA:59,1
DA:61,1
DA:65,5
DA:91,1
DA:93,1
DA:97,0
DA:99,1
DA:101,1
DA:105,20
DA:122,1
DA:124,1
DA:128,0
DA:130,1
DA:133,1
DA:134,1
DA:135,1
DA:136,1
DA:137,1
DA:138,1
DA:139,1
DA:140,1
DA:141,1
DA:142,1
LF:38
LH:36
BRDA:64,0,0,5
BRDA:70,1,0,5
BRDA:70,1,1,5
BRDA:81,2,0,5
BRDA:81,2,1,5
BRF:5
BRH:5
end_of_record
TN:
SF:frontend/src/hooks/useBulkSelection.ts
FN:67,useBulkSelection
FN:72,(anonymous_1)
FN:77,(anonymous_2)
FN:82,(anonymous_3)
FN:88,(anonymous_4)
FN:90,(anonymous_5)
FN:93,(anonymous_6)
FN:98,(anonymous_7)
FN:107,(anonymous_8)
FN:111,(anonymous_9)
FN:114,(anonymous_10)
FN:121,(anonymous_11)
FN:134,(anonymous_12)
FN:146,(anonymous_13)
FN:152,(anonymous_14)
FNF:15
FNH:15
FNDA:17,useBulkSelection
FNDA:117,(anonymous_1)
FNDA:17,(anonymous_2)
FNDA:17,(anonymous_3)
FNDA:17,(anonymous_4)
FNDA:36,(anonymous_5)
FNDA:17,(anonymous_6)
FNDA:16,(anonymous_7)
FNDA:2,(anonymous_8)
FNDA:3,(anonymous_9)
FNDA:3,(anonymous_10)
FNDA:2,(anonymous_11)
FNDA:3,(anonymous_12)
FNDA:1,(anonymous_13)
FNDA:1,(anonymous_14)
DA:1,1
DA:67,1
DA:72,117
DA:74,17
DA:77,17
DA:78,17
DA:79,17
DA:82,17
DA:83,17
DA:84,17
DA:88,17
DA:89,17
DA:90,36
DA:93,17
DA:94,17
DA:95,16
DA:98,17
DA:99,16
DA:102,17
DA:103,17
DA:104,17
DA:107,17
DA:108,2
DA:109,2
DA:111,3
DA:114,3
DA:116,2
DA:117,2
DA:121,17
DA:122,2
DA:124,1
DA:125,1
DA:128,1
DA:129,1
DA:134,17
DA:135,3
DA:136,3
DA:137,1
DA:139,2
DA:141,3
DA:142,3
DA:146,17
DA:147,1
DA:148,1
DA:152,17
DA:153,1
DA:154,1
DA:157,17
LF:48
LH:48
BRDA:72,0,0,16
BRDA:78,1,0,0
BRDA:78,1,1,17
BRDA:78,2,0,17
BRDA:78,2,1,17
BRDA:83,3,0,0
BRDA:83,3,1,17
BRDA:83,4,0,17
BRDA:83,4,1,17
BRDA:89,5,0,1
BRDA:89,5,1,16
BRDA:94,6,0,1
BRDA:94,6,1,16
BRDA:99,7,0,16
BRDA:99,7,1,12
BRDA:109,8,0,1
BRDA:109,8,1,1
BRDA:122,9,0,1
BRDA:122,9,1,1
BRDA:136,10,0,1
BRDA:136,10,1,2
BRF:21
BRH:19
end_of_record
TN:
SF:frontend/src/hooks/useDataTable.ts
FN:33,useDataTable
FN:45,(anonymous_1)
FN:49,(anonymous_2)
FN:63,(anonymous_3)
FN:73,(anonymous_4)
FN:86,(anonymous_5)
FN:96,(anonymous_6)
FN:98,(anonymous_7)
FN:115,(anonymous_8)
FN:116,(anonymous_9)
FN:130,(anonymous_10)
FN:133,(anonymous_11)
FN:134,(anonymous_12)
FN:137,(anonymous_13)
FN:137,(anonymous_14)
FN:138,(anonymous_15)
FN:139,(anonymous_16)
FN:140,(anonymous_17)
FN:144,(anonymous_18)
FN:147,(anonymous_19)
FN:172,(anonymous_20)
FN:177,(anonymous_21)
FN:185,(anonymous_22)
FN:197,(anonymous_23)
FN:205,(anonymous_24)
FN:210,(anonymous_25)
FN:216,(anonymous_26)
FN:218,(anonymous_27)
FN:229,(anonymous_28)
FN:237,(anonymous_29)
FN:243,(anonymous_30)
FN:249,(anonymous_31)
FN:254,(anonymous_32)
FN:260,(anonymous_33)
FN:268,(anonymous_34)
FN:273,(anonymous_35)
FN:274,(anonymous_36)
FN:282,(anonymous_37)
FN:286,(anonymous_38)
FN:290,(anonymous_39)
FN:293,(anonymous_40)
FN:303,(anonymous_41)
FN:304,(anonymous_42)
FN:305,(anonymous_43)
FN:314,(anonymous_44)
FN:326,(anonymous_45)
FN:327,(anonymous_46)
FN:329,(anonymous_47)
FN:333,(anonymous_48)
FN:334,(anonymous_49)
FN:337,(anonymous_50)
FN:338,(anonymous_51)
FN:341,(anonymous_52)
FN:342,(anonymous_53)
FN:354,(anonymous_54)
FN:355,(anonymous_55)
FN:367,(anonymous_56)
FN:368,(anonymous_57)
FN:369,(anonymous_58)
FN:370,(anonymous_59)
FNF:60
FNH:41
FNDA:54,useDataTable
FNDA:30,(anonymous_1)
FNDA:49,(anonymous_2)
FNDA:1,(anonymous_3)
FNDA:3,(anonymous_4)
FNDA:3,(anonymous_5)
FNDA:27,(anonymous_6)
FNDA:5,(anonymous_7)
FNDA:2,(anonymous_8)
FNDA:3,(anonymous_9)
FNDA:0,(anonymous_10)
FNDA:0,(anonymous_11)
FNDA:0,(anonymous_12)
FNDA:0,(anonymous_13)
FNDA:0,(anonymous_14)
FNDA:0,(anonymous_15)
FNDA:0,(anonymous_16)
FNDA:0,(anonymous_17)
FNDA:0,(anonymous_18)
FNDA:2,(anonymous_19)
FNDA:0,(anonymous_20)
FNDA:5,(anonymous_21)
FNDA:34,(anonymous_22)
FNDA:1,(anonymous_23)
FNDA:34,(anonymous_24)
FNDA:0,(anonymous_25)
FNDA:35,(anonymous_26)
FNDA:0,(anonymous_27)
FNDA:3,(anonymous_28)
FNDA:33,(anonymous_29)
FNDA:1,(anonymous_30)
FNDA:30,(anonymous_31)
FNDA:0,(anonymous_32)
FNDA:3,(anonymous_33)
FNDA:0,(anonymous_34)
FNDA:4,(anonymous_35)
FNDA:4,(anonymous_36)
FNDA:1,(anonymous_37)
FNDA:3,(anonymous_38)
FNDA:1,(anonymous_39)
FNDA:2,(anonymous_40)
FNDA:2,(anonymous_41)
FNDA:2,(anonymous_42)
FNDA:4,(anonymous_43)
FNDA:2,(anonymous_44)
FNDA:0,(anonymous_45)
FNDA:0,(anonymous_46)
FNDA:0,(anonymous_47)
FNDA:2,(anonymous_48)
FNDA:2,(anonymous_49)
FNDA:0,(anonymous_50)
FNDA:0,(anonymous_51)
FNDA:2,(anonymous_52)
FNDA:2,(anonymous_53)
FNDA:1,(anonymous_54)
FNDA:1,(anonymous_55)
FNDA:1,(anonymous_56)
FNDA:1,(anonymous_57)
FNDA:1,(anonymous_58)
FNDA:2,(anonymous_59)
DA:2,1
DA:4,1
DA:33,1
DA:41,54
DA:42,54
DA:45,54
DA:46,30
DA:49,54
DA:50,49
DA:53,54
DA:54,54
DA:55,54
DA:56,54
DA:57,54
DA:59,54
DA:62,54
DA:63,54
DA:64,1
DA:65,1
DA:69,54
DA:72,54
DA:73,54
DA:74,3
DA:75,3
DA:79,54
DA:80,54
DA:81,54
DA:82,54
DA:85,54
DA:86,54
DA:87,3
DA:88,3
DA:90,54
DA:93,54
DA:96,54
DA:97,27
DA:98,5
DA:99,5
DA:101,5
DA:102,4
DA:103,1
DA:104,1
DA:106,3
DA:110,4
DA:111,4
DA:112,1
DA:114,1
DA:115,2
DA:116,3
DA:118,1
DA:119,1
DA:121,3
DA:125,4
DA:126,1
DA:127,1
DA:129,0
DA:130,0
DA:131,0
DA:133,0
DA:134,0
DA:135,0
DA:137,0
DA:138,0
DA:139,0
DA:140,0
DA:143,0
DA:144,0
DA:147,2
DA:152,4
DA:153,4
DA:154,1
DA:155,1
DA:157,3
DA:161,4
DA:162,4
DA:163,0
DA:164,0
DA:166,4
DA:169,1
DA:170,1
DA:171,1
DA:172,1
DA:173,1
DA:174,1
DA:177,5
DA:180,5
DA:185,54
DA:186,34
DA:187,3
DA:189,3
DA:190,2
DA:193,1
DA:198,1
DA:205,54
DA:206,34
DA:207,3
DA:208,3
DA:209,0
DA:210,0
DA:216,54
DA:217,35
DA:218,3
DA:219,3
DA:221,3
DA:222,0
DA:225,3
DA:230,3
DA:237,54
DA:238,33
DA:239,3
DA:240,3
DA:241,3
DA:242,1
DA:243,1
DA:249,54
DA:250,30
DA:251,3
DA:252,3
DA:253,0
DA:254,0
DA:260,54
DA:261,3
DA:262,3
DA:263,1
DA:265,3
DA:268,54
DA:269,0
DA:270,0
DA:273,54
DA:274,4
DA:275,4
DA:276,4
DA:277,3
DA:278,4
DA:282,54
DA:283,1
DA:284,0
DA:286,3
DA:290,54
DA:293,54
DA:294,2
DA:295,2
DA:296,1
DA:297,1
DA:298,1
DA:300,2
DA:303,54
DA:304,2
DA:305,2
DA:306,4
DA:310,2
DA:313,2
DA:314,2
DA:315,1
DA:321,2
DA:326,54
DA:327,0
DA:328,0
DA:329,0
DA:333,54
DA:334,2
DA:337,54
DA:338,0
DA:341,54
DA:342,2
DA:343,2
DA:344,2
DA:345,2
DA:346,2
DA:347,1
DA:348,1
DA:349,1
DA:350,2
DA:354,54
DA:355,1
DA:356,1
DA:357,1
DA:358,1
DA:359,1
DA:360,1
DA:361,1
DA:362,1
DA:367,54
DA:368,1
DA:369,1
DA:370,2
DA:371,1
DA:372,1
DA:373,1
DA:374,1
DA:375,1
DA:379,54
LF:192
LH:166
BRDA:36,0,0,43
BRDA:38,1,0,53
BRDA:39,2,0,54
BRDA:97,3,0,5
BRDA:97,3,1,22
BRDA:102,4,0,1
BRDA:102,4,1,3
BRDA:111,5,0,1
BRDA:111,5,1,3
BRDA:111,6,0,4
BRDA:111,6,1,1
BRDA:112,7,0,1
BRDA:112,7,1,0
BRDA:121,8,0,3
BRDA:121,8,1,0
BRDA:125,9,0,1
BRDA:125,9,1,3
BRDA:125,10,0,4
BRDA:125,10,1,4
BRDA:127,11,0,0
BRDA:127,11,1,1
BRDA:127,12,0,1
BRDA:127,12,1,0
BRDA:139,13,0,0
BRDA:139,13,1,0
BRDA:147,14,0,1
BRDA:147,14,1,0
BRDA:153,15,0,1
BRDA:153,15,1,3
BRDA:153,16,0,4
BRDA:153,16,1,1
BRDA:153,16,2,1
BRDA:162,17,0,0
BRDA:162,17,1,4
BRDA:162,18,0,4
BRDA:162,18,1,0
BRDA:170,19,0,1
BRDA:170,19,1,0
BRDA:171,20,0,1
BRDA:171,20,1,0
BRDA:172,21,0,1
BRDA:172,21,1,0
BRDA:186,22,0,3
BRDA:186,22,1,31
BRDA:186,23,0,34
BRDA:186,23,1,10
BRDA:189,24,0,2
BRDA:189,24,1,1
BRDA:206,25,0,3
BRDA:206,25,1,31
BRDA:206,26,0,34
BRDA:206,26,1,9
BRDA:208,27,0,3
BRDA:208,27,1,0
BRDA:217,28,0,3
BRDA:217,28,1,32
BRDA:217,29,0,35
BRDA:217,29,1,9
BRDA:221,30,0,0
BRDA:221,30,1,3
BRDA:238,31,0,3
BRDA:238,31,1,30
BRDA:238,32,0,33
BRDA:238,32,1,10
BRDA:241,33,0,2
BRDA:241,33,1,1
BRDA:250,34,0,3
BRDA:250,34,1,27
BRDA:250,35,0,30
BRDA:250,35,1,8
BRDA:252,36,0,3
BRDA:252,36,1,0
BRDA:262,37,0,1
BRDA:262,37,1,2
BRDA:262,38,0,3
BRDA:262,38,1,1
BRDA:262,38,2,1
BRDA:269,39,0,0
BRDA:269,39,1,0
BRDA:269,40,0,0
BRDA:269,40,1,0
BRDA:276,41,0,1
BRDA:276,41,1,3
BRDA:283,42,0,0
BRDA:283,42,1,1
BRDA:283,43,0,1
BRDA:283,43,1,0
BRDA:295,44,0,1
BRDA:295,44,1,1
BRDA:295,45,0,2
BRDA:295,45,1,1
BRDA:297,46,0,1
BRDA:297,46,1,0
BRDA:297,47,0,1
BRDA:297,47,1,1
BRDA:306,48,0,2
BRDA:306,48,1,2
BRDA:313,49,0,1
BRDA:313,49,1,1
BRDA:328,50,0,0
BRDA:328,50,1,0
BRDA:344,51,0,0
BRDA:344,51,1,2
BRDA:346,52,0,1
BRDA:346,52,1,1
BRDA:346,53,0,2
BRDA:346,53,1,1
BRDA:348,54,0,1
BRDA:348,54,1,0
BRDA:348,55,0,1
BRDA:348,55,1,1
BRDA:358,56,0,0
BRDA:358,56,1,1
BRDA:358,57,0,1
BRDA:358,57,1,1
BRDA:358,57,2,1
BRDA:371,58,0,0
BRDA:371,58,1,1
BRDA:371,59,0,1
BRDA:371,59,1,1
BRDA:371,59,2,1
BRF:121
BRH:93
end_of_record
TN:
SF:frontend/src/lib/color.ts
FN:24,getContrastColor
FN:48,withAlpha
FN:91,generateColorFromString
FN:112,getTagColor
FN:117,(anonymous_4)
FN:131,hexToRgb
FN:150,rgbToHex
FN:151,(anonymous_7)
FN:168,lighten
FN:185,isLightColor
FNF:10
FNH:0
FNDA:0,getContrastColor
FNDA:0,withAlpha
FNDA:0,generateColorFromString
FNDA:0,getTagColor
FNDA:0,(anonymous_4)
FNDA:0,hexToRgb
FNDA:0,rgbToHex
FNDA:0,(anonymous_7)
FNDA:0,lighten
FNDA:0,isLightColor
DA:24,1
DA:25,0
DA:27,0
DA:28,0
DA:29,0
DA:32,0
DA:35,0
DA:48,1
DA:49,0
DA:51,0
DA:52,0
DA:53,0
DA:55,0
DA:61,1
DA:91,1
DA:93,0
DA:94,0
DA:95,0
DA:97,0
DA:98,0
DA:99,0
DA:112,1
DA:116,0
DA:117,0
DA:118,0
DA:119,0
DA:122,0
DA:131,1
DA:132,0
DA:133,0
DA:135,0
DA:150,1
DA:151,0
DA:152,0
DA:153,0
DA:168,1
DA:169,0
DA:170,0
DA:172,0
DA:173,0
DA:174,0
DA:176,0
DA:185,1
DA:186,0
LF:44
LH:9
BRDA:25,0,0,0
BRDA:25,0,1,0
BRDA:35,1,0,0
BRDA:35,1,1,0
BRDA:49,2,0,0
BRDA:49,2,1,0
BRDA:116,3,0,0
BRDA:116,3,1,0
BRDA:118,4,0,0
BRDA:118,4,1,0
BRDA:133,5,0,0
BRDA:133,5,1,0
BRDA:153,6,0,0
BRDA:153,6,1,0
BRF:14
BRH:0
end_of_record
TN:
SF:frontend/src/lib/utils.ts
FN:4,cn
FN:12,parseRowsPerPage
FN:18,formatMoney
FN:29,formatBytes
FNF:4
FNH:1
FNDA:178,cn
FNDA:0,parseRowsPerPage
FNDA:0,formatMoney
FNDA:0,formatBytes
DA:1,1
DA:2,1
DA:4,1
DA:5,178
DA:12,1
DA:13,0
DA:14,0
DA:18,1
DA:19,0
DA:20,0
DA:29,1
DA:30,0
DA:32,0
DA:33,0
DA:34,0
DA:36,0
DA:38,0
LF:17
LH:7
BRDA:13,0,0,0
BRDA:13,0,1,0
BRDA:14,1,0,0
BRDA:14,1,1,0
BRDA:19,2,0,0
BRDA:19,2,1,0
BRDA:19,3,0,0
BRDA:19,3,1,0
BRDA:29,4,0,0
BRDA:30,5,0,0
BRDA:30,5,1,0
BRDA:33,6,0,0
BRDA:33,6,1,0
BRF:13
BRH:0
end_of_record
TN:
SF:frontend/src/lib/validators.ts
FN:8,(anonymous_0)
FN:16,(anonymous_1)
FN:25,(anonymous_2)
FN:34,(anonymous_3)
FNF:4
FNH:1
FNDA:1,(anonymous_0)
FNDA:0,(anonymous_1)
FNDA:0,(anonymous_2)
FNDA:0,(anonymous_3)
DA:8,1
DA:9,1
DA:10,1
DA:16,1
DA:17,0
DA:18,0
DA:19,0
DA:25,1
DA:26,0
DA:27,0
DA:28,0
DA:34,1
DA:35,0
DA:36,0
DA:37,0
LF:15
LH:6
BRDA:17,0,0,0
BRDA:17,0,1,0
BRDA:26,1,0,0
BRDA:26,1,1,0
BRDA:35,2,0,0
BRDA:35,2,1,0
BRF:6
BRH:0
end_of_record
TN:
SF:frontend/src/lib/i18n/index.tsx
FN:12,(anonymous_9)
FN:13,(anonymous_10)
FN:25,(anonymous_11)
FN:44,(anonymous_12)
FN:54,(anonymous_13)
FN:64,(anonymous_14)
FN:74,(anonymous_15)
FN:93,(anonymous_16)
FN:97,(anonymous_17)
FN:101,(anonymous_18)
FN:109,(anonymous_19)
FN:119,(anonymous_20)
FNF:12
FNH:10
FNDA:933,(anonymous_9)
FNDA:9162,(anonymous_10)
FNDA:39,(anonymous_11)
FNDA:7820,(anonymous_12)
FNDA:8415,(anonymous_13)
FNDA:8689,(anonymous_14)
FNDA:9028,(anonymous_15)
FNDA:2,(anonymous_16)
FNDA:0,(anonymous_17)
FNDA:0,(anonymous_18)
FNDA:4,(anonymous_19)
FNDA:16,(anonymous_20)
DA:1,1
DA:2,1
DA:7,1
DA:12,1
DA:13,933
DA:14,9162
DA:15,9162
DA:16,894
DA:18,8268
DA:20,9162
DA:25,1
DA:27,39
DA:29,39
DA:32,3
DA:36,36
DA:42,1
DA:44,1
DA:45,7820
DA:46,595
DA:47,595
DA:48,595
DA:49,595
DA:54,1
DA:55,8415
DA:56,347
DA:57,347
DA:58,347
DA:59,274
DA:64,1
DA:65,8689
DA:66,347
DA:67,347
DA:68,347
DA:69,339
DA:74,1
DA:75,9028
DA:76,451
DA:77,451
DA:78,451
DA:79,431
DA:87,1
DA:93,1
DA:94,2
DA:95,2
DA:96,0
DA:97,0
DA:98,0
DA:101,0
DA:102,0
DA:106,2
DA:109,1
DA:110,4
DA:112,4
DA:119,1
DA:120,16
DA:121,16
DA:122,0
DA:124,16
LF:58
LH:52
BRDA:12,0,0,3
BRDA:14,1,0,9138
BRDA:14,1,1,24
BRDA:15,2,0,894
BRDA:15,2,1,8268
BRDA:15,3,0,9162
BRDA:15,3,1,898
BRDA:15,3,2,898
BRDA:29,4,0,3
BRDA:29,4,1,36
BRDA:42,5,0,1
BRDA:42,5,1,0
BRDA:45,6,0,595
BRDA:45,6,1,7225
BRDA:48,7,0,595
BRDA:48,7,1,0
BRDA:55,8,0,347
BRDA:55,8,1,8068
BRDA:58,9,0,274
BRDA:58,9,1,73
BRDA:65,10,0,347
BRDA:65,10,1,8342
BRDA:68,11,0,339
BRDA:68,11,1,8
BRDA:75,12,0,451
BRDA:75,12,1,8577
BRDA:78,13,0,431
BRDA:78,13,1,20
BRDA:94,14,0,2
BRDA:94,14,1,0
BRDA:95,15,0,0
BRDA:95,15,1,2
BRDA:96,16,0,0
BRDA:96,16,1,0
BRDA:121,17,0,0
BRDA:121,17,1,16
BRF:36
BRH:29
end_of_record
TN:
SF:frontend/src/lib/i18n/locales/ru/auth.ts
FN:2,(anonymous_0)
FNF:1
FNH:1
FNDA:1,(anonymous_0)
DA:2,2
LF:1
LH:1
BRF:0
BRH:0
end_of_record
TN:
SF:frontend/src/lib/i18n/locales/ru/business.ts
FNF:0
FNH:0
DA:2,1
DA:4,1
DA:12,1
DA:14,1
LF:4
LH:4
BRF:0
BRH:0
end_of_record
TN:
SF:frontend/src/lib/i18n/locales/ru/common.ts
FNF:0
FNH:0
DA:5,1
DA:518,1
DA:519,1
LF:3
LH:3
BRF:0
BRH:0
end_of_record
TN:
SF:frontend/src/lib/i18n/locales/ru/components.ts
FNF:0
FNH:0
DA:4,1
LF:1
LH:1
BRF:0
BRH:0
end_of_record
TN:
SF:frontend/src/lib/i18n/locales/ru/errors.ts
FNF:0
FNH:0
DA:1,1
LF:1
LH:1
BRF:0
BRH:0
end_of_record
TN:
SF:frontend/src/lib/i18n/locales/ru/general.ts
FNF:0
FNH:0
DA:5,1
LF:1
LH:1
BRF:0
BRH:0
end_of_record
TN:
SF:frontend/src/lib/i18n/locales/ru/index.ts
FN:17,(anonymous_5)
FN:18,(anonymous_6)
FN:19,(anonymous_7)
FN:20,(anonymous_8)
FN:21,(anonymous_9)
FN:22,(anonymous_10)
FN:23,(anonymous_11)
FN:24,(anonymous_12)
FN:25,(anonymous_13)
FN:26,(anonymous_14)
FN:27,(anonymous_15)
FN:28,(anonymous_16)
FN:29,(anonymous_17)
FN:32,(anonymous_18)
FN:32,(anonymous_19)
FN:32,(anonymous_20)
FN:32,(anonymous_21)
FN:32,(anonymous_22)
FN:39,(anonymous_23)
FN:42,(anonymous_24)
FNF:20
FNH:20
FNDA:1,(anonymous_5)
FNDA:1,(anonymous_6)
FNDA:1,(anonymous_7)
FNDA:1,(anonymous_8)
FNDA:1,(anonymous_9)
FNDA:1,(anonymous_10)
FNDA:1,(anonymous_11)
FNDA:1,(anonymous_12)
FNDA:1,(anonymous_13)
FNDA:1,(anonymous_14)
FNDA:1,(anonymous_15)
FNDA:1,(anonymous_16)
FNDA:1,(anonymous_17)
FNDA:1,(anonymous_18)
FNDA:1,(anonymous_19)
FNDA:1,(anonymous_20)
FNDA:1,(anonymous_21)
FNDA:1,(anonymous_22)
FNDA:1,(anonymous_23)
FNDA:1,(anonymous_24)
DA:1,1
DA:2,1
DA:3,1
DA:4,1
DA:5,1
DA:6,1
DA:7,1
DA:8,1
DA:9,1
DA:10,1
DA:11,1
DA:12,1
DA:13,1
DA:14,1
DA:15,1
DA:16,1
DA:17,2
DA:18,2
DA:19,2
DA:20,2
DA:21,2
DA:22,2
DA:23,2
DA:24,2
DA:25,2
DA:26,2
DA:27,2
DA:28,2
DA:29,2
DA:32,2
DA:35,1
DA:36,1
DA:39,2
DA:42,2
LF:34
LH:34
BRF:0
BRH:0
end_of_record
TN:
SF:frontend/src/lib/i18n/locales/ru/layout.ts
FNF:0
FNH:0
DA:5,1
LF:1
LH:1
BRF:0
BRH:0
end_of_record
TN:
SF:frontend/src/lib/i18n/locales/ru/legal.ts
FN:1,(anonymous_0)
FNF:1
FNH:1
FNDA:1,(anonymous_0)
DA:1,2
LF:1
LH:1
BRF:0
BRH:0
end_of_record
TN:
SF:frontend/src/lib/i18n/locales/ru/lost.ts
FNF:0
FNH:0
DA:2,1
LF:1
LH:1
BRF:0
BRH:0
end_of_record
TN:
SF:frontend/src/lib/i18n/locales/ru/modules.ts
FNF:0
FNH:0
DA:1,1
DA:2,1
DA:3,1
DA:4,1
DA:5,1
DA:6,1
DA:7,1
DA:8,1
DA:10,1
DA:12,1
LF:10
LH:10
BRF:0
BRH:0
end_of_record
TN:
SF:frontend/src/lib/i18n/locales/ru/notifications.ts
FNF:0
FNH:0
DA:5,1
LF:1
LH:1
BRF:0
BRH:0
end_of_record
TN:
SF:frontend/src/lib/i18n/locales/ru/office.ts
FNF:0
FNH:0
DA:1,1
DA:2,1
DA:4,1
LF:3
LH:3
BRF:0
BRH:0
end_of_record
TN:
SF:frontend/src/lib/i18n/locales/ru/placeholders.ts
FNF:0
FNH:0
DA:5,1
LF:1
LH:1
BRF:0
BRH:0
end_of_record
TN:
SF:frontend/src/lib/i18n/locales/ru/profile.ts
FNF:0
FNH:0
DA:5,1
LF:1
LH:1
BRF:0
BRH:0
end_of_record
TN:
SF:frontend/src/lib/i18n/locales/ru/references.ts
FNF:0
FNH:0
DA:5,1
LF:1
LH:1
BRF:0
BRH:0
end_of_record
TN:
SF:frontend/src/lib/i18n/locales/ru/settings.ts
FN:1,(anonymous_0)
FNF:1
FNH:1
FNDA:1,(anonymous_0)
DA:1,2
LF:1
LH:1
BRF:0
BRH:0
end_of_record
TN:
SF:frontend/src/modules/auth/i18n/ru/auth.ts
FNF:0
FNH:0
DA:5,1
LF:1
LH:1
BRF:0
BRH:0
end_of_record
TN:
SF:frontend/src/modules/calendar/i18n/ru/calendar.ts
FNF:0
FNH:0
DA:1,1
DA:165,1
DA:166,1
LF:3
LH:3
BRF:0
BRH:0
end_of_record
TN:
SF:frontend/src/modules/contractors/hooks/useContractorForm.ts
FN:26,(anonymous_0)
FN:42,useContractorForm
FN:65,(anonymous_2)
FN:122,(anonymous_3)
FN:123,(anonymous_4)
FN:144,(anonymous_5)
FN:152,(anonymous_6)
FN:175,(anonymous_7)
FN:197,(anonymous_8)
FNF:9
FNH:9
FNDA:1,(anonymous_0)
FNDA:16,useContractorForm
FNDA:4,(anonymous_2)
FNDA:6,(anonymous_3)
FNDA:6,(anonymous_4)
FNDA:1,(anonymous_5)
FNDA:2,(anonymous_6)
FNDA:2,(anonymous_7)
FNDA:13,(anonymous_8)
DA:1,1
DA:3,1
DA:4,1
DA:5,1
DA:26,1
DA:27,1
DA:42,1
DA:49,16
DA:50,16
DA:52,16
DA:62,16
DA:63,16
DA:65,16
DA:66,4
DA:70,0
DA:72,0
DA:73,0
DA:81,0
DA:85,4
DA:86,4
DA:88,4
DA:89,4
DA:90,4
DA:91,0
DA:92,0
DA:93,0
DA:94,0
DA:95,0
DA:96,0
DA:97,0
DA:99,0
DA:103,4
DA:116,4
DA:119,4
DA:122,16
DA:123,6
DA:124,6
DA:127,6
DA:128,2
DA:129,2
DA:130,1
DA:131,0
DA:132,0
DA:135,6
DA:136,0
DA:139,6
DA:143,6
DA:144,1
DA:145,1
DA:146,1
DA:147,1
DA:152,16
DA:153,2
DA:155,2
DA:156,0
DA:159,2
DA:160,1
DA:163,2
DA:164,0
DA:167,2
DA:168,0
DA:171,2
DA:172,2
DA:175,16
DA:176,2
DA:177,1
DA:180,1
DA:190,1
DA:191,1
DA:194,1
DA:197,16
DA:198,13
DA:201,16
LF:73
LH:55
BRDA:27,0,0,1
BRDA:27,0,1,0
BRDA:27,0,2,0
BRDA:27,0,3,0
BRDA:53,1,0,16
BRDA:53,1,1,16
BRDA:54,2,0,16
BRDA:54,2,1,16
BRDA:55,3,0,16
BRDA:55,3,1,16
BRDA:66,4,0,0
BRDA:66,4,1,4
BRDA:72,5,0,0
BRDA:72,5,1,0
BRDA:75,6,0,0
BRDA:75,6,1,0
BRDA:75,6,2,0
BRDA:76,7,0,0
BRDA:76,7,1,0
BRDA:77,8,0,0
BRDA:77,8,1,0
BRDA:78,9,0,0
BRDA:78,9,1,0
BRDA:85,10,0,4
BRDA:85,10,1,0
BRDA:86,11,0,4
BRDA:86,11,1,0
BRDA:86,12,0,4
BRDA:86,12,1,4
BRDA:90,13,0,0
BRDA:90,13,1,4
BRDA:92,14,0,0
BRDA:92,14,1,0
BRDA:94,15,0,0
BRDA:94,15,1,0
BRDA:96,16,0,0
BRDA:96,16,1,0
BRDA:104,17,0,4
BRDA:104,17,1,4
BRDA:105,18,0,4
BRDA:105,18,1,4
BRDA:106,19,0,4
BRDA:106,19,1,4
BRDA:107,20,0,4
BRDA:107,20,1,4
BRDA:110,21,0,4
BRDA:110,21,1,4
BRDA:127,22,0,2
BRDA:127,22,1,4
BRDA:129,23,0,1
BRDA:129,23,1,1
BRDA:130,24,0,1
BRDA:130,24,1,0
BRDA:130,25,0,1
BRDA:130,25,1,0
BRDA:131,26,0,0
BRDA:131,26,1,0
BRDA:135,27,0,0
BRDA:135,27,1,6
BRDA:143,28,0,1
BRDA:143,28,1,5
BRDA:155,29,0,0
BRDA:155,29,1,2
BRDA:155,30,0,2
BRDA:155,30,1,2
BRDA:159,31,0,1
BRDA:159,31,1,1
BRDA:159,32,0,2
BRDA:159,32,1,1
BRDA:163,33,0,0
BRDA:163,33,1,2
BRDA:163,34,0,2
BRDA:163,34,1,0
BRDA:167,35,0,0
BRDA:167,35,1,2
BRDA:167,36,0,2
BRDA:167,36,1,0
BRDA:176,37,0,1
BRDA:176,37,1,1
BRDA:182,38,0,1
BRDA:182,38,1,1
BRDA:183,39,0,1
BRDA:183,39,1,0
BRDA:184,40,0,1
BRDA:184,40,1,0
BRDA:185,41,0,1
BRDA:185,41,1,0
BRDA:186,42,0,1
BRDA:186,42,1,1
BRDA:187,43,0,1
BRDA:187,43,1,1
BRDA:190,44,0,1
BRDA:190,44,1,0
BRDA:198,45,0,13
BRDA:198,45,1,5
BRDA:198,45,2,5
BRF:96
BRH:58
end_of_record
TN:
SF:frontend/src/modules/contractors/i18n/ru/contractors.ts
FNF:0
FNH:0
DA:4,1
DA:118,1
DA:323,1
DA:347,1
DA:389,1
LF:5
LH:5
BRF:0
BRH:0
end_of_record
TN:
SF:frontend/src/modules/contractors/utils/contractor-utils.ts
FN:10,(anonymous_0)
FN:30,(anonymous_1)
FN:44,(anonymous_2)
FN:55,(anonymous_3)
FN:66,(anonymous_4)
FN:77,(anonymous_5)
FN:98,(anonymous_6)
FN:108,(anonymous_7)
FN:109,(anonymous_8)
FNF:9
FNH:3
FNDA:0,(anonymous_0)
FNDA:0,(anonymous_1)
FNDA:0,(anonymous_2)
FNDA:0,(anonymous_3)
FNDA:0,(anonymous_4)
FNDA:0,(anonymous_5)
FNDA:6,(anonymous_6)
FNDA:20,(anonymous_7)
FNDA:18,(anonymous_8)
DA:1,1
DA:10,1
DA:11,0
DA:14,0
DA:15,0
DA:18,0
DA:19,0
DA:21,0
DA:30,1
DA:31,0
DA:32,0
DA:44,1
DA:45,0
DA:46,0
DA:55,1
DA:56,0
DA:57,0
DA:66,1
DA:67,0
DA:68,0
DA:77,1
DA:78,0
DA:80,0
DA:82,0
DA:84,0
DA:87,0
DA:98,1
DA:102,6
DA:104,5
DA:106,5
DA:107,10
DA:108,20
DA:109,18
DA:110,4
DA:115,1
LF:35
LH:16
BRDA:11,0,0,0
BRDA:11,0,1,0
BRDA:15,1,0,0
BRDA:15,1,1,0
BRDA:19,2,0,0
BRDA:19,2,1,0
BRDA:31,3,0,0
BRDA:31,3,1,0
BRDA:32,4,0,0
BRDA:32,4,1,0
BRDA:32,4,2,0
BRDA:32,4,3,0
BRDA:45,5,0,0
BRDA:45,5,1,0
BRDA:46,6,0,0
BRDA:46,6,1,0
BRDA:56,7,0,0
BRDA:56,7,1,0
BRDA:57,8,0,0
BRDA:57,8,1,0
BRDA:67,9,0,0
BRDA:67,9,1,0
BRDA:78,10,0,0
BRDA:78,10,1,0
BRDA:78,10,2,0
BRDA:78,10,3,0
BRDA:78,10,4,0
BRDA:102,11,0,1
BRDA:102,11,1,5
BRDA:102,12,0,6
BRDA:102,12,1,5
BRDA:102,12,2,5
BRDA:107,13,0,10
BRDA:107,13,1,0
BRDA:109,14,0,4
BRDA:109,14,1,6
BRF:36
BRH:8
end_of_record
TN:
SF:frontend/src/modules/contractors/utils/quickActionRouting.ts
FN:22,getContractorQuickSheetKind
FNF:1
FNH:1
FNDA:12,getContractorQuickSheetKind
DA:4,1
DA:22,1
DA:23,12
LF:3
LH:3
BRDA:23,0,0,12
BRDA:23,0,1,2
BRF:2
BRH:2
end_of_record
TN:
SF:frontend/src/modules/contracts/i18n/ru/approvals.ts
FNF:0
FNH:0
DA:4,1
LF:1
LH:1
BRF:0
BRH:0
end_of_record
TN:
SF:frontend/src/modules/contracts/i18n/ru/cases.ts
FNF:0
FNH:0
DA:4,1
LF:1
LH:1
BRF:0
BRH:0
end_of_record
TN:
SF:frontend/src/modules/contracts/i18n/ru/contracts.ts
FNF:0
FNH:0
DA:4,1
DA:193,1
DA:236,1
LF:3
LH:3
BRF:0
BRH:0
end_of_record
TN:
SF:frontend/src/modules/contracts/i18n/ru/files.ts
FNF:0
FNH:0
DA:4,1
LF:1
LH:1
BRF:0
BRH:0
end_of_record
TN:
SF:frontend/src/modules/contracts/i18n/ru/index.ts
FN:29,(anonymous_0)
FN:30,(anonymous_1)
FN:31,(anonymous_2)
FN:32,(anonymous_3)
FN:33,(anonymous_4)
FN:34,(anonymous_5)
FN:35,(anonymous_6)
FN:36,(anonymous_7)
FN:37,(anonymous_8)
FNF:9
FNH:0
FNDA:0,(anonymous_0)
FNDA:0,(anonymous_1)
FNDA:0,(anonymous_2)
FNDA:0,(anonymous_3)
FNDA:0,(anonymous_4)
FNDA:0,(anonymous_5)
FNDA:0,(anonymous_6)
FNDA:0,(anonymous_7)
FNDA:0,(anonymous_8)
DA:5,1
DA:6,1
DA:7,1
DA:8,1
DA:9,1
DA:10,1
DA:12,1
DA:29,1
DA:30,1
DA:31,1
DA:32,1
DA:33,1
DA:34,1
DA:35,1
DA:36,1
DA:37,1
LF:16
LH:16
BRF:0
BRH:0
end_of_record
TN:
SF:frontend/src/modules/contracts/i18n/ru/templates.ts
FNF:0
FNH:0
DA:4,1
DA:35,1
LF:2
LH:2
BRF:0
BRH:0
end_of_record
TN:
SF:frontend/src/modules/contracts/i18n/ru/versions.ts
FNF:0
FNH:0
DA:4,1
LF:1
LH:1
BRF:0
BRH:0
end_of_record
TN:
SF:frontend/src/modules/dashboard/i18n/ru/dashboard.ts
FNF:0
FNH:0
DA:1,1
DA:127,1
DA:128,1
LF:3
LH:3
BRF:0
BRH:0
end_of_record
TN:
SF:frontend/src/modules/dashboard/i18n/ru/index.ts
FN:1,(anonymous_0)
FNF:1
FNH:1
FNDA:1,(anonymous_0)
DA:1,2
LF:1
LH:1
BRF:0
BRH:0
end_of_record
TN:
SF:frontend/src/modules/documents/i18n/ru/documents.ts
FNF:0
FNH:0
DA:4,1
DA:100,1
DA:101,1
LF:3
LH:3
BRF:0
BRH:0
end_of_record
TN:
SF:frontend/src/modules/finance/i18n/ru/finance.ts
FNF:0
FNH:0
DA:1,1
LF:1
LH:1
BRF:0
BRH:0
end_of_record
TN:
SF:frontend/src/modules/finance/i18n/ru/index.ts
FN:1,(anonymous_0)
FNF:1
FNH:1
FNDA:1,(anonymous_0)
DA:1,2
LF:1
LH:1
BRF:0
BRH:0
end_of_record
TN:
SF:frontend/src/modules/lawyers/i18n/ru/lawyers.ts
FNF:0
FNH:0
DA:1,1
DA:321,1
DA:322,1
DA:323,1
LF:4
LH:4
BRF:0
BRH:0
end_of_record
TN:
SF:frontend/src/modules/mail/i18n/ru/index.ts
FN:1,(anonymous_0)
FNF:1
FNH:1
FNDA:1,(anonymous_0)
DA:1,2
LF:1
LH:1
BRF:0
BRH:0
end_of_record
TN:
SF:frontend/src/modules/mail/i18n/ru/mail.ts
FNF:0
FNH:0
DA:1,1
DA:393,1
DA:394,1
LF:3
LH:3
BRF:0
BRH:0
end_of_record
TN:
SF:frontend/src/modules/marketing/i18n/ru/marketing.ts
FNF:0
FNH:0
DA:1,1
LF:1
LH:1
BRF:0
BRH:0
end_of_record
TN:
SF:frontend/src/modules/products/i18n/ru/index.ts
FNF:0
FNH:0
DA:1,1
LF:1
LH:1
BRF:0
BRH:0
end_of_record
TN:
SF:frontend/src/modules/projects/hooks/useProjectFilters.ts
FN:23,useProjectFilters
FN:32,(anonymous_1)
FN:36,(anonymous_2)
FN:37,(anonymous_3)
FN:48,(anonymous_4)
FN:57,(anonymous_5)
FN:71,(anonymous_6)
FNF:7
FNH:7
FNDA:14,useProjectFilters
FNDA:8,(anonymous_1)
FNDA:23,(anonymous_2)
FNDA:23,(anonymous_3)
FNDA:14,(anonymous_4)
FNDA:18,(anonymous_5)
FNDA:1,(anonymous_6)
DA:2,1
DA:23,1
DA:27,14
DA:28,14
DA:29,14
DA:30,14
DA:32,14
DA:33,8
DA:34,8
DA:36,23
DA:37,8
DA:38,23
DA:39,23
DA:40,1
DA:42,22
DA:45,8
DA:48,14
DA:50,14
DA:56,14
DA:57,6
DA:58,18
DA:59,18
DA:68,8
DA:71,14
DA:72,1
DA:73,1
DA:74,1
DA:75,1
DA:78,14
LF:29
LH:29
BRDA:39,0,0,1
BRDA:39,0,1,22
BRDA:39,1,0,23
BRDA:39,1,1,1
BRDA:50,2,0,14
BRDA:50,2,1,13
BRDA:50,2,2,10
BRDA:50,2,3,9
BRDA:50,2,4,8
BRDA:56,3,0,6
BRDA:56,3,1,8
BRDA:60,4,0,18
BRDA:60,4,1,16
BRDA:60,4,2,9
BRDA:60,4,3,13
BRDA:60,4,4,5
BRDA:60,4,5,10
BRDA:60,4,6,6
BRDA:60,4,7,9
BRDA:60,4,8,0
BRF:20
BRH:19
end_of_record
TN:
SF:frontend/src/modules/projects/i18n/ru/index.ts
FN:1,(anonymous_0)
FNF:1
FNH:1
FNDA:1,(anonymous_0)
DA:1,2
LF:1
LH:1
BRF:0
BRH:0
end_of_record
TN:
SF:frontend/src/modules/projects/i18n/ru/projects.ts
FNF:0
FNH:0
DA:4,1
LF:1
LH:1
BRF:0
BRH:0
end_of_record
TN:
SF:frontend/src/modules/quotes/i18n/ru/index.ts
FNF:0
FNH:0
DA:1,1
LF:1
LH:1
BRF:0
BRH:0
end_of_record
TN:
SF:frontend/src/modules/reports/i18n/ru/index.ts
FNF:0
FNH:0
DA:1,1
LF:1
LH:1
BRF:0
BRH:0
end_of_record
TN:
SF:frontend/src/modules/sales/i18n/ru/index.ts
FNF:0
FNH:0
DA:4,1
LF:1
LH:1
BRF:0
BRH:0
end_of_record
TN:
SF:frontend/src/modules/services/i18n/ru/index.ts
FNF:0
FNH:0
DA:5,1
LF:1
LH:1
BRF:0
BRH:0
end_of_record
TN:
SF:frontend/src/modules/settings/api/endpoints.ts
FN:3,(anonymous_0)
FN:5,(anonymous_1)
FN:7,(anonymous_2)
FN:9,(anonymous_3)
FN:11,(anonymous_4)
FN:17,(anonymous_5)
FN:18,(anonymous_6)
FNF:7
FNH:1
FNDA:0,(anonymous_0)
FNDA:0,(anonymous_1)
FNDA:0,(anonymous_2)
FNDA:0,(anonymous_3)
FNDA:0,(anonymous_4)
FNDA:4,(anonymous_5)
FNDA:0,(anonymous_6)
DA:1,1
DA:3,0
DA:5,0
DA:7,0
DA:9,0
DA:11,0
DA:17,4
DA:18,0
LF:8
LH:2
BRF:0
BRH:0
end_of_record
TN:
SF:frontend/src/modules/settings/api/index.ts
FN:1,(anonymous_0)
FN:2,(anonymous_1)
FN:3,(anonymous_2)
FNF:3
FNH:1
FNDA:0,(anonymous_0)
FNDA:4,(anonymous_1)
FNDA:0,(anonymous_2)
DA:1,1
DA:2,5
DA:3,1
LF:3
LH:3
BRF:0
BRH:0
end_of_record
TN:
SF:frontend/src/modules/settings/api/settings.api.ts
FN:7,(anonymous_0)
FN:10,(anonymous_1)
FN:11,(anonymous_2)
FN:12,(anonymous_3)
FN:13,(anonymous_4)
FN:16,(anonymous_5)
FN:17,(anonymous_6)
FN:18,(anonymous_7)
FN:19,(anonymous_8)
FN:22,(anonymous_9)
FN:23,(anonymous_10)
FN:24,(anonymous_11)
FN:25,(anonymous_12)
FN:28,(anonymous_13)
FN:29,(anonymous_14)
FN:30,(anonymous_15)
FN:31,(anonymous_16)
FN:34,(anonymous_17)
FN:35,(anonymous_18)
FN:36,(anonymous_19)
FN:37,(anonymous_20)
FN:40,(anonymous_21)
FN:41,(anonymous_22)
FN:44,(anonymous_23)
FN:45,(anonymous_24)
FN:46,(anonymous_25)
FN:48,(anonymous_26)
FN:50,(anonymous_27)
FNF:28
FNH:1
FNDA:0,(anonymous_0)
FNDA:0,(anonymous_1)
FNDA:0,(anonymous_2)
FNDA:0,(anonymous_3)
FNDA:0,(anonymous_4)
FNDA:0,(anonymous_5)
FNDA:0,(anonymous_6)
FNDA:0,(anonymous_7)
FNDA:0,(anonymous_8)
FNDA:0,(anonymous_9)
FNDA:0,(anonymous_10)
FNDA:0,(anonymous_11)
FNDA:0,(anonymous_12)
FNDA:0,(anonymous_13)
FNDA:0,(anonymous_14)
FNDA:0,(anonymous_15)
FNDA:0,(anonymous_16)
FNDA:0,(anonymous_17)
FNDA:0,(anonymous_18)
FNDA:0,(anonymous_19)
FNDA:0,(anonymous_20)
FNDA:0,(anonymous_21)
FNDA:0,(anonymous_22)
FNDA:0,(anonymous_23)
FNDA:4,(anonymous_24)
FNDA:0,(anonymous_25)
FNDA:0,(anonymous_26)
FNDA:0,(anonymous_27)
DA:1,1
DA:2,1
DA:6,1
DA:7,0
DA:10,0
DA:11,0
DA:12,0
DA:13,0
DA:16,0
DA:17,0
DA:18,0
DA:19,0
DA:22,0
DA:23,0
DA:24,0
DA:25,0
DA:28,0
DA:29,0
DA:30,0
DA:31,0
DA:34,0
DA:35,0
DA:36,0
DA:37,0
DA:40,0
DA:41,0
DA:44,0
DA:45,4
DA:47,0
DA:49,0
DA:51,0
LF:31
LH:4
BRF:0
BRH:0
end_of_record
TN:
SF:frontend/src/modules/settings/api/settingsService.ts
FN:26,(anonymous_0)
FN:41,(anonymous_1)
FN:46,(anonymous_2)
FN:50,(anonymous_3)
FN:54,(anonymous_4)
FN:59,(anonymous_5)
FN:64,(anonymous_6)
FN:68,(anonymous_7)
FN:72,(anonymous_8)
FN:77,(anonymous_9)
FN:82,(anonymous_10)
FN:86,(anonymous_11)
FN:90,(anonymous_12)
FN:95,(anonymous_13)
FN:100,(anonymous_14)
FN:104,(anonymous_15)
FN:108,(anonymous_16)
FN:113,(anonymous_17)
FN:118,(anonymous_18)
FN:122,(anonymous_19)
FN:126,(anonymous_20)
FN:131,(anonymous_21)
FN:141,(anonymous_22)
FN:146,(anonymous_23)
FN:150,(anonymous_24)
FN:154,(anonymous_25)
FN:158,(anonymous_26)
FN:163,(anonymous_27)
FNF:28
FNH:0
FNDA:0,(anonymous_0)
FNDA:0,(anonymous_1)
FNDA:0,(anonymous_2)
FNDA:0,(anonymous_3)
FNDA:0,(anonymous_4)
FNDA:0,(anonymous_5)
FNDA:0,(anonymous_6)
FNDA:0,(anonymous_7)
FNDA:0,(anonymous_8)
FNDA:0,(anonymous_9)
FNDA:0,(anonymous_10)
FNDA:0,(anonymous_11)
FNDA:0,(anonymous_12)
FNDA:0,(anonymous_13)
FNDA:0,(anonymous_14)
FNDA:0,(anonymous_15)
FNDA:0,(anonymous_16)
FNDA:0,(anonymous_17)
FNDA:0,(anonymous_18)
FNDA:0,(anonymous_19)
FNDA:0,(anonymous_20)
FNDA:0,(anonymous_21)
FNDA:0,(anonymous_22)
FNDA:0,(anonymous_23)
FNDA:0,(anonymous_24)
FNDA:0,(anonymous_25)
FNDA:0,(anonymous_26)
FNDA:0,(anonymous_27)
DA:1,1
DA:12,1
DA:25,1
DA:27,0
DA:28,0
DA:42,0
DA:43,0
DA:47,0
DA:51,0
DA:55,0
DA:60,0
DA:61,0
DA:65,0
DA:69,0
DA:73,0
DA:78,0
DA:79,0
DA:83,0
DA:87,0
DA:91,0
DA:96,0
DA:97,0
DA:101,0
DA:105,0
DA:109,0
DA:114,0
DA:115,0
DA:119,0
DA:123,0
DA:127,0
DA:132,0
DA:133,0
DA:142,0
DA:147,0
DA:151,0
DA:155,0
DA:159,0
DA:164,0
DA:168,1
LF:39
LH:4
BRDA:29,0,0,0
BRDA:29,0,1,0
BRDA:30,1,0,0
BRDA:30,1,1,0
BRDA:31,2,0,0
BRDA:31,2,1,0
BRDA:32,3,0,0
BRDA:32,3,1,0
BRDA:33,4,0,0
BRDA:33,4,1,0
BRDA:34,5,0,0
BRDA:34,5,1,0
BRDA:35,6,0,0
BRDA:35,6,1,0
BRDA:36,7,0,0
BRDA:36,7,1,0
BRDA:43,8,0,0
BRDA:43,8,1,0
BRDA:61,9,0,0
BRDA:61,9,1,0
BRDA:79,10,0,0
BRDA:79,10,1,0
BRDA:97,11,0,0
BRDA:97,11,1,0
BRDA:115,12,0,0
BRDA:115,12,1,0
BRDA:133,13,0,0
BRDA:133,13,1,0
BRDA:147,14,0,0
BRDA:147,14,1,0
BRDA:164,15,0,0
BRDA:164,15,1,0
BRF:32
BRH:0
end_of_record
TN:
SF:frontend/src/modules/settings/components/ProjectStageEditor.tsx
FN:21,ProjectStageEditor
FN:36,(anonymous_1)
FN:39,(anonymous_2)
FN:41,(anonymous_3)
FN:45,(anonymous_4)
FN:46,(anonymous_5)
FN:49,(anonymous_6)
FN:50,(anonymous_7)
FN:54,(anonymous_8)
FN:59,(anonymous_9)
FN:63,(anonymous_10)
FN:72,(anonymous_11)
FN:77,(anonymous_12)
FN:81,(anonymous_13)
FN:85,(anonymous_14)
FN:92,(anonymous_15)
FN:95,(anonymous_16)
FN:95,(anonymous_17)
FN:99,(anonymous_18)
FN:102,(anonymous_19)
FN:102,(anonymous_20)
FN:105,(anonymous_21)
FN:114,(anonymous_22)
FN:116,(anonymous_23)
FN:117,(anonymous_24)
FN:133,(anonymous_25)
FN:134,(anonymous_26)
FN:134,(anonymous_27)
FN:138,(anonymous_28)
FN:139,(anonymous_29)
FN:140,(anonymous_30)
FN:164,(anonymous_31)
FN:165,(anonymous_32)
FNF:33
FNH:13
FNDA:8,ProjectStageEditor
FNDA:3,(anonymous_1)
FNDA:3,(anonymous_2)
FNDA:3,(anonymous_3)
FNDA:3,(anonymous_4)
FNDA:3,(anonymous_5)
FNDA:1,(anonymous_6)
FNDA:2,(anonymous_7)
FNDA:0,(anonymous_8)
FNDA:0,(anonymous_9)
FNDA:0,(anonymous_10)
FNDA:0,(anonymous_11)
FNDA:1,(anonymous_12)
FNDA:1,(anonymous_13)
FNDA:0,(anonymous_14)
FNDA:0,(anonymous_15)
FNDA:0,(anonymous_16)
FNDA:0,(anonymous_17)
FNDA:0,(anonymous_18)
FNDA:0,(anonymous_19)
FNDA:0,(anonymous_20)
FNDA:1,(anonymous_21)
FNDA:1,(anonymous_22)
FNDA:0,(anonymous_23)
FNDA:0,(anonymous_24)
FNDA:4,(anonymous_25)
FNDA:0,(anonymous_26)
FNDA:0,(anonymous_27)
FNDA:0,(anonymous_28)
FNDA:0,(anonymous_29)
FNDA:0,(anonymous_30)
FNDA:0,(anonymous_31)
FNDA:0,(anonymous_32)
DA:1,1
DA:2,1
DA:3,1
DA:4,1
DA:5,1
DA:6,1
DA:7,1
DA:8,1
DA:9,1
DA:10,1
DA:11,1
DA:21,1
DA:22,8
DA:23,8
DA:24,8
DA:25,8
DA:26,8
DA:27,8
DA:28,8
DA:29,8
DA:30,8
DA:31,8
DA:32,8
DA:34,8
DA:36,8
DA:37,3
DA:38,3
DA:40,3
DA:41,3
DA:42,3
DA:45,3
DA:46,3
DA:49,8
DA:50,2
DA:51,1
DA:54,8
DA:55,0
DA:56,0
DA:59,8
DA:60,0
DA:61,0
DA:62,0
DA:63,0
DA:64,0
DA:65,0
DA:66,0
DA:67,0
DA:68,0
DA:72,8
DA:73,0
DA:74,0
DA:77,8
DA:78,1
DA:79,1
DA:80,1
DA:81,1
DA:82,1
DA:85,8
DA:86,0
DA:87,0
DA:88,0
DA:89,0
DA:92,8
DA:93,0
DA:94,0
DA:95,0
DA:96,0
DA:99,8
DA:100,0
DA:101,0
DA:102,0
DA:105,8
DA:106,1
DA:109,8
DA:111,5
DA:114,1
DA:116,0
DA:117,0
DA:134,4
DA:138,0
DA:139,0
DA:140,0
DA:164,0
DA:165,0
LF:84
LH:53
BRDA:40,0,0,0
BRDA:40,0,1,3
BRDA:41,1,0,3
BRDA:41,1,1,0
BRDA:41,2,0,3
BRDA:41,2,1,2
BRDA:41,3,0,3
BRDA:41,3,1,3
BRDA:45,4,0,3
BRDA:45,4,1,3
BRDA:62,5,0,0
BRDA:62,5,1,0
BRDA:62,6,0,0
BRDA:62,6,1,0
BRDA:78,7,0,0
BRDA:78,7,1,1
BRDA:81,8,0,1
BRDA:81,8,1,0
BRDA:81,9,0,1
BRDA:81,9,1,0
BRDA:87,10,0,0
BRDA:87,10,1,0
BRDA:88,11,0,0
BRDA:88,11,1,0
BRDA:89,12,0,0
BRDA:89,12,1,0
BRDA:93,13,0,0
BRDA:93,13,1,0
BRDA:95,14,0,0
BRDA:95,14,1,0
BRDA:95,15,0,0
BRDA:95,15,1,0
BRDA:95,16,0,0
BRDA:95,16,1,0
BRDA:100,17,0,0
BRDA:100,17,1,0
BRDA:109,18,0,3
BRDA:109,18,1,5
BRDA:136,19,0,0
BRDA:136,19,1,4
BRDA:164,20,0,4
BRDA:164,20,1,4
BRF:42
BRH:16
end_of_record
TN:
SF:frontend/src/modules/settings/hooks/useModuleSettings.ts
FN:8,useModuleSettings
FN:15,(anonymous_1)
FN:17,(anonymous_2)
FN:25,useAllModuleSettings
FN:32,(anonymous_4)
FN:38,useSaveModuleSetting
FN:42,(anonymous_6)
FN:51,(anonymous_7)
FN:63,useUpdateModuleSettings
FN:67,(anonymous_9)
FN:74,(anonymous_10)
FN:86,useDeleteModuleSetting
FN:90,(anonymous_12)
FN:97,(anonymous_13)
FNF:14
FNH:3
FNDA:16,useModuleSettings
FNDA:4,(anonymous_1)
FNDA:4,(anonymous_2)
FNDA:0,useAllModuleSettings
FNDA:0,(anonymous_4)
FNDA:0,useSaveModuleSetting
FNDA:0,(anonymous_6)
FNDA:0,(anonymous_7)
FNDA:0,useUpdateModuleSettings
FNDA:0,(anonymous_9)
FNDA:0,(anonymous_10)
FNDA:0,useDeleteModuleSetting
FNDA:0,(anonymous_12)
FNDA:0,(anonymous_13)
DA:5,1
DA:6,1
DA:8,1
DA:13,16
DA:16,4
DA:17,4
DA:22,16
DA:25,1
DA:30,0
DA:32,0
DA:35,0
DA:38,1
DA:39,0
DA:41,0
DA:50,0
DA:52,0
DA:56,0
DA:63,1
DA:64,0
DA:66,0
DA:73,0
DA:75,0
DA:79,0
DA:86,1
DA:87,0
DA:89,0
DA:96,0
DA:98,0
DA:102,0
LF:29
LH:11
BRDA:10,0,0,16
BRDA:16,1,0,0
BRDA:16,1,1,4
BRDA:27,2,0,0
BRF:4
BRH:2
end_of_record
TN:
SF:frontend/src/modules/settings/i18n/ru/settings.ts
FNF:0
FNH:0
DA:4,1
LF:1
LH:1
BRF:0
BRH:0
end_of_record
TN:
SF:frontend/src/modules/tasks/i18n/ru/tasks.ts
FNF:0
FNH:0
DA:4,1
DA:94,1
DA:116,1
DA:122,1
DA:129,1
DA:134,1
DA:138,1
DA:142,1
DA:152,1
LF:9
LH:9
BRF:0
BRH:0
end_of_record
TN:
SF:frontend/src/modules/templates/i18n/ru/index.ts
FN:1,(anonymous_0)
FNF:1
FNH:1
FNDA:1,(anonymous_0)
DA:1,2
LF:1
LH:1
BRF:0
BRH:0
end_of_record
TN:
SF:frontend/src/modules/templates/i18n/ru/templates.ts
FNF:0
FNH:0
DA:1,1
LF:1
LH:1
BRF:0
BRH:0
end_of_record
TN:
SF:frontend/src/modules/warehouse/i18n/ru/index.ts
FNF:0
FNH:0
DA:1,1
LF:1
LH:1
BRF:0
BRH:0
end_of_record
TN:
SF:frontend/src/modules/workflow/i18n/ru/index.ts
FN:1,(anonymous_0)
FNF:1
FNH:1
FNDA:1,(anonymous_0)
DA:1,2
LF:1
LH:1
BRF:0
BRH:0
end_of_record
TN:
SF:frontend/src/modules/workflow/i18n/ru/workflows.ts
FNF:0
FNH:0
DA:4,1
DA:262,1
LF:2
LH:2
BRF:0
BRH:0
end_of_record
